{"uid":"33c6eae11eb28751","name":"verify that get a token with tokenId invalid | fail","fullName":"tests.TokenTests.getATokenFail","historyId":"7d0a790168ce4cfc2cff543674ec2368","time":{"start":1684807475434,"stop":1684807477176,"duration":1742},"status":"failed","statusMessage":"Incorrect error message expected [Token not found] but found [null]","statusTrace":"java.lang.AssertionError: Incorrect error message expected [Token not found] but found [null]\n\tat org.testng.Assert.fail(Assert.java:97)\n\tat org.testng.Assert.failNotEquals(Assert.java:969)\n\tat org.testng.Assert.assertEqualsImpl(Assert.java:131)\n\tat org.testng.Assert.assertEquals(Assert.java:118)\n\tat org.testng.Assert.assertEquals(Assert.java:575)\n\tat microservices.common.steps.BaseSteps.then_verifyErrorResponse(BaseSteps.java:15)\n\tat tests.TokenTests.getATokenFail(TokenTests.java:114)\n\tat sun.reflect.NativeMethodAccessorImpl.invoke0(Native Method)\n\tat sun.reflect.NativeMethodAccessorImpl.invoke(NativeMethodAccessorImpl.java:62)\n\tat sun.reflect.DelegatingMethodAccessorImpl.invoke(DelegatingMethodAccessorImpl.java:43)\n\tat java.lang.reflect.Method.invoke(Method.java:498)\n\tat org.testng.internal.MethodInvocationHelper.invokeMethod(MethodInvocationHelper.java:134)\n\tat org.testng.internal.TestInvoker.invokeMethod(TestInvoker.java:597)\n\tat org.testng.internal.TestInvoker.invokeTestMethod(TestInvoker.java:173)\n\tat org.testng.internal.MethodRunner.runInSequence(MethodRunner.java:46)\n\tat org.testng.internal.TestInvoker$MethodInvocationAgent.invoke(TestInvoker.java:816)\n\tat org.testng.internal.TestInvoker.invokeTestMethods(TestInvoker.java:146)\n\tat org.testng.internal.TestMethodWorker.invokeTestMethods(TestMethodWorker.java:146)\n\tat org.testng.internal.TestMethodWorker.run(TestMethodWorker.java:128)\n\tat java.util.concurrent.ThreadPoolExecutor.runWorker(ThreadPoolExecutor.java:1149)\n\tat java.util.concurrent.ThreadPoolExecutor$Worker.run(ThreadPoolExecutor.java:624)\n\tat java.lang.Thread.run(Thread.java:750)\n","flaky":false,"newFailed":false,"newBroken":false,"newPassed":false,"retriesCount":0,"retriesStatusChange":false,"beforeStages":[{"name":"setUp","time":{"start":1684807475433,"stop":1684807475433,"duration":0},"description":"","status":"passed","steps":[],"attachments":[],"parameters":[],"stepsCount":0,"attachmentsCount":0,"shouldDisplayMessage":false,"hasContent":false}],"testStage":{"status":"failed","statusMessage":"Incorrect error message expected [Token not found] but found [null]","statusTrace":"java.lang.AssertionError: Incorrect error message expected [Token not found] but found [null]\n\tat org.testng.Assert.fail(Assert.java:97)\n\tat org.testng.Assert.failNotEquals(Assert.java:969)\n\tat org.testng.Assert.assertEqualsImpl(Assert.java:131)\n\tat org.testng.Assert.assertEquals(Assert.java:118)\n\tat org.testng.Assert.assertEquals(Assert.java:575)\n\tat microservices.common.steps.BaseSteps.then_verifyErrorResponse(BaseSteps.java:15)\n\tat tests.TokenTests.getATokenFail(TokenTests.java:114)\n\tat sun.reflect.NativeMethodAccessorImpl.invoke0(Native Method)\n\tat sun.reflect.NativeMethodAccessorImpl.invoke(NativeMethodAccessorImpl.java:62)\n\tat sun.reflect.DelegatingMethodAccessorImpl.invoke(DelegatingMethodAccessorImpl.java:43)\n\tat java.lang.reflect.Method.invoke(Method.java:498)\n\tat org.testng.internal.MethodInvocationHelper.invokeMethod(MethodInvocationHelper.java:134)\n\tat org.testng.internal.TestInvoker.invokeMethod(TestInvoker.java:597)\n\tat org.testng.internal.TestInvoker.invokeTestMethod(TestInvoker.java:173)\n\tat org.testng.internal.MethodRunner.runInSequence(MethodRunner.java:46)\n\tat org.testng.internal.TestInvoker$MethodInvocationAgent.invoke(TestInvoker.java:816)\n\tat org.testng.internal.TestInvoker.invokeTestMethods(TestInvoker.java:146)\n\tat org.testng.internal.TestMethodWorker.invokeTestMethods(TestMethodWorker.java:146)\n\tat org.testng.internal.TestMethodWorker.run(TestMethodWorker.java:128)\n\tat java.util.concurrent.ThreadPoolExecutor.runWorker(ThreadPoolExecutor.java:1149)\n\tat java.util.concurrent.ThreadPoolExecutor$Worker.run(ThreadPoolExecutor.java:624)\n\tat java.lang.Thread.run(Thread.java:750)\n","steps":[{"name":"get a token","time":{"start":1684807475434,"stop":1684807477163,"duration":1729},"status":"passed","steps":[],"attachments":[],"parameters":[{"name":"tokenId","value":"@#$%=&"}],"stepsCount":0,"attachmentsCount":0,"shouldDisplayMessage":false,"hasContent":true},{"name":"Verify error response","time":{"start":1684807477163,"stop":1684807477176,"duration":13},"status":"failed","statusMessage":"Incorrect error message expected [Token not found] but found [null]","statusTrace":"java.lang.AssertionError: Incorrect error message expected [Token not found] but found [null]\n\tat org.testng.Assert.fail(Assert.java:97)\n\tat org.testng.Assert.failNotEquals(Assert.java:969)\n\tat org.testng.Assert.assertEqualsImpl(Assert.java:131)\n\tat org.testng.Assert.assertEquals(Assert.java:118)\n\tat org.testng.Assert.assertEquals(Assert.java:575)\n\tat microservices.common.steps.BaseSteps.then_verifyErrorResponse(BaseSteps.java:15)\n\tat tests.TokenTests.getATokenFail(TokenTests.java:114)\n\tat sun.reflect.NativeMethodAccessorImpl.invoke0(Native Method)\n\tat sun.reflect.NativeMethodAccessorImpl.invoke(NativeMethodAccessorImpl.java:62)\n\tat sun.reflect.DelegatingMethodAccessorImpl.invoke(DelegatingMethodAccessorImpl.java:43)\n\tat java.lang.reflect.Method.invoke(Method.java:498)\n\tat org.testng.internal.MethodInvocationHelper.invokeMethod(MethodInvocationHelper.java:134)\n\tat org.testng.internal.TestInvoker.invokeMethod(TestInvoker.java:597)\n\tat org.testng.internal.TestInvoker.invokeTestMethod(TestInvoker.java:173)\n\tat org.testng.internal.MethodRunner.runInSequence(MethodRunner.java:46)\n\tat org.testng.internal.TestInvoker$MethodInvocationAgent.invoke(TestInvoker.java:816)\n\tat org.testng.internal.TestInvoker.invokeTestMethods(TestInvoker.java:146)\n\tat org.testng.internal.TestMethodWorker.invokeTestMethods(TestMethodWorker.java:146)\n\tat org.testng.internal.TestMethodWorker.run(TestMethodWorker.java:128)\n\tat java.util.concurrent.ThreadPoolExecutor.runWorker(ThreadPoolExecutor.java:1149)\n\tat java.util.concurrent.ThreadPoolExecutor$Worker.run(ThreadPoolExecutor.java:624)\n\tat java.lang.Thread.run(Thread.java:750)\n","steps":[],"attachments":[],"parameters":[{"name":"statusCode","value":"400"},{"name":"message","value":"Token not found"},{"name":"errorCode","value":"BC_404-TOKEN_NOT_FOUND"}],"stepsCount":0,"attachmentsCount":0,"shouldDisplayMessage":true,"hasContent":true}],"attachments":[],"parameters":[],"stepsCount":2,"attachmentsCount":0,"shouldDisplayMessage":false,"hasContent":true},"afterStages":[{"name":"tearDown","time":{"start":1684807477177,"stop":1684807477177,"duration":0},"description":"","status":"passed","steps":[],"attachments":[],"parameters":[],"stepsCount":0,"attachmentsCount":0,"shouldDisplayMessage":false,"hasContent":false}],"labels":[{"name":"package","value":"tests.TokenTests"},{"name":"testClass","value":"tests.TokenTests"},{"name":"testMethod","value":"getATokenFail"},{"name":"parentSuite","value":"Setel Regression Suite"},{"name":"suite","value":"Setel Admin test on chrome"},{"name":"subSuite","value":"tests.TokenTests"},{"name":"host","value":"fv-az550-185"},{"name":"thread","value":"2381@fv-az550-185.TestNG-test=Setel Admin test on chrome-3(14)"},{"name":"framework","value":"testng"},{"name":"language","value":"java"},{"name":"resultFormat","value":"allure2"}],"parameters":[{"name":"arg0","value":"@#$%=&"}],"links":[],"hidden":false,"retry":false,"extra":{"severity":"normal","retries":[],"categories":[{"name":"Product defects","matchedStatuses":[],"flaky":false}],"history":{"statistic":{"failed":6,"broken":2,"skipped":0,"passed":9,"unknown":0,"total":17},"items":[{"uid":"aa1414c3e58c6ad3","reportUrl":"https://Sotatek-DavidNguyen4.github.io/cardano-api-tests/97//#testresult/aa1414c3e58c6ad3","status":"failed","statusDetails":"Incorrect error message expected [Token not found] but found [null]","time":{"start":1684780240454,"stop":1684780242473,"duration":2019}},{"uid":"f9b905205fb55af0","reportUrl":"https://Sotatek-DavidNguyen4.github.io/cardano-api-tests/88//#testresult/f9b905205fb55af0","status":"failed","statusDetails":"Incorrect error message expected [Token not found] but found [null]","time":{"start":1684746496559,"stop":1684746498571,"duration":2012}},{"uid":"5e25ab42317edbf2","reportUrl":"https://Sotatek-DavidNguyen4.github.io/cardano-api-tests/84//#testresult/5e25ab42317edbf2","status":"failed","statusDetails":"Incorrect error message expected [Token not found] but found [null]","time":{"start":1684741692888,"stop":1684741694673,"duration":1785}},{"uid":"6204dbf0b26cfdb1","reportUrl":"https://Sotatek-DavidNguyen4.github.io/cardano-api-tests/83//#testresult/6204dbf0b26cfdb1","status":"passed","time":{"start":1684693670163,"stop":1684693672179,"duration":2016}},{"uid":"f9c73ad5eb52edd2","reportUrl":"https://Sotatek-DavidNguyen4.github.io/cardano-api-tests/82//#testresult/f9c73ad5eb52edd2","status":"passed","time":{"start":1684607284541,"stop":1684607286003,"duration":1462}},{"uid":"4008e9615dd6bd3f","reportUrl":"https://Sotatek-DavidNguyen4.github.io/cardano-api-tests/81//#testresult/4008e9615dd6bd3f","status":"passed","time":{"start":1684520966480,"stop":1684520968093,"duration":1613}},{"uid":"99066971847c34a1","reportUrl":"https://Sotatek-DavidNguyen4.github.io/cardano-api-tests/79//#testresult/99066971847c34a1","status":"passed","time":{"start":1684493101599,"stop":1684493103264,"duration":1665}},{"uid":"2f3f830c8164a6c9","reportUrl":"https://Sotatek-DavidNguyen4.github.io/cardano-api-tests/77//#testresult/2f3f830c8164a6c9","status":"passed","time":{"start":1684490330852,"stop":1684490332881,"duration":2029}},{"uid":"a4694907d76797b2","reportUrl":"https://Sotatek-DavidNguyen4.github.io/cardano-api-tests/76//#testresult/a4694907d76797b2","status":"passed","time":{"start":1684489341703,"stop":1684489343350,"duration":1647}},{"uid":"24551ac8af26edc2","reportUrl":"https://Sotatek-DavidNguyen4.github.io/cardano-api-tests/74//#testresult/24551ac8af26edc2","status":"passed","time":{"start":1684484908047,"stop":1684484910099,"duration":2052}},{"uid":"760ae1e3ed1ae693","reportUrl":"https://Sotatek-DavidNguyen4.github.io/cardano-api-tests/73//#testresult/760ae1e3ed1ae693","status":"passed","time":{"start":1684484616647,"stop":1684484618202,"duration":1555}},{"uid":"e38aed33280cd39c","reportUrl":"https://Sotatek-DavidNguyen4.github.io/cardano-api-tests/72//#testresult/e38aed33280cd39c","status":"broken","statusDetails":"Connect to 172.16.1.230:8034 timed out","time":{"start":1684483629531,"stop":1684483689615,"duration":60084}},{"uid":"ef8da2b6dff8a344","reportUrl":"https://Sotatek-DavidNguyen4.github.io/cardano-api-tests/71//#testresult/ef8da2b6dff8a344","status":"broken","statusDetails":"Connect to 172.16.1.230:8034 timed out","time":{"start":1684482875937,"stop":1684482936007,"duration":60070}},{"uid":"39dc04fe3efc47c4","reportUrl":"https://Sotatek-DavidNguyen4.github.io/cardano-api-tests/70//#testresult/39dc04fe3efc47c4","status":"passed","time":{"start":1684482241505,"stop":1684482243534,"duration":2029}},{"uid":"33f109fd551885e8","reportUrl":"https://Sotatek-DavidNguyen4.github.io/cardano-api-tests/69//#testresult/33f109fd551885e8","status":"failed","statusDetails":"Incorrect error message expected [Token not found] but found [null]","time":{"start":1684470024613,"stop":1684470026660,"duration":2047}},{"uid":"90e6ea2da42bb37","reportUrl":"https://Sotatek-DavidNguyen4.github.io/cardano-api-tests/68//#testresult/90e6ea2da42bb37","status":"failed","statusDetails":"Incorrect error message expected [Token not found] but found [null]","time":{"start":1684469982416,"stop":1684469984442,"duration":2026}}]},"tags":[]},"source":"33c6eae11eb28751.json","parameterValues":["@#$%=&"]}