{"uid":"9a3cc49fcd49f5db","name":"Get all blocks successfully with size","fullName":"tests.block.GetAllBlockTests.getAllBlockSuccessfullyWithSize","historyId":"1cfd90d7dc0466e2cfc3cd7138fc0541","time":{"start":1692555591732,"stop":1692555593207,"duration":1475},"status":"failed","statusMessage":"1 expectation failed.\nExpected status code <200> but was <502>.\n","statusTrace":"java.lang.AssertionError: 1 expectation failed.\nExpected status code <200> but was <502>.\n\n\tat sun.reflect.GeneratedConstructorAccessor96.newInstance(Unknown Source)\n\tat sun.reflect.DelegatingConstructorAccessorImpl.newInstance(DelegatingConstructorAccessorImpl.java:45)\n\tat java.lang.reflect.Constructor.newInstance(Constructor.java:423)\n\tat org.codehaus.groovy.reflection.CachedConstructor.invoke(CachedConstructor.java:83)\n\tat org.codehaus.groovy.reflection.CachedConstructor.doConstructorInvoke(CachedConstructor.java:77)\n\tat org.codehaus.groovy.runtime.callsite.ConstructorSite$ConstructorSiteNoUnwrap.callConstructor(ConstructorSite.java:84)\n\tat org.codehaus.groovy.runtime.callsite.AbstractCallSite.callConstructor(AbstractCallSite.java:250)\n\tat io.restassured.internal.ResponseSpecificationImpl$HamcrestAssertionClosure.validate(ResponseSpecificationImpl.groovy:494)\n\tat io.restassured.internal.ResponseSpecificationImpl$HamcrestAssertionClosure$validate$7.call(Unknown Source)\n\tat io.restassured.internal.ResponseSpecificationImpl.validateResponseIfRequired(ResponseSpecificationImpl.groovy:656)\n\tat sun.reflect.GeneratedMethodAccessor213.invoke(Unknown Source)\n\tat sun.reflect.DelegatingMethodAccessorImpl.invoke(DelegatingMethodAccessorImpl.java:43)\n\tat java.lang.reflect.Method.invoke(Method.java:498)\n\tat org.codehaus.groovy.runtime.callsite.PogoMetaMethodSite$PogoCachedMethodSiteNoUnwrapNoCoerce.invoke(PogoMetaMethodSite.java:210)\n\tat org.codehaus.groovy.runtime.callsite.PogoMetaMethodSite.callCurrent(PogoMetaMethodSite.java:59)\n\tat org.codehaus.groovy.runtime.callsite.AbstractCallSite.callCurrent(AbstractCallSite.java:169)\n\tat io.restassured.internal.ResponseSpecificationImpl.statusCode(ResponseSpecificationImpl.groovy:125)\n\tat io.restassured.specification.ResponseSpecification$statusCode$1.callCurrent(Unknown Source)\n\tat io.restassured.internal.ResponseSpecificationImpl.statusCode(ResponseSpecificationImpl.groovy:133)\n\tat io.restassured.internal.ValidatableResponseOptionsImpl.statusCode(ValidatableResponseOptionsImpl.java:119)\n\tat core.BaseApi.validateStatusCode(BaseApi.java:84)\n\tat tests.block.GetAllBlockTests.getAllBlockSuccessfullyWithSize(GetAllBlockTests.java:88)\n\tat sun.reflect.NativeMethodAccessorImpl.invoke0(Native Method)\n\tat sun.reflect.NativeMethodAccessorImpl.invoke(NativeMethodAccessorImpl.java:62)\n\tat sun.reflect.DelegatingMethodAccessorImpl.invoke(DelegatingMethodAccessorImpl.java:43)\n\tat java.lang.reflect.Method.invoke(Method.java:498)\n\tat org.testng.internal.MethodInvocationHelper.invokeMethod(MethodInvocationHelper.java:134)\n\tat org.testng.internal.TestInvoker.invokeMethod(TestInvoker.java:597)\n\tat org.testng.internal.TestInvoker.invokeTestMethod(TestInvoker.java:173)\n\tat org.testng.internal.MethodRunner.runInSequence(MethodRunner.java:46)\n\tat org.testng.internal.TestInvoker$MethodInvocationAgent.invoke(TestInvoker.java:816)\n\tat org.testng.internal.TestInvoker.invokeTestMethods(TestInvoker.java:146)\n\tat org.testng.internal.TestMethodWorker.invokeTestMethods(TestMethodWorker.java:146)\n\tat org.testng.internal.TestMethodWorker.run(TestMethodWorker.java:128)\n\tat java.util.concurrent.ThreadPoolExecutor.runWorker(ThreadPoolExecutor.java:1149)\n\tat java.util.concurrent.ThreadPoolExecutor$Worker.run(ThreadPoolExecutor.java:624)\n\tat java.lang.Thread.run(Thread.java:750)\n","flaky":false,"newFailed":false,"newBroken":false,"newPassed":false,"retriesCount":0,"retriesStatusChange":false,"beforeStages":[{"name":"preconditions","time":{"start":1692555551818,"stop":1692555552715,"duration":897},"description":"","status":"passed","steps":[],"attachments":[],"parameters":[],"stepsCount":0,"attachmentsCount":0,"shouldDisplayMessage":false,"hasContent":false},{"name":"setUp","time":{"start":1692555591727,"stop":1692555591728,"duration":1},"description":"","status":"passed","steps":[],"attachments":[],"parameters":[],"stepsCount":0,"attachmentsCount":0,"shouldDisplayMessage":false,"hasContent":false}],"testStage":{"status":"failed","statusMessage":"1 expectation failed.\nExpected status code <200> but was <502>.\n","statusTrace":"java.lang.AssertionError: 1 expectation failed.\nExpected status code <200> but was <502>.\n\n\tat sun.reflect.GeneratedConstructorAccessor96.newInstance(Unknown Source)\n\tat sun.reflect.DelegatingConstructorAccessorImpl.newInstance(DelegatingConstructorAccessorImpl.java:45)\n\tat java.lang.reflect.Constructor.newInstance(Constructor.java:423)\n\tat org.codehaus.groovy.reflection.CachedConstructor.invoke(CachedConstructor.java:83)\n\tat org.codehaus.groovy.reflection.CachedConstructor.doConstructorInvoke(CachedConstructor.java:77)\n\tat org.codehaus.groovy.runtime.callsite.ConstructorSite$ConstructorSiteNoUnwrap.callConstructor(ConstructorSite.java:84)\n\tat org.codehaus.groovy.runtime.callsite.AbstractCallSite.callConstructor(AbstractCallSite.java:250)\n\tat io.restassured.internal.ResponseSpecificationImpl$HamcrestAssertionClosure.validate(ResponseSpecificationImpl.groovy:494)\n\tat io.restassured.internal.ResponseSpecificationImpl$HamcrestAssertionClosure$validate$7.call(Unknown Source)\n\tat io.restassured.internal.ResponseSpecificationImpl.validateResponseIfRequired(ResponseSpecificationImpl.groovy:656)\n\tat sun.reflect.GeneratedMethodAccessor213.invoke(Unknown Source)\n\tat sun.reflect.DelegatingMethodAccessorImpl.invoke(DelegatingMethodAccessorImpl.java:43)\n\tat java.lang.reflect.Method.invoke(Method.java:498)\n\tat org.codehaus.groovy.runtime.callsite.PogoMetaMethodSite$PogoCachedMethodSiteNoUnwrapNoCoerce.invoke(PogoMetaMethodSite.java:210)\n\tat org.codehaus.groovy.runtime.callsite.PogoMetaMethodSite.callCurrent(PogoMetaMethodSite.java:59)\n\tat org.codehaus.groovy.runtime.callsite.AbstractCallSite.callCurrent(AbstractCallSite.java:169)\n\tat io.restassured.internal.ResponseSpecificationImpl.statusCode(ResponseSpecificationImpl.groovy:125)\n\tat io.restassured.specification.ResponseSpecification$statusCode$1.callCurrent(Unknown Source)\n\tat io.restassured.internal.ResponseSpecificationImpl.statusCode(ResponseSpecificationImpl.groovy:133)\n\tat io.restassured.internal.ValidatableResponseOptionsImpl.statusCode(ValidatableResponseOptionsImpl.java:119)\n\tat core.BaseApi.validateStatusCode(BaseApi.java:84)\n\tat tests.block.GetAllBlockTests.getAllBlockSuccessfullyWithSize(GetAllBlockTests.java:88)\n\tat sun.reflect.NativeMethodAccessorImpl.invoke0(Native Method)\n\tat sun.reflect.NativeMethodAccessorImpl.invoke(NativeMethodAccessorImpl.java:62)\n\tat sun.reflect.DelegatingMethodAccessorImpl.invoke(DelegatingMethodAccessorImpl.java:43)\n\tat java.lang.reflect.Method.invoke(Method.java:498)\n\tat org.testng.internal.MethodInvocationHelper.invokeMethod(MethodInvocationHelper.java:134)\n\tat org.testng.internal.TestInvoker.invokeMethod(TestInvoker.java:597)\n\tat org.testng.internal.TestInvoker.invokeTestMethod(TestInvoker.java:173)\n\tat org.testng.internal.MethodRunner.runInSequence(MethodRunner.java:46)\n\tat org.testng.internal.TestInvoker$MethodInvocationAgent.invoke(TestInvoker.java:816)\n\tat org.testng.internal.TestInvoker.invokeTestMethods(TestInvoker.java:146)\n\tat org.testng.internal.TestMethodWorker.invokeTestMethods(TestMethodWorker.java:146)\n\tat org.testng.internal.TestMethodWorker.run(TestMethodWorker.java:128)\n\tat java.util.concurrent.ThreadPoolExecutor.runWorker(ThreadPoolExecutor.java:1149)\n\tat java.util.concurrent.ThreadPoolExecutor$Worker.run(ThreadPoolExecutor.java:624)\n\tat java.lang.Thread.run(Thread.java:750)\n","steps":[{"name":"get all block","time":{"start":1692555591734,"stop":1692555593206,"duration":1472},"status":"passed","steps":[],"attachments":[],"parameters":[{"name":"param","value":"{size=[@#$%%]}"}],"stepsCount":0,"attachmentsCount":0,"shouldDisplayMessage":false,"hasContent":true}],"attachments":[],"parameters":[],"stepsCount":1,"attachmentsCount":0,"shouldDisplayMessage":true,"hasContent":true},"afterStages":[{"name":"tearDown","time":{"start":1692555593210,"stop":1692555593210,"duration":0},"description":"","status":"passed","steps":[],"attachments":[],"parameters":[],"stepsCount":0,"attachmentsCount":0,"shouldDisplayMessage":false,"hasContent":false},{"name":"postconditions","time":{"start":1692555715080,"stop":1692555715080,"duration":0},"description":"","status":"passed","steps":[],"attachments":[],"parameters":[],"stepsCount":0,"attachmentsCount":0,"shouldDisplayMessage":false,"hasContent":false}],"labels":[{"name":"package","value":"tests.block.GetAllBlockTests"},{"name":"testClass","value":"tests.block.GetAllBlockTests"},{"name":"testMethod","value":"getAllBlockSuccessfullyWithSize"},{"name":"parentSuite","value":"Cardano Regression Suite"},{"name":"suite","value":"Cardano API test "},{"name":"subSuite","value":"tests.block.GetAllBlockTests"},{"name":"host","value":"fv-az1233-226"},{"name":"thread","value":"2297@fv-az1233-226.TestNG-test=Cardano API test -5(16)"},{"name":"framework","value":"testng"},{"name":"language","value":"java"},{"name":"epic","value":"cardano"},{"name":"feature","value":"api-block"},{"name":"resultFormat","value":"allure2"}],"parameters":[{"name":"arg0","value":"@#$%%"},{"name":"env","value":"mainnet"}],"links":[],"hidden":false,"retry":false,"extra":{"severity":"normal","retries":[],"categories":[{"name":"Product defects","matchedStatuses":[],"flaky":false}],"history":{"statistic":{"failed":29,"broken":8,"skipped":0,"passed":23,"unknown":0,"total":60},"items":[{"uid":"965e42fdc5d6a16","reportUrl":"https://Sotatek-DavidNguyen4.github.io/cardano-api-tests/412//#testresult/965e42fdc5d6a16","status":"failed","statusDetails":"1 expectation failed.\nExpected status code <200> but was <502>.\n","time":{"start":1692469195103,"stop":1692469196954,"duration":1851}},{"uid":"de6cdf6e4872470c","reportUrl":"https://Sotatek-DavidNguyen4.github.io/cardano-api-tests/411//#testresult/de6cdf6e4872470c","status":"failed","statusDetails":"1 expectation failed.\nExpected status code <200> but was <502>.\n","time":{"start":1692382880400,"stop":1692382882952,"duration":2552}},{"uid":"a68f1fac6b9c2d7b","reportUrl":"https://Sotatek-DavidNguyen4.github.io/cardano-api-tests/410//#testresult/a68f1fac6b9c2d7b","status":"failed","statusDetails":"1 expectation failed.\nExpected status code <200> but was <502>.\n","time":{"start":1692296526410,"stop":1692296527912,"duration":1502}},{"uid":"cf1d16eea8723107","reportUrl":"https://Sotatek-DavidNguyen4.github.io/cardano-api-tests/409//#testresult/cf1d16eea8723107","status":"failed","statusDetails":"1 expectation failed.\nExpected status code <200> but was <502>.\n","time":{"start":1692210117605,"stop":1692210119493,"duration":1888}},{"uid":"7e5f0f819db021b3","reportUrl":"https://Sotatek-DavidNguyen4.github.io/cardano-api-tests/408//#testresult/7e5f0f819db021b3","status":"failed","statusDetails":"1 expectation failed.\nExpected status code <200> but was <502>.\n","time":{"start":1692123678333,"stop":1692123679994,"duration":1661}},{"uid":"93a8ce5231225c08","reportUrl":"https://Sotatek-DavidNguyen4.github.io/cardano-api-tests/407//#testresult/93a8ce5231225c08","status":"failed","statusDetails":"1 expectation failed.\nExpected status code <200> but was <502>.\n","time":{"start":1692037315512,"stop":1692037317353,"duration":1841}},{"uid":"6de895461a7fc118","reportUrl":"https://Sotatek-DavidNguyen4.github.io/cardano-api-tests/406//#testresult/6de895461a7fc118","status":"failed","statusDetails":"1 expectation failed.\nExpected status code <200> but was <502>.\n","time":{"start":1691950803668,"stop":1691950805630,"duration":1962}},{"uid":"ffd21f4dc8816fe6","reportUrl":"https://Sotatek-DavidNguyen4.github.io/cardano-api-tests/405//#testresult/ffd21f4dc8816fe6","status":"failed","statusDetails":"1 expectation failed.\nExpected status code <200> but was <502>.\n","time":{"start":1691864399294,"stop":1691864401057,"duration":1763}},{"uid":"4bec4b7da19586e4","reportUrl":"https://Sotatek-DavidNguyen4.github.io/cardano-api-tests/404//#testresult/4bec4b7da19586e4","status":"failed","statusDetails":"1 expectation failed.\nExpected status code <200> but was <502>.\n","time":{"start":1691778090622,"stop":1691778092378,"duration":1756}},{"uid":"7d616d0fa12104c1","reportUrl":"https://Sotatek-DavidNguyen4.github.io/cardano-api-tests/403//#testresult/7d616d0fa12104c1","status":"failed","statusDetails":"1 expectation failed.\nExpected status code <200> but was <502>.\n","time":{"start":1691691731684,"stop":1691691733636,"duration":1952}},{"uid":"c3e452a1f922de6f","reportUrl":"https://Sotatek-DavidNguyen4.github.io/cardano-api-tests/402//#testresult/c3e452a1f922de6f","status":"failed","statusDetails":"1 expectation failed.\nExpected status code <200> but was <502>.\n","time":{"start":1691605437057,"stop":1691605438553,"duration":1496}},{"uid":"ca838b094693dd7a","reportUrl":"https://Sotatek-DavidNguyen4.github.io/cardano-api-tests/401//#testresult/ca838b094693dd7a","status":"failed","statusDetails":"1 expectation failed.\nExpected status code <200> but was <502>.\n","time":{"start":1691519034711,"stop":1691519036220,"duration":1509}},{"uid":"daa612bc19f55f3c","reportUrl":"https://Sotatek-DavidNguyen4.github.io/cardano-api-tests/400//#testresult/daa612bc19f55f3c","status":"failed","statusDetails":"1 expectation failed.\nExpected status code <200> but was <502>.\n","time":{"start":1691432505930,"stop":1691432507915,"duration":1985}},{"uid":"d454fb750c37ec0","reportUrl":"https://Sotatek-DavidNguyen4.github.io/cardano-api-tests/399//#testresult/d454fb750c37ec0","status":"failed","statusDetails":"1 expectation failed.\nExpected status code <200> but was <502>.\n","time":{"start":1691346024865,"stop":1691346026629,"duration":1764}},{"uid":"a9491c4feec024d4","reportUrl":"https://Sotatek-DavidNguyen4.github.io/cardano-api-tests/398//#testresult/a9491c4feec024d4","status":"failed","statusDetails":"1 expectation failed.\nExpected status code <200> but was <502>.\n","time":{"start":1691259625755,"stop":1691259627351,"duration":1596}},{"uid":"69b2cd32687ad4dc","reportUrl":"https://Sotatek-DavidNguyen4.github.io/cardano-api-tests/397//#testresult/69b2cd32687ad4dc","status":"failed","statusDetails":"1 expectation failed.\nExpected status code <200> but was <502>.\n","time":{"start":1691173324444,"stop":1691173326289,"duration":1845}},{"uid":"e632abe4330fe4ae","reportUrl":"https://Sotatek-DavidNguyen4.github.io/cardano-api-tests/396//#testresult/e632abe4330fe4ae","status":"failed","statusDetails":"1 expectation failed.\nExpected status code <200> but was <502>.\n","time":{"start":1691086937013,"stop":1691086938956,"duration":1943}},{"uid":"bd8bebec5d6a20dd","reportUrl":"https://Sotatek-DavidNguyen4.github.io/cardano-api-tests/395//#testresult/bd8bebec5d6a20dd","status":"failed","statusDetails":"1 expectation failed.\nExpected status code <200> but was <502>.\n","time":{"start":1691000551999,"stop":1691000553518,"duration":1519}},{"uid":"5e68964cb4f21357","reportUrl":"https://Sotatek-DavidNguyen4.github.io/cardano-api-tests/394//#testresult/5e68964cb4f21357","status":"failed","statusDetails":"1 expectation failed.\nExpected status code <200> but was <502>.\n","time":{"start":1690914154912,"stop":1690914156520,"duration":1608}},{"uid":"8bf34e6b247cdf9f","reportUrl":"https://Sotatek-DavidNguyen4.github.io/cardano-api-tests/393//#testresult/8bf34e6b247cdf9f","status":"failed","statusDetails":"1 expectation failed.\nExpected status code <200> but was <502>.\n","time":{"start":1690827754516,"stop":1690827756355,"duration":1839}}]},"tags":[]},"source":"9a3cc49fcd49f5db.json","parameterValues":["@#$%%","mainnet"]}