{"uid":"29256711d62fac57","name":"verify that get data for address analytics unSuccessfully with address","fullName":"tests.addresses.AddressAnalyticsTests.verifyGetAddressAnalyticsResponseUnsuccessfullyWithAddress","historyId":"1b3c42c79674cb77ffb24c70af7351b5","time":{"start":1690309290687,"stop":1690309292299,"duration":1612},"status":"failed","statusMessage":"1 expectation failed.\nExpected status code <400> but was <502>.\n","statusTrace":"java.lang.AssertionError: 1 expectation failed.\nExpected status code <400> but was <502>.\n\n\tat sun.reflect.GeneratedConstructorAccessor102.newInstance(Unknown Source)\n\tat sun.reflect.DelegatingConstructorAccessorImpl.newInstance(DelegatingConstructorAccessorImpl.java:45)\n\tat java.lang.reflect.Constructor.newInstance(Constructor.java:423)\n\tat org.codehaus.groovy.reflection.CachedConstructor.invoke(CachedConstructor.java:83)\n\tat org.codehaus.groovy.reflection.CachedConstructor.doConstructorInvoke(CachedConstructor.java:77)\n\tat org.codehaus.groovy.runtime.callsite.ConstructorSite$ConstructorSiteNoUnwrap.callConstructor(ConstructorSite.java:84)\n\tat org.codehaus.groovy.runtime.callsite.AbstractCallSite.callConstructor(AbstractCallSite.java:250)\n\tat io.restassured.internal.ResponseSpecificationImpl$HamcrestAssertionClosure.validate(ResponseSpecificationImpl.groovy:494)\n\tat io.restassured.internal.ResponseSpecificationImpl$HamcrestAssertionClosure$validate$5.call(Unknown Source)\n\tat io.restassured.internal.ResponseSpecificationImpl.validateResponseIfRequired(ResponseSpecificationImpl.groovy:656)\n\tat sun.reflect.GeneratedMethodAccessor232.invoke(Unknown Source)\n\tat sun.reflect.DelegatingMethodAccessorImpl.invoke(DelegatingMethodAccessorImpl.java:43)\n\tat java.lang.reflect.Method.invoke(Method.java:498)\n\tat org.codehaus.groovy.runtime.callsite.PogoMetaMethodSite$PogoCachedMethodSiteNoUnwrapNoCoerce.invoke(PogoMetaMethodSite.java:210)\n\tat org.codehaus.groovy.runtime.callsite.PogoMetaMethodSite.callCurrent(PogoMetaMethodSite.java:59)\n\tat org.codehaus.groovy.runtime.callsite.AbstractCallSite.callCurrent(AbstractCallSite.java:169)\n\tat io.restassured.internal.ResponseSpecificationImpl.statusCode(ResponseSpecificationImpl.groovy:125)\n\tat io.restassured.specification.ResponseSpecification$statusCode$0.callCurrent(Unknown Source)\n\tat io.restassured.internal.ResponseSpecificationImpl.statusCode(ResponseSpecificationImpl.groovy:133)\n\tat io.restassured.internal.ValidatableResponseOptionsImpl.statusCode(ValidatableResponseOptionsImpl.java:119)\n\tat core.BaseApi.validateResponse(BaseApi.java:54)\n\tat microservices.common.steps.BaseSteps.then_verifyErrorResponse(BaseSteps.java:11)\n\tat tests.addresses.AddressAnalyticsTests.verifyGetAddressAnalyticsResponseUnsuccessfullyWithAddress(AddressAnalyticsTests.java:36)\n\tat sun.reflect.NativeMethodAccessorImpl.invoke0(Native Method)\n\tat sun.reflect.NativeMethodAccessorImpl.invoke(NativeMethodAccessorImpl.java:62)\n\tat sun.reflect.DelegatingMethodAccessorImpl.invoke(DelegatingMethodAccessorImpl.java:43)\n\tat java.lang.reflect.Method.invoke(Method.java:498)\n\tat org.testng.internal.MethodInvocationHelper.invokeMethod(MethodInvocationHelper.java:134)\n\tat org.testng.internal.TestInvoker.invokeMethod(TestInvoker.java:597)\n\tat org.testng.internal.TestInvoker.invokeTestMethod(TestInvoker.java:173)\n\tat org.testng.internal.MethodRunner.runInSequence(MethodRunner.java:46)\n\tat org.testng.internal.TestInvoker$MethodInvocationAgent.invoke(TestInvoker.java:816)\n\tat org.testng.internal.TestInvoker.invokeTestMethods(TestInvoker.java:146)\n\tat org.testng.internal.TestMethodWorker.invokeTestMethods(TestMethodWorker.java:146)\n\tat org.testng.internal.TestMethodWorker.run(TestMethodWorker.java:128)\n\tat java.util.concurrent.ThreadPoolExecutor.runWorker(ThreadPoolExecutor.java:1149)\n\tat java.util.concurrent.ThreadPoolExecutor$Worker.run(ThreadPoolExecutor.java:624)\n\tat java.lang.Thread.run(Thread.java:750)\n","flaky":false,"newFailed":false,"newBroken":false,"newPassed":false,"retriesCount":0,"retriesStatusChange":false,"beforeStages":[{"name":"preconditions","time":{"start":1690309272833,"stop":1690309273551,"duration":718},"description":"","status":"passed","steps":[],"attachments":[],"parameters":[],"stepsCount":0,"attachmentsCount":0,"shouldDisplayMessage":false,"hasContent":false},{"name":"setUp","time":{"start":1690309290685,"stop":1690309290685,"duration":0},"description":"","status":"passed","steps":[],"attachments":[],"parameters":[],"stepsCount":0,"attachmentsCount":0,"shouldDisplayMessage":false,"hasContent":false}],"testStage":{"status":"failed","statusMessage":"1 expectation failed.\nExpected status code <400> but was <502>.\n","statusTrace":"java.lang.AssertionError: 1 expectation failed.\nExpected status code <400> but was <502>.\n\n\tat sun.reflect.GeneratedConstructorAccessor102.newInstance(Unknown Source)\n\tat sun.reflect.DelegatingConstructorAccessorImpl.newInstance(DelegatingConstructorAccessorImpl.java:45)\n\tat java.lang.reflect.Constructor.newInstance(Constructor.java:423)\n\tat org.codehaus.groovy.reflection.CachedConstructor.invoke(CachedConstructor.java:83)\n\tat org.codehaus.groovy.reflection.CachedConstructor.doConstructorInvoke(CachedConstructor.java:77)\n\tat org.codehaus.groovy.runtime.callsite.ConstructorSite$ConstructorSiteNoUnwrap.callConstructor(ConstructorSite.java:84)\n\tat org.codehaus.groovy.runtime.callsite.AbstractCallSite.callConstructor(AbstractCallSite.java:250)\n\tat io.restassured.internal.ResponseSpecificationImpl$HamcrestAssertionClosure.validate(ResponseSpecificationImpl.groovy:494)\n\tat io.restassured.internal.ResponseSpecificationImpl$HamcrestAssertionClosure$validate$5.call(Unknown Source)\n\tat io.restassured.internal.ResponseSpecificationImpl.validateResponseIfRequired(ResponseSpecificationImpl.groovy:656)\n\tat sun.reflect.GeneratedMethodAccessor232.invoke(Unknown Source)\n\tat sun.reflect.DelegatingMethodAccessorImpl.invoke(DelegatingMethodAccessorImpl.java:43)\n\tat java.lang.reflect.Method.invoke(Method.java:498)\n\tat org.codehaus.groovy.runtime.callsite.PogoMetaMethodSite$PogoCachedMethodSiteNoUnwrapNoCoerce.invoke(PogoMetaMethodSite.java:210)\n\tat org.codehaus.groovy.runtime.callsite.PogoMetaMethodSite.callCurrent(PogoMetaMethodSite.java:59)\n\tat org.codehaus.groovy.runtime.callsite.AbstractCallSite.callCurrent(AbstractCallSite.java:169)\n\tat io.restassured.internal.ResponseSpecificationImpl.statusCode(ResponseSpecificationImpl.groovy:125)\n\tat io.restassured.specification.ResponseSpecification$statusCode$0.callCurrent(Unknown Source)\n\tat io.restassured.internal.ResponseSpecificationImpl.statusCode(ResponseSpecificationImpl.groovy:133)\n\tat io.restassured.internal.ValidatableResponseOptionsImpl.statusCode(ValidatableResponseOptionsImpl.java:119)\n\tat core.BaseApi.validateResponse(BaseApi.java:54)\n\tat microservices.common.steps.BaseSteps.then_verifyErrorResponse(BaseSteps.java:11)\n\tat tests.addresses.AddressAnalyticsTests.verifyGetAddressAnalyticsResponseUnsuccessfullyWithAddress(AddressAnalyticsTests.java:36)\n\tat sun.reflect.NativeMethodAccessorImpl.invoke0(Native Method)\n\tat sun.reflect.NativeMethodAccessorImpl.invoke(NativeMethodAccessorImpl.java:62)\n\tat sun.reflect.DelegatingMethodAccessorImpl.invoke(DelegatingMethodAccessorImpl.java:43)\n\tat java.lang.reflect.Method.invoke(Method.java:498)\n\tat org.testng.internal.MethodInvocationHelper.invokeMethod(MethodInvocationHelper.java:134)\n\tat org.testng.internal.TestInvoker.invokeMethod(TestInvoker.java:597)\n\tat org.testng.internal.TestInvoker.invokeTestMethod(TestInvoker.java:173)\n\tat org.testng.internal.MethodRunner.runInSequence(MethodRunner.java:46)\n\tat org.testng.internal.TestInvoker$MethodInvocationAgent.invoke(TestInvoker.java:816)\n\tat org.testng.internal.TestInvoker.invokeTestMethods(TestInvoker.java:146)\n\tat org.testng.internal.TestMethodWorker.invokeTestMethods(TestMethodWorker.java:146)\n\tat org.testng.internal.TestMethodWorker.run(TestMethodWorker.java:128)\n\tat java.util.concurrent.ThreadPoolExecutor.runWorker(ThreadPoolExecutor.java:1149)\n\tat java.util.concurrent.ThreadPoolExecutor$Worker.run(ThreadPoolExecutor.java:624)\n\tat java.lang.Thread.run(Thread.java:750)\n","steps":[{"name":"get an adddress analytics","time":{"start":1690309290687,"stop":1690309292297,"duration":1610},"status":"passed","steps":[],"attachments":[],"parameters":[{"name":"address","value":"(NFT address): asset1c0vymmx0nysjaa8q5vah78jmuqyew3kjm48azr"},{"name":"type","value":"TWO_WEEK"}],"stepsCount":0,"attachmentsCount":0,"shouldDisplayMessage":false,"hasContent":true},{"name":"Verify error response","time":{"start":1690309292297,"stop":1690309292299,"duration":2},"status":"failed","statusMessage":"1 expectation failed.\nExpected status code <400> but was <502>.\n","statusTrace":"java.lang.AssertionError: 1 expectation failed.\nExpected status code <400> but was <502>.\n\n\tat sun.reflect.GeneratedConstructorAccessor102.newInstance(Unknown Source)\n\tat sun.reflect.DelegatingConstructorAccessorImpl.newInstance(DelegatingConstructorAccessorImpl.java:45)\n\tat java.lang.reflect.Constructor.newInstance(Constructor.java:423)\n\tat org.codehaus.groovy.reflection.CachedConstructor.invoke(CachedConstructor.java:83)\n\tat org.codehaus.groovy.reflection.CachedConstructor.doConstructorInvoke(CachedConstructor.java:77)\n\tat org.codehaus.groovy.runtime.callsite.ConstructorSite$ConstructorSiteNoUnwrap.callConstructor(ConstructorSite.java:84)\n\tat org.codehaus.groovy.runtime.callsite.AbstractCallSite.callConstructor(AbstractCallSite.java:250)\n\tat io.restassured.internal.ResponseSpecificationImpl$HamcrestAssertionClosure.validate(ResponseSpecificationImpl.groovy:494)\n\tat io.restassured.internal.ResponseSpecificationImpl$HamcrestAssertionClosure$validate$5.call(Unknown Source)\n\tat io.restassured.internal.ResponseSpecificationImpl.validateResponseIfRequired(ResponseSpecificationImpl.groovy:656)\n\tat sun.reflect.GeneratedMethodAccessor232.invoke(Unknown Source)\n\tat sun.reflect.DelegatingMethodAccessorImpl.invoke(DelegatingMethodAccessorImpl.java:43)\n\tat java.lang.reflect.Method.invoke(Method.java:498)\n\tat org.codehaus.groovy.runtime.callsite.PogoMetaMethodSite$PogoCachedMethodSiteNoUnwrapNoCoerce.invoke(PogoMetaMethodSite.java:210)\n\tat org.codehaus.groovy.runtime.callsite.PogoMetaMethodSite.callCurrent(PogoMetaMethodSite.java:59)\n\tat org.codehaus.groovy.runtime.callsite.AbstractCallSite.callCurrent(AbstractCallSite.java:169)\n\tat io.restassured.internal.ResponseSpecificationImpl.statusCode(ResponseSpecificationImpl.groovy:125)\n\tat io.restassured.specification.ResponseSpecification$statusCode$0.callCurrent(Unknown Source)\n\tat io.restassured.internal.ResponseSpecificationImpl.statusCode(ResponseSpecificationImpl.groovy:133)\n\tat io.restassured.internal.ValidatableResponseOptionsImpl.statusCode(ValidatableResponseOptionsImpl.java:119)\n\tat core.BaseApi.validateResponse(BaseApi.java:54)\n\tat microservices.common.steps.BaseSteps.then_verifyErrorResponse(BaseSteps.java:11)\n\tat tests.addresses.AddressAnalyticsTests.verifyGetAddressAnalyticsResponseUnsuccessfullyWithAddress(AddressAnalyticsTests.java:36)\n\tat sun.reflect.NativeMethodAccessorImpl.invoke0(Native Method)\n\tat sun.reflect.NativeMethodAccessorImpl.invoke(NativeMethodAccessorImpl.java:62)\n\tat sun.reflect.DelegatingMethodAccessorImpl.invoke(DelegatingMethodAccessorImpl.java:43)\n\tat java.lang.reflect.Method.invoke(Method.java:498)\n\tat org.testng.internal.MethodInvocationHelper.invokeMethod(MethodInvocationHelper.java:134)\n\tat org.testng.internal.TestInvoker.invokeMethod(TestInvoker.java:597)\n\tat org.testng.internal.TestInvoker.invokeTestMethod(TestInvoker.java:173)\n\tat org.testng.internal.MethodRunner.runInSequence(MethodRunner.java:46)\n\tat org.testng.internal.TestInvoker$MethodInvocationAgent.invoke(TestInvoker.java:816)\n\tat org.testng.internal.TestInvoker.invokeTestMethods(TestInvoker.java:146)\n\tat org.testng.internal.TestMethodWorker.invokeTestMethods(TestMethodWorker.java:146)\n\tat org.testng.internal.TestMethodWorker.run(TestMethodWorker.java:128)\n\tat java.util.concurrent.ThreadPoolExecutor.runWorker(ThreadPoolExecutor.java:1149)\n\tat java.util.concurrent.ThreadPoolExecutor$Worker.run(ThreadPoolExecutor.java:624)\n\tat java.lang.Thread.run(Thread.java:750)\n","steps":[],"attachments":[],"parameters":[{"name":"statusCode","value":"400"},{"name":"message","value":"Wallet address not found"},{"name":"errorCode","value":"BC_404-ADDRESS_NOT_FOUND"}],"stepsCount":0,"attachmentsCount":0,"shouldDisplayMessage":true,"hasContent":true}],"attachments":[],"parameters":[],"stepsCount":2,"attachmentsCount":0,"shouldDisplayMessage":false,"hasContent":true},"afterStages":[{"name":"tearDown","time":{"start":1690309292301,"stop":1690309292301,"duration":0},"description":"","status":"passed","steps":[],"attachments":[],"parameters":[],"stepsCount":0,"attachmentsCount":0,"shouldDisplayMessage":false,"hasContent":false},{"name":"postconditions","time":{"start":1690309448829,"stop":1690309448829,"duration":0},"description":"","status":"passed","steps":[],"attachments":[],"parameters":[],"stepsCount":0,"attachmentsCount":0,"shouldDisplayMessage":false,"hasContent":false}],"labels":[{"name":"package","value":"tests.addresses.AddressAnalyticsTests"},{"name":"testClass","value":"tests.addresses.AddressAnalyticsTests"},{"name":"testMethod","value":"verifyGetAddressAnalyticsResponseUnsuccessfullyWithAddress"},{"name":"parentSuite","value":"Cardano Regression Suite"},{"name":"suite","value":"Cardano API test "},{"name":"subSuite","value":"tests.addresses.AddressAnalyticsTests"},{"name":"host","value":"fv-az450-283"},{"name":"thread","value":"2427@fv-az450-283.TestNG-test=Cardano API test -4(15)"},{"name":"framework","value":"testng"},{"name":"language","value":"java"},{"name":"feature","value":"api-addresses"},{"name":"epic","value":"cardano"},{"name":"resultFormat","value":"allure2"}],"parameters":[{"name":"arg0","value":"(NFT address): asset1c0vymmx0nysjaa8q5vah78jmuqyew3kjm48azr"},{"name":"env","value":"mainnet"}],"links":[],"hidden":false,"retry":false,"extra":{"severity":"normal","retries":[],"categories":[{"name":"Product defects","matchedStatuses":[],"flaky":false}],"history":{"statistic":{"failed":29,"broken":8,"skipped":0,"passed":0,"unknown":0,"total":37},"items":[{"uid":"f4fa67186eb77647","reportUrl":"https://Sotatek-DavidNguyen4.github.io/cardano-api-tests/386//#testresult/f4fa67186eb77647","status":"failed","statusDetails":"1 expectation failed.\nExpected status code <400> but was <502>.\n","time":{"start":1690223085775,"stop":1690223087319,"duration":1544}},{"uid":"c22a186d8393c9fa","reportUrl":"https://Sotatek-DavidNguyen4.github.io/cardano-api-tests/385//#testresult/c22a186d8393c9fa","status":"broken","statusDetails":"Read timed out","time":{"start":1690136997902,"stop":1690137059418,"duration":61516}},{"uid":"70e2f010b888bb72","reportUrl":"https://Sotatek-DavidNguyen4.github.io/cardano-api-tests/384//#testresult/70e2f010b888bb72","status":"broken","statusDetails":"Read timed out","time":{"start":1690050595933,"stop":1690050657320,"duration":61387}},{"uid":"2e6235b964d2ecc2","reportUrl":"https://Sotatek-DavidNguyen4.github.io/cardano-api-tests/383//#testresult/2e6235b964d2ecc2","status":"broken","statusDetails":"Read timed out","time":{"start":1689964345110,"stop":1689964406555,"duration":61445}},{"uid":"884eacc88ff76b0","reportUrl":"https://Sotatek-DavidNguyen4.github.io/cardano-api-tests/382//#testresult/884eacc88ff76b0","status":"broken","statusDetails":"Read timed out","time":{"start":1689877933438,"stop":1689877995216,"duration":61778}},{"uid":"815c4d70aef65644","reportUrl":"https://Sotatek-DavidNguyen4.github.io/cardano-api-tests/381//#testresult/815c4d70aef65644","status":"broken","statusDetails":"Read timed out","time":{"start":1689791512084,"stop":1689791573804,"duration":61720}},{"uid":"f7bdc03c86d752dc","reportUrl":"https://Sotatek-DavidNguyen4.github.io/cardano-api-tests/380//#testresult/f7bdc03c86d752dc","status":"broken","statusDetails":"Read timed out","time":{"start":1689705225003,"stop":1689705286685,"duration":61682}},{"uid":"b7ce367a46a42a86","reportUrl":"https://Sotatek-DavidNguyen4.github.io/cardano-api-tests/379//#testresult/b7ce367a46a42a86","status":"broken","statusDetails":"Read timed out","time":{"start":1689618884902,"stop":1689618946564,"duration":61662}},{"uid":"8b619c03ebdb9a67","reportUrl":"https://Sotatek-DavidNguyen4.github.io/cardano-api-tests/378//#testresult/8b619c03ebdb9a67","status":"broken","statusDetails":"Read timed out","time":{"start":1689532348991,"stop":1689532410709,"duration":61718}},{"uid":"94cbe30cc4ab4c4","reportUrl":"https://Sotatek-DavidNguyen4.github.io/cardano-api-tests/377//#testresult/94cbe30cc4ab4c4","status":"failed","statusDetails":"1 expectation failed.\nExpected status code <400> but was <500>.\n","time":{"start":1689445440815,"stop":1689445442742,"duration":1927}},{"uid":"98a8f7abcb3653fd","reportUrl":"https://Sotatek-DavidNguyen4.github.io/cardano-api-tests/376//#testresult/98a8f7abcb3653fd","status":"failed","statusDetails":"1 expectation failed.\nExpected status code <400> but was <500>.\n","time":{"start":1689359087697,"stop":1689359089120,"duration":1423}},{"uid":"9caba685d279aff1","reportUrl":"https://Sotatek-DavidNguyen4.github.io/cardano-api-tests/375//#testresult/9caba685d279aff1","status":"failed","statusDetails":"1 expectation failed.\nExpected status code <400> but was <500>.\n","time":{"start":1689272736325,"stop":1689272737935,"duration":1610}},{"uid":"47d13b4a15965b4","reportUrl":"https://Sotatek-DavidNguyen4.github.io/cardano-api-tests/374//#testresult/47d13b4a15965b4","status":"failed","statusDetails":"1 expectation failed.\nExpected status code <400> but was <500>.\n","time":{"start":1689186352483,"stop":1689186353997,"duration":1514}},{"uid":"3a56abde5962af89","reportUrl":"https://Sotatek-DavidNguyen4.github.io/cardano-api-tests/373//#testresult/3a56abde5962af89","status":"failed","statusDetails":"1 expectation failed.\nExpected status code <400> but was <500>.\n","time":{"start":1689099953365,"stop":1689099955219,"duration":1854}},{"uid":"65fb02d3f319fdff","reportUrl":"https://Sotatek-DavidNguyen4.github.io/cardano-api-tests/372//#testresult/65fb02d3f319fdff","status":"failed","statusDetails":"1 expectation failed.\nExpected status code <400> but was <500>.\n","time":{"start":1689013547750,"stop":1689013549672,"duration":1922}},{"uid":"909c9ff3872e7501","reportUrl":"https://Sotatek-DavidNguyen4.github.io/cardano-api-tests/371//#testresult/909c9ff3872e7501","status":"failed","statusDetails":"1 expectation failed.\nExpected status code <400> but was <500>.\n","time":{"start":1688927040041,"stop":1688927042010,"duration":1969}},{"uid":"c4b76d390fbfad99","reportUrl":"https://Sotatek-DavidNguyen4.github.io/cardano-api-tests/370//#testresult/c4b76d390fbfad99","status":"failed","statusDetails":"1 expectation failed.\nExpected status code <400> but was <500>.\n","time":{"start":1688840632410,"stop":1688840633936,"duration":1526}},{"uid":"8bb8464e1f76ea8f","reportUrl":"https://Sotatek-DavidNguyen4.github.io/cardano-api-tests/369//#testresult/8bb8464e1f76ea8f","status":"failed","statusDetails":"1 expectation failed.\nExpected status code <400> but was <500>.\n","time":{"start":1688754328969,"stop":1688754330605,"duration":1636}},{"uid":"89f4dd3eead5da6","reportUrl":"https://Sotatek-DavidNguyen4.github.io/cardano-api-tests/368//#testresult/89f4dd3eead5da6","status":"failed","statusDetails":"1 expectation failed.\nExpected status code <400> but was <500>.\n","time":{"start":1688667886274,"stop":1688667887806,"duration":1532}},{"uid":"da66430e331997e0","reportUrl":"https://Sotatek-DavidNguyen4.github.io/cardano-api-tests/367//#testresult/da66430e331997e0","status":"failed","statusDetails":"1 expectation failed.\nExpected status code <400> but was <500>.\n","time":{"start":1688581628036,"stop":1688581629539,"duration":1503}}]},"tags":[]},"source":"29256711d62fac57.json","parameterValues":["(NFT address): asset1c0vymmx0nysjaa8q5vah78jmuqyew3kjm48azr","mainnet"]}