{"uid":"859c21e57fe190e3","name":"verify that get a token with tokenId invalid","fullName":"tests.tokens.Token.getATokenFail","historyId":"5e5da9038bfa390b57056838fc5f52b6","time":{"start":1691346026644,"stop":1691346028363,"duration":1719},"status":"failed","statusMessage":"1 expectation failed.\nExpected status code <400> but was <502>.\n","statusTrace":"java.lang.AssertionError: 1 expectation failed.\nExpected status code <400> but was <502>.\n\n\tat sun.reflect.GeneratedConstructorAccessor94.newInstance(Unknown Source)\n\tat sun.reflect.DelegatingConstructorAccessorImpl.newInstance(DelegatingConstructorAccessorImpl.java:45)\n\tat java.lang.reflect.Constructor.newInstance(Constructor.java:423)\n\tat org.codehaus.groovy.reflection.CachedConstructor.invoke(CachedConstructor.java:83)\n\tat org.codehaus.groovy.reflection.CachedConstructor.doConstructorInvoke(CachedConstructor.java:77)\n\tat org.codehaus.groovy.runtime.callsite.ConstructorSite$ConstructorSiteNoUnwrap.callConstructor(ConstructorSite.java:84)\n\tat org.codehaus.groovy.runtime.callsite.AbstractCallSite.callConstructor(AbstractCallSite.java:250)\n\tat io.restassured.internal.ResponseSpecificationImpl$HamcrestAssertionClosure.validate(ResponseSpecificationImpl.groovy:494)\n\tat io.restassured.internal.ResponseSpecificationImpl$HamcrestAssertionClosure$validate$3.call(Unknown Source)\n\tat io.restassured.internal.ResponseSpecificationImpl.validateResponseIfRequired(ResponseSpecificationImpl.groovy:656)\n\tat sun.reflect.GeneratedMethodAccessor216.invoke(Unknown Source)\n\tat sun.reflect.DelegatingMethodAccessorImpl.invoke(DelegatingMethodAccessorImpl.java:43)\n\tat java.lang.reflect.Method.invoke(Method.java:498)\n\tat org.codehaus.groovy.runtime.callsite.PogoMetaMethodSite$PogoCachedMethodSiteNoUnwrapNoCoerce.invoke(PogoMetaMethodSite.java:210)\n\tat org.codehaus.groovy.runtime.callsite.PogoMetaMethodSite.callCurrent(PogoMetaMethodSite.java:59)\n\tat org.codehaus.groovy.runtime.callsite.AbstractCallSite.callCurrent(AbstractCallSite.java:169)\n\tat io.restassured.internal.ResponseSpecificationImpl.statusCode(ResponseSpecificationImpl.groovy:125)\n\tat io.restassured.specification.ResponseSpecification$statusCode$1.callCurrent(Unknown Source)\n\tat io.restassured.internal.ResponseSpecificationImpl.statusCode(ResponseSpecificationImpl.groovy:133)\n\tat io.restassured.internal.ValidatableResponseOptionsImpl.statusCode(ValidatableResponseOptionsImpl.java:119)\n\tat core.BaseApi.validateResponse(BaseApi.java:54)\n\tat microservices.common.steps.BaseSteps.then_verifyErrorResponse(BaseSteps.java:11)\n\tat tests.tokens.Token.getATokenFail(Token.java:35)\n\tat sun.reflect.NativeMethodAccessorImpl.invoke0(Native Method)\n\tat sun.reflect.NativeMethodAccessorImpl.invoke(NativeMethodAccessorImpl.java:62)\n\tat sun.reflect.DelegatingMethodAccessorImpl.invoke(DelegatingMethodAccessorImpl.java:43)\n\tat java.lang.reflect.Method.invoke(Method.java:498)\n\tat org.testng.internal.MethodInvocationHelper.invokeMethod(MethodInvocationHelper.java:134)\n\tat org.testng.internal.TestInvoker.invokeMethod(TestInvoker.java:597)\n\tat org.testng.internal.TestInvoker.invokeTestMethod(TestInvoker.java:173)\n\tat org.testng.internal.MethodRunner.runInSequence(MethodRunner.java:46)\n\tat org.testng.internal.TestInvoker$MethodInvocationAgent.invoke(TestInvoker.java:816)\n\tat org.testng.internal.TestInvoker.invokeTestMethods(TestInvoker.java:146)\n\tat org.testng.internal.TestMethodWorker.invokeTestMethods(TestMethodWorker.java:146)\n\tat org.testng.internal.TestMethodWorker.run(TestMethodWorker.java:128)\n\tat java.util.concurrent.ThreadPoolExecutor.runWorker(ThreadPoolExecutor.java:1149)\n\tat java.util.concurrent.ThreadPoolExecutor$Worker.run(ThreadPoolExecutor.java:624)\n\tat java.lang.Thread.run(Thread.java:750)\n","flaky":false,"newFailed":false,"newBroken":false,"newPassed":false,"retriesCount":0,"retriesStatusChange":false,"beforeStages":[{"name":"preconditions","time":{"start":1691345978976,"stop":1691345979882,"duration":906},"description":"","status":"passed","steps":[],"attachments":[],"parameters":[],"shouldDisplayMessage":false,"hasContent":false,"stepsCount":0,"attachmentsCount":0},{"name":"setUp","time":{"start":1691346026643,"stop":1691346026643,"duration":0},"description":"","status":"passed","steps":[],"attachments":[],"parameters":[],"shouldDisplayMessage":false,"hasContent":false,"stepsCount":0,"attachmentsCount":0}],"testStage":{"status":"failed","statusMessage":"1 expectation failed.\nExpected status code <400> but was <502>.\n","statusTrace":"java.lang.AssertionError: 1 expectation failed.\nExpected status code <400> but was <502>.\n\n\tat sun.reflect.GeneratedConstructorAccessor94.newInstance(Unknown Source)\n\tat sun.reflect.DelegatingConstructorAccessorImpl.newInstance(DelegatingConstructorAccessorImpl.java:45)\n\tat java.lang.reflect.Constructor.newInstance(Constructor.java:423)\n\tat org.codehaus.groovy.reflection.CachedConstructor.invoke(CachedConstructor.java:83)\n\tat org.codehaus.groovy.reflection.CachedConstructor.doConstructorInvoke(CachedConstructor.java:77)\n\tat org.codehaus.groovy.runtime.callsite.ConstructorSite$ConstructorSiteNoUnwrap.callConstructor(ConstructorSite.java:84)\n\tat org.codehaus.groovy.runtime.callsite.AbstractCallSite.callConstructor(AbstractCallSite.java:250)\n\tat io.restassured.internal.ResponseSpecificationImpl$HamcrestAssertionClosure.validate(ResponseSpecificationImpl.groovy:494)\n\tat io.restassured.internal.ResponseSpecificationImpl$HamcrestAssertionClosure$validate$3.call(Unknown Source)\n\tat io.restassured.internal.ResponseSpecificationImpl.validateResponseIfRequired(ResponseSpecificationImpl.groovy:656)\n\tat sun.reflect.GeneratedMethodAccessor216.invoke(Unknown Source)\n\tat sun.reflect.DelegatingMethodAccessorImpl.invoke(DelegatingMethodAccessorImpl.java:43)\n\tat java.lang.reflect.Method.invoke(Method.java:498)\n\tat org.codehaus.groovy.runtime.callsite.PogoMetaMethodSite$PogoCachedMethodSiteNoUnwrapNoCoerce.invoke(PogoMetaMethodSite.java:210)\n\tat org.codehaus.groovy.runtime.callsite.PogoMetaMethodSite.callCurrent(PogoMetaMethodSite.java:59)\n\tat org.codehaus.groovy.runtime.callsite.AbstractCallSite.callCurrent(AbstractCallSite.java:169)\n\tat io.restassured.internal.ResponseSpecificationImpl.statusCode(ResponseSpecificationImpl.groovy:125)\n\tat io.restassured.specification.ResponseSpecification$statusCode$1.callCurrent(Unknown Source)\n\tat io.restassured.internal.ResponseSpecificationImpl.statusCode(ResponseSpecificationImpl.groovy:133)\n\tat io.restassured.internal.ValidatableResponseOptionsImpl.statusCode(ValidatableResponseOptionsImpl.java:119)\n\tat core.BaseApi.validateResponse(BaseApi.java:54)\n\tat microservices.common.steps.BaseSteps.then_verifyErrorResponse(BaseSteps.java:11)\n\tat tests.tokens.Token.getATokenFail(Token.java:35)\n\tat sun.reflect.NativeMethodAccessorImpl.invoke0(Native Method)\n\tat sun.reflect.NativeMethodAccessorImpl.invoke(NativeMethodAccessorImpl.java:62)\n\tat sun.reflect.DelegatingMethodAccessorImpl.invoke(DelegatingMethodAccessorImpl.java:43)\n\tat java.lang.reflect.Method.invoke(Method.java:498)\n\tat org.testng.internal.MethodInvocationHelper.invokeMethod(MethodInvocationHelper.java:134)\n\tat org.testng.internal.TestInvoker.invokeMethod(TestInvoker.java:597)\n\tat org.testng.internal.TestInvoker.invokeTestMethod(TestInvoker.java:173)\n\tat org.testng.internal.MethodRunner.runInSequence(MethodRunner.java:46)\n\tat org.testng.internal.TestInvoker$MethodInvocationAgent.invoke(TestInvoker.java:816)\n\tat org.testng.internal.TestInvoker.invokeTestMethods(TestInvoker.java:146)\n\tat org.testng.internal.TestMethodWorker.invokeTestMethods(TestMethodWorker.java:146)\n\tat org.testng.internal.TestMethodWorker.run(TestMethodWorker.java:128)\n\tat java.util.concurrent.ThreadPoolExecutor.runWorker(ThreadPoolExecutor.java:1149)\n\tat java.util.concurrent.ThreadPoolExecutor$Worker.run(ThreadPoolExecutor.java:624)\n\tat java.lang.Thread.run(Thread.java:750)\n","steps":[{"name":"get a token","time":{"start":1691346026644,"stop":1691346028362,"duration":1718},"status":"passed","steps":[],"attachments":[],"parameters":[{"name":"tokenId","value":"1"}],"shouldDisplayMessage":false,"hasContent":true,"stepsCount":0,"attachmentsCount":0},{"name":"Verify error response","time":{"start":1691346028362,"stop":1691346028363,"duration":1},"status":"failed","statusMessage":"1 expectation failed.\nExpected status code <400> but was <502>.\n","statusTrace":"java.lang.AssertionError: 1 expectation failed.\nExpected status code <400> but was <502>.\n\n\tat sun.reflect.GeneratedConstructorAccessor94.newInstance(Unknown Source)\n\tat sun.reflect.DelegatingConstructorAccessorImpl.newInstance(DelegatingConstructorAccessorImpl.java:45)\n\tat java.lang.reflect.Constructor.newInstance(Constructor.java:423)\n\tat org.codehaus.groovy.reflection.CachedConstructor.invoke(CachedConstructor.java:83)\n\tat org.codehaus.groovy.reflection.CachedConstructor.doConstructorInvoke(CachedConstructor.java:77)\n\tat org.codehaus.groovy.runtime.callsite.ConstructorSite$ConstructorSiteNoUnwrap.callConstructor(ConstructorSite.java:84)\n\tat org.codehaus.groovy.runtime.callsite.AbstractCallSite.callConstructor(AbstractCallSite.java:250)\n\tat io.restassured.internal.ResponseSpecificationImpl$HamcrestAssertionClosure.validate(ResponseSpecificationImpl.groovy:494)\n\tat io.restassured.internal.ResponseSpecificationImpl$HamcrestAssertionClosure$validate$3.call(Unknown Source)\n\tat io.restassured.internal.ResponseSpecificationImpl.validateResponseIfRequired(ResponseSpecificationImpl.groovy:656)\n\tat sun.reflect.GeneratedMethodAccessor216.invoke(Unknown Source)\n\tat sun.reflect.DelegatingMethodAccessorImpl.invoke(DelegatingMethodAccessorImpl.java:43)\n\tat java.lang.reflect.Method.invoke(Method.java:498)\n\tat org.codehaus.groovy.runtime.callsite.PogoMetaMethodSite$PogoCachedMethodSiteNoUnwrapNoCoerce.invoke(PogoMetaMethodSite.java:210)\n\tat org.codehaus.groovy.runtime.callsite.PogoMetaMethodSite.callCurrent(PogoMetaMethodSite.java:59)\n\tat org.codehaus.groovy.runtime.callsite.AbstractCallSite.callCurrent(AbstractCallSite.java:169)\n\tat io.restassured.internal.ResponseSpecificationImpl.statusCode(ResponseSpecificationImpl.groovy:125)\n\tat io.restassured.specification.ResponseSpecification$statusCode$1.callCurrent(Unknown Source)\n\tat io.restassured.internal.ResponseSpecificationImpl.statusCode(ResponseSpecificationImpl.groovy:133)\n\tat io.restassured.internal.ValidatableResponseOptionsImpl.statusCode(ValidatableResponseOptionsImpl.java:119)\n\tat core.BaseApi.validateResponse(BaseApi.java:54)\n\tat microservices.common.steps.BaseSteps.then_verifyErrorResponse(BaseSteps.java:11)\n\tat tests.tokens.Token.getATokenFail(Token.java:35)\n\tat sun.reflect.NativeMethodAccessorImpl.invoke0(Native Method)\n\tat sun.reflect.NativeMethodAccessorImpl.invoke(NativeMethodAccessorImpl.java:62)\n\tat sun.reflect.DelegatingMethodAccessorImpl.invoke(DelegatingMethodAccessorImpl.java:43)\n\tat java.lang.reflect.Method.invoke(Method.java:498)\n\tat org.testng.internal.MethodInvocationHelper.invokeMethod(MethodInvocationHelper.java:134)\n\tat org.testng.internal.TestInvoker.invokeMethod(TestInvoker.java:597)\n\tat org.testng.internal.TestInvoker.invokeTestMethod(TestInvoker.java:173)\n\tat org.testng.internal.MethodRunner.runInSequence(MethodRunner.java:46)\n\tat org.testng.internal.TestInvoker$MethodInvocationAgent.invoke(TestInvoker.java:816)\n\tat org.testng.internal.TestInvoker.invokeTestMethods(TestInvoker.java:146)\n\tat org.testng.internal.TestMethodWorker.invokeTestMethods(TestMethodWorker.java:146)\n\tat org.testng.internal.TestMethodWorker.run(TestMethodWorker.java:128)\n\tat java.util.concurrent.ThreadPoolExecutor.runWorker(ThreadPoolExecutor.java:1149)\n\tat java.util.concurrent.ThreadPoolExecutor$Worker.run(ThreadPoolExecutor.java:624)\n\tat java.lang.Thread.run(Thread.java:750)\n","steps":[],"attachments":[],"parameters":[{"name":"statusCode","value":"400"},{"name":"message","value":"Token not found"},{"name":"errorCode","value":"BC_404-TOKEN_NOT_FOUND"}],"shouldDisplayMessage":true,"hasContent":true,"stepsCount":0,"attachmentsCount":0}],"attachments":[],"parameters":[],"shouldDisplayMessage":false,"hasContent":true,"stepsCount":2,"attachmentsCount":0},"afterStages":[{"name":"tearDown","time":{"start":1691346028372,"stop":1691346028372,"duration":0},"description":"","status":"passed","steps":[],"attachments":[],"parameters":[],"shouldDisplayMessage":false,"hasContent":false,"stepsCount":0,"attachmentsCount":0},{"name":"postconditions","time":{"start":1691346169527,"stop":1691346169527,"duration":0},"description":"","status":"passed","steps":[],"attachments":[],"parameters":[],"shouldDisplayMessage":false,"hasContent":false,"stepsCount":0,"attachmentsCount":0}],"labels":[{"name":"package","value":"tests.tokens.Token"},{"name":"testClass","value":"tests.tokens.Token"},{"name":"testMethod","value":"getATokenFail"},{"name":"parentSuite","value":"Cardano Regression Suite"},{"name":"suite","value":"Cardano API test "},{"name":"subSuite","value":"tests.tokens.Token"},{"name":"host","value":"fv-az166-989"},{"name":"thread","value":"2281@fv-az166-989.TestNG-test=Cardano API test -5(16)"},{"name":"framework","value":"testng"},{"name":"language","value":"java"},{"name":"resultFormat","value":"allure2"}],"parameters":[{"name":"arg0","value":"1"},{"name":"env","value":"mainnet"}],"links":[],"hidden":false,"retry":false,"extra":{"severity":"normal","retries":[],"categories":[{"name":"Product defects","matchedStatuses":[],"flaky":false}],"history":{"statistic":{"failed":15,"broken":8,"skipped":0,"passed":23,"unknown":0,"total":46},"items":[{"uid":"ef69d9329973a130","reportUrl":"https://Sotatek-DavidNguyen4.github.io/cardano-api-tests/398//#testresult/ef69d9329973a130","status":"failed","statusDetails":"1 expectation failed.\nExpected status code <400> but was <502>.\n","time":{"start":1691259627431,"stop":1691259629041,"duration":1610}},{"uid":"aabe124d6b39b4f9","reportUrl":"https://Sotatek-DavidNguyen4.github.io/cardano-api-tests/397//#testresult/aabe124d6b39b4f9","status":"failed","statusDetails":"1 expectation failed.\nExpected status code <400> but was <502>.\n","time":{"start":1691173326340,"stop":1691173328138,"duration":1798}},{"uid":"f0150dcec9613abc","reportUrl":"https://Sotatek-DavidNguyen4.github.io/cardano-api-tests/396//#testresult/f0150dcec9613abc","status":"failed","statusDetails":"1 expectation failed.\nExpected status code <400> but was <502>.\n","time":{"start":1691086939067,"stop":1691086941079,"duration":2012}},{"uid":"c4cadf2bce34d757","reportUrl":"https://Sotatek-DavidNguyen4.github.io/cardano-api-tests/395//#testresult/c4cadf2bce34d757","status":"failed","statusDetails":"1 expectation failed.\nExpected status code <400> but was <502>.\n","time":{"start":1691000553921,"stop":1691000556166,"duration":2245}},{"uid":"586398281e1ded8f","reportUrl":"https://Sotatek-DavidNguyen4.github.io/cardano-api-tests/394//#testresult/586398281e1ded8f","status":"failed","statusDetails":"1 expectation failed.\nExpected status code <400> but was <502>.\n","time":{"start":1690914156422,"stop":1690914158036,"duration":1614}},{"uid":"f8521601fac115ee","reportUrl":"https://Sotatek-DavidNguyen4.github.io/cardano-api-tests/393//#testresult/f8521601fac115ee","status":"failed","statusDetails":"1 expectation failed.\nExpected status code <400> but was <502>.\n","time":{"start":1690827756335,"stop":1690827758239,"duration":1904}},{"uid":"d75e5a16fc1e82af","reportUrl":"https://Sotatek-DavidNguyen4.github.io/cardano-api-tests/392//#testresult/d75e5a16fc1e82af","status":"failed","statusDetails":"1 expectation failed.\nExpected status code <400> but was <502>.\n","time":{"start":1690741245470,"stop":1690741246974,"duration":1504}},{"uid":"1fe0a4e4f8f90eaf","reportUrl":"https://Sotatek-DavidNguyen4.github.io/cardano-api-tests/391//#testresult/1fe0a4e4f8f90eaf","status":"failed","statusDetails":"1 expectation failed.\nExpected status code <400> but was <502>.\n","time":{"start":1690654834282,"stop":1690654836114,"duration":1832}},{"uid":"3dca3b9b0e9d84db","reportUrl":"https://Sotatek-DavidNguyen4.github.io/cardano-api-tests/390//#testresult/3dca3b9b0e9d84db","status":"failed","statusDetails":"1 expectation failed.\nExpected status code <400> but was <502>.\n","time":{"start":1690568427334,"stop":1690568428825,"duration":1491}},{"uid":"a4b12aa538e6b300","reportUrl":"https://Sotatek-DavidNguyen4.github.io/cardano-api-tests/389//#testresult/a4b12aa538e6b300","status":"failed","statusDetails":"1 expectation failed.\nExpected status code <400> but was <502>.\n","time":{"start":1690482154885,"stop":1690482156400,"duration":1515}},{"uid":"7b65ba83f1a59d47","reportUrl":"https://Sotatek-DavidNguyen4.github.io/cardano-api-tests/388//#testresult/7b65ba83f1a59d47","status":"failed","statusDetails":"1 expectation failed.\nExpected status code <400> but was <502>.\n","time":{"start":1690395744138,"stop":1690395745984,"duration":1846}},{"uid":"940a8604cf10bd71","reportUrl":"https://Sotatek-DavidNguyen4.github.io/cardano-api-tests/387//#testresult/940a8604cf10bd71","status":"failed","statusDetails":"1 expectation failed.\nExpected status code <400> but was <502>.\n","time":{"start":1690309317061,"stop":1690309318657,"duration":1596}},{"uid":"ecc2fd6dd67dedae","reportUrl":"https://Sotatek-DavidNguyen4.github.io/cardano-api-tests/386//#testresult/ecc2fd6dd67dedae","status":"failed","statusDetails":"1 expectation failed.\nExpected status code <400> but was <502>.\n","time":{"start":1690223110211,"stop":1690223111737,"duration":1526}},{"uid":"a2f8ede787cd82d1","reportUrl":"https://Sotatek-DavidNguyen4.github.io/cardano-api-tests/385//#testresult/a2f8ede787cd82d1","status":"broken","statusDetails":"Read timed out","time":{"start":1690137993923,"stop":1690138055452,"duration":61529}},{"uid":"65f815df3f5cfc4e","reportUrl":"https://Sotatek-DavidNguyen4.github.io/cardano-api-tests/384//#testresult/65f815df3f5cfc4e","status":"broken","statusDetails":"Read timed out","time":{"start":1690051577802,"stop":1690051639177,"duration":61375}},{"uid":"8fdc38f3168c7dcb","reportUrl":"https://Sotatek-DavidNguyen4.github.io/cardano-api-tests/383//#testresult/8fdc38f3168c7dcb","status":"broken","statusDetails":"Read timed out","time":{"start":1689965328858,"stop":1689965390567,"duration":61709}},{"uid":"ae2eb9d6f439c449","reportUrl":"https://Sotatek-DavidNguyen4.github.io/cardano-api-tests/382//#testresult/ae2eb9d6f439c449","status":"broken","statusDetails":"Read timed out","time":{"start":1689878921537,"stop":1689878983336,"duration":61799}},{"uid":"c14634f23291496d","reportUrl":"https://Sotatek-DavidNguyen4.github.io/cardano-api-tests/381//#testresult/c14634f23291496d","status":"broken","statusDetails":"Read timed out","time":{"start":1689792499463,"stop":1689792561093,"duration":61630}},{"uid":"a87aaf3f1f536ef6","reportUrl":"https://Sotatek-DavidNguyen4.github.io/cardano-api-tests/380//#testresult/a87aaf3f1f536ef6","status":"broken","statusDetails":"Read timed out","time":{"start":1689706211695,"stop":1689706273384,"duration":61689}},{"uid":"e969f4b98cf6a882","reportUrl":"https://Sotatek-DavidNguyen4.github.io/cardano-api-tests/379//#testresult/e969f4b98cf6a882","status":"broken","statusDetails":"Read timed out","time":{"start":1689619871870,"stop":1689619933553,"duration":61683}}]},"tags":[]},"source":"859c21e57fe190e3.json","parameterValues":["1","mainnet"]}