{"uid":"384f02c4ac4a77a7","name":"Get the transaction in each era","fullName":"tests.transaction.TransactionTests.get_transaction_by_hash_in_mainnet","historyId":"d2444ea0763a776e76c09ca35df93000","time":{"start":1692814936713,"stop":1692814938546,"duration":1833},"status":"failed","statusMessage":"1 expectation failed.\nExpected status code <200> but was <502>.\n","statusTrace":"java.lang.AssertionError: 1 expectation failed.\nExpected status code <200> but was <502>.\n\n\tat sun.reflect.GeneratedConstructorAccessor102.newInstance(Unknown Source)\n\tat sun.reflect.DelegatingConstructorAccessorImpl.newInstance(DelegatingConstructorAccessorImpl.java:45)\n\tat java.lang.reflect.Constructor.newInstance(Constructor.java:423)\n\tat org.codehaus.groovy.reflection.CachedConstructor.invoke(CachedConstructor.java:83)\n\tat org.codehaus.groovy.reflection.CachedConstructor.doConstructorInvoke(CachedConstructor.java:77)\n\tat org.codehaus.groovy.runtime.callsite.ConstructorSite$ConstructorSiteNoUnwrap.callConstructor(ConstructorSite.java:84)\n\tat org.codehaus.groovy.runtime.callsite.AbstractCallSite.callConstructor(AbstractCallSite.java:250)\n\tat io.restassured.internal.ResponseSpecificationImpl$HamcrestAssertionClosure.validate(ResponseSpecificationImpl.groovy:494)\n\tat io.restassured.internal.ResponseSpecificationImpl$HamcrestAssertionClosure$validate$5.call(Unknown Source)\n\tat io.restassured.internal.ResponseSpecificationImpl.validateResponseIfRequired(ResponseSpecificationImpl.groovy:656)\n\tat sun.reflect.GeneratedMethodAccessor214.invoke(Unknown Source)\n\tat sun.reflect.DelegatingMethodAccessorImpl.invoke(DelegatingMethodAccessorImpl.java:43)\n\tat java.lang.reflect.Method.invoke(Method.java:498)\n\tat org.codehaus.groovy.runtime.callsite.PogoMetaMethodSite$PogoCachedMethodSiteNoUnwrapNoCoerce.invoke(PogoMetaMethodSite.java:210)\n\tat org.codehaus.groovy.runtime.callsite.PogoMetaMethodSite.callCurrent(PogoMetaMethodSite.java:59)\n\tat org.codehaus.groovy.runtime.callsite.AbstractCallSite.callCurrent(AbstractCallSite.java:169)\n\tat io.restassured.internal.ResponseSpecificationImpl.statusCode(ResponseSpecificationImpl.groovy:125)\n\tat io.restassured.specification.ResponseSpecification$statusCode$0.callCurrent(Unknown Source)\n\tat io.restassured.internal.ResponseSpecificationImpl.statusCode(ResponseSpecificationImpl.groovy:133)\n\tat io.restassured.internal.ValidatableResponseOptionsImpl.statusCode(ValidatableResponseOptionsImpl.java:119)\n\tat core.BaseApi.validateStatusCode(BaseApi.java:84)\n\tat tests.transaction.TransactionTests.get_transaction_by_hash_in_mainnet(TransactionTests.java:192)\n\tat sun.reflect.NativeMethodAccessorImpl.invoke0(Native Method)\n\tat sun.reflect.NativeMethodAccessorImpl.invoke(NativeMethodAccessorImpl.java:62)\n\tat sun.reflect.DelegatingMethodAccessorImpl.invoke(DelegatingMethodAccessorImpl.java:43)\n\tat java.lang.reflect.Method.invoke(Method.java:498)\n\tat org.testng.internal.MethodInvocationHelper.invokeMethod(MethodInvocationHelper.java:134)\n\tat org.testng.internal.TestInvoker.invokeMethod(TestInvoker.java:597)\n\tat org.testng.internal.TestInvoker.invokeTestMethod(TestInvoker.java:173)\n\tat org.testng.internal.MethodRunner.runInSequence(MethodRunner.java:46)\n\tat org.testng.internal.TestInvoker$MethodInvocationAgent.invoke(TestInvoker.java:816)\n\tat org.testng.internal.TestInvoker.invokeTestMethods(TestInvoker.java:146)\n\tat org.testng.internal.TestMethodWorker.invokeTestMethods(TestMethodWorker.java:146)\n\tat org.testng.internal.TestMethodWorker.run(TestMethodWorker.java:128)\n\tat java.util.concurrent.ThreadPoolExecutor.runWorker(ThreadPoolExecutor.java:1149)\n\tat java.util.concurrent.ThreadPoolExecutor$Worker.run(ThreadPoolExecutor.java:624)\n\tat java.lang.Thread.run(Thread.java:750)\n","flaky":false,"newFailed":false,"newBroken":false,"newPassed":false,"retriesCount":0,"retriesStatusChange":false,"beforeStages":[{"name":"preconditions","time":{"start":1692814756420,"stop":1692814757057,"duration":637},"description":"","status":"passed","steps":[],"attachments":[],"parameters":[],"stepsCount":0,"attachmentsCount":0,"shouldDisplayMessage":false,"hasContent":false},{"name":"setUp","time":{"start":1692814936712,"stop":1692814936713,"duration":1},"description":"","status":"passed","steps":[],"attachments":[],"parameters":[],"stepsCount":0,"attachmentsCount":0,"shouldDisplayMessage":false,"hasContent":false}],"testStage":{"status":"failed","statusMessage":"1 expectation failed.\nExpected status code <200> but was <502>.\n","statusTrace":"java.lang.AssertionError: 1 expectation failed.\nExpected status code <200> but was <502>.\n\n\tat sun.reflect.GeneratedConstructorAccessor102.newInstance(Unknown Source)\n\tat sun.reflect.DelegatingConstructorAccessorImpl.newInstance(DelegatingConstructorAccessorImpl.java:45)\n\tat java.lang.reflect.Constructor.newInstance(Constructor.java:423)\n\tat org.codehaus.groovy.reflection.CachedConstructor.invoke(CachedConstructor.java:83)\n\tat org.codehaus.groovy.reflection.CachedConstructor.doConstructorInvoke(CachedConstructor.java:77)\n\tat org.codehaus.groovy.runtime.callsite.ConstructorSite$ConstructorSiteNoUnwrap.callConstructor(ConstructorSite.java:84)\n\tat org.codehaus.groovy.runtime.callsite.AbstractCallSite.callConstructor(AbstractCallSite.java:250)\n\tat io.restassured.internal.ResponseSpecificationImpl$HamcrestAssertionClosure.validate(ResponseSpecificationImpl.groovy:494)\n\tat io.restassured.internal.ResponseSpecificationImpl$HamcrestAssertionClosure$validate$5.call(Unknown Source)\n\tat io.restassured.internal.ResponseSpecificationImpl.validateResponseIfRequired(ResponseSpecificationImpl.groovy:656)\n\tat sun.reflect.GeneratedMethodAccessor214.invoke(Unknown Source)\n\tat sun.reflect.DelegatingMethodAccessorImpl.invoke(DelegatingMethodAccessorImpl.java:43)\n\tat java.lang.reflect.Method.invoke(Method.java:498)\n\tat org.codehaus.groovy.runtime.callsite.PogoMetaMethodSite$PogoCachedMethodSiteNoUnwrapNoCoerce.invoke(PogoMetaMethodSite.java:210)\n\tat org.codehaus.groovy.runtime.callsite.PogoMetaMethodSite.callCurrent(PogoMetaMethodSite.java:59)\n\tat org.codehaus.groovy.runtime.callsite.AbstractCallSite.callCurrent(AbstractCallSite.java:169)\n\tat io.restassured.internal.ResponseSpecificationImpl.statusCode(ResponseSpecificationImpl.groovy:125)\n\tat io.restassured.specification.ResponseSpecification$statusCode$0.callCurrent(Unknown Source)\n\tat io.restassured.internal.ResponseSpecificationImpl.statusCode(ResponseSpecificationImpl.groovy:133)\n\tat io.restassured.internal.ValidatableResponseOptionsImpl.statusCode(ValidatableResponseOptionsImpl.java:119)\n\tat core.BaseApi.validateStatusCode(BaseApi.java:84)\n\tat tests.transaction.TransactionTests.get_transaction_by_hash_in_mainnet(TransactionTests.java:192)\n\tat sun.reflect.NativeMethodAccessorImpl.invoke0(Native Method)\n\tat sun.reflect.NativeMethodAccessorImpl.invoke(NativeMethodAccessorImpl.java:62)\n\tat sun.reflect.DelegatingMethodAccessorImpl.invoke(DelegatingMethodAccessorImpl.java:43)\n\tat java.lang.reflect.Method.invoke(Method.java:498)\n\tat org.testng.internal.MethodInvocationHelper.invokeMethod(MethodInvocationHelper.java:134)\n\tat org.testng.internal.TestInvoker.invokeMethod(TestInvoker.java:597)\n\tat org.testng.internal.TestInvoker.invokeTestMethod(TestInvoker.java:173)\n\tat org.testng.internal.MethodRunner.runInSequence(MethodRunner.java:46)\n\tat org.testng.internal.TestInvoker$MethodInvocationAgent.invoke(TestInvoker.java:816)\n\tat org.testng.internal.TestInvoker.invokeTestMethods(TestInvoker.java:146)\n\tat org.testng.internal.TestMethodWorker.invokeTestMethods(TestMethodWorker.java:146)\n\tat org.testng.internal.TestMethodWorker.run(TestMethodWorker.java:128)\n\tat java.util.concurrent.ThreadPoolExecutor.runWorker(ThreadPoolExecutor.java:1149)\n\tat java.util.concurrent.ThreadPoolExecutor$Worker.run(ThreadPoolExecutor.java:624)\n\tat java.lang.Thread.run(Thread.java:750)\n","steps":[{"name":"Get transaction by hash","time":{"start":1692814936713,"stop":1692814938545,"duration":1832},"status":"passed","steps":[],"attachments":[],"parameters":[{"name":"hash","value":"07a008e4b7b42e5764eeee2b7b251abb7e343eaf164e21ffdeb7fb6b94183680"}],"stepsCount":0,"attachmentsCount":0,"shouldDisplayMessage":false,"hasContent":true}],"attachments":[],"parameters":[],"stepsCount":1,"attachmentsCount":0,"shouldDisplayMessage":true,"hasContent":true},"afterStages":[{"name":"tearDown","time":{"start":1692814938547,"stop":1692814938547,"duration":0},"description":"","status":"passed","steps":[],"attachments":[],"parameters":[],"stepsCount":0,"attachmentsCount":0,"shouldDisplayMessage":false,"hasContent":false},{"name":"postconditions","time":{"start":1692814953405,"stop":1692814953405,"duration":0},"description":"","status":"passed","steps":[],"attachments":[],"parameters":[],"stepsCount":0,"attachmentsCount":0,"shouldDisplayMessage":false,"hasContent":false}],"labels":[{"name":"package","value":"tests.transaction.TransactionTests"},{"name":"testClass","value":"tests.transaction.TransactionTests"},{"name":"testMethod","value":"get_transaction_by_hash_in_mainnet"},{"name":"parentSuite","value":"Cardano Regression Suite"},{"name":"suite","value":"Cardano API test "},{"name":"subSuite","value":"tests.transaction.TransactionTests"},{"name":"host","value":"fv-az248-119"},{"name":"thread","value":"2332@fv-az248-119.TestNG-test=Cardano API test -1(12)"},{"name":"framework","value":"testng"},{"name":"language","value":"java"},{"name":"feature","value":"api-transactions"},{"name":"story","value":"Transactions test"},{"name":"epic","value":"cardano"},{"name":"resultFormat","value":"allure2"}],"parameters":[{"name":"arg0","value":"TransactionResponse(tx=TransactionInfo(hash=07a008e4b7b42e5764eeee2b7b251abb7e343eaf164e21ffdeb7fb6b94183680, time=null, blockNo=5408747, blockHash=8d04e6b85da5d03f31d1b84a7d6697f207543bf58fe0faa36f6c39590fe084ca, epochSlot=0, maxEpochSlot=432000, epochNo=251, status=null, confirmation=0, fee=0, outSum=0), summary=null, contracts=null, collaterals=null, notes=null, withdrawals=null, delegations=null, mints=null, protocols=null, stakeCertificates=null, poolCertificates=null, previousProtocols=null, utxOs=null)"},{"name":"env","value":"mainnet"}],"links":[],"hidden":false,"retry":false,"extra":{"severity":"normal","retries":[],"categories":[{"name":"Product defects","matchedStatuses":[],"flaky":false}],"history":{"statistic":{"failed":32,"broken":8,"skipped":0,"passed":26,"unknown":0,"total":66},"items":[{"uid":"54faee6992e26154","reportUrl":"https://Sotatek-DavidNguyen4.github.io/cardano-api-tests/415//#testresult/54faee6992e26154","status":"failed","statusDetails":"1 expectation failed.\nExpected status code <200> but was <502>.\n","time":{"start":1692728636555,"stop":1692728638124,"duration":1569}},{"uid":"da12231dd136b996","reportUrl":"https://Sotatek-DavidNguyen4.github.io/cardano-api-tests/414//#testresult/da12231dd136b996","status":"failed","statusDetails":"1 expectation failed.\nExpected status code <200> but was <502>.\n","time":{"start":1692642209484,"stop":1692642211451,"duration":1967}},{"uid":"7ba7abe1c76a30fc","reportUrl":"https://Sotatek-DavidNguyen4.github.io/cardano-api-tests/413//#testresult/7ba7abe1c76a30fc","status":"failed","statusDetails":"1 expectation failed.\nExpected status code <200> but was <502>.\n","time":{"start":1692555701372,"stop":1692555702856,"duration":1484}},{"uid":"a71ebd426b97f39c","reportUrl":"https://Sotatek-DavidNguyen4.github.io/cardano-api-tests/412//#testresult/a71ebd426b97f39c","status":"failed","statusDetails":"1 expectation failed.\nExpected status code <200> but was <502>.\n","time":{"start":1692469330471,"stop":1692469332320,"duration":1849}},{"uid":"3954b82571d839d7","reportUrl":"https://Sotatek-DavidNguyen4.github.io/cardano-api-tests/411//#testresult/3954b82571d839d7","status":"failed","statusDetails":"1 expectation failed.\nExpected status code <200> but was <502>.\n","time":{"start":1692383023960,"stop":1692383025863,"duration":1903}},{"uid":"f23b00d396083c45","reportUrl":"https://Sotatek-DavidNguyen4.github.io/cardano-api-tests/410//#testresult/f23b00d396083c45","status":"failed","statusDetails":"1 expectation failed.\nExpected status code <200> but was <502>.\n","time":{"start":1692296635985,"stop":1692296637455,"duration":1470}},{"uid":"27cbf79d0e09e683","reportUrl":"https://Sotatek-DavidNguyen4.github.io/cardano-api-tests/409//#testresult/27cbf79d0e09e683","status":"failed","statusDetails":"1 expectation failed.\nExpected status code <200> but was <502>.\n","time":{"start":1692210258048,"stop":1692210259961,"duration":1913}},{"uid":"845d23923e69075f","reportUrl":"https://Sotatek-DavidNguyen4.github.io/cardano-api-tests/408//#testresult/845d23923e69075f","status":"failed","statusDetails":"1 expectation failed.\nExpected status code <200> but was <502>.\n","time":{"start":1692123802793,"stop":1692123804471,"duration":1678}},{"uid":"62489918cae1fcad","reportUrl":"https://Sotatek-DavidNguyen4.github.io/cardano-api-tests/407//#testresult/62489918cae1fcad","status":"failed","statusDetails":"1 expectation failed.\nExpected status code <200> but was <502>.\n","time":{"start":1692037451225,"stop":1692037453082,"duration":1857}},{"uid":"d618c12a390831fb","reportUrl":"https://Sotatek-DavidNguyen4.github.io/cardano-api-tests/406//#testresult/d618c12a390831fb","status":"failed","statusDetails":"1 expectation failed.\nExpected status code <200> but was <502>.\n","time":{"start":1691950949530,"stop":1691950951491,"duration":1961}},{"uid":"3cc3e7c8a3724b8b","reportUrl":"https://Sotatek-DavidNguyen4.github.io/cardano-api-tests/405//#testresult/3cc3e7c8a3724b8b","status":"failed","statusDetails":"1 expectation failed.\nExpected status code <200> but was <502>.\n","time":{"start":1691864531639,"stop":1691864533419,"duration":1780}},{"uid":"d204dd7bec739b14","reportUrl":"https://Sotatek-DavidNguyen4.github.io/cardano-api-tests/404//#testresult/d204dd7bec739b14","status":"failed","statusDetails":"1 expectation failed.\nExpected status code <200> but was <502>.\n","time":{"start":1691778219270,"stop":1691778220983,"duration":1713}},{"uid":"8c85d4fbb010fe33","reportUrl":"https://Sotatek-DavidNguyen4.github.io/cardano-api-tests/403//#testresult/8c85d4fbb010fe33","status":"failed","statusDetails":"1 expectation failed.\nExpected status code <200> but was <502>.\n","time":{"start":1691691877616,"stop":1691691879555,"duration":1939}},{"uid":"c000e3210ac31c95","reportUrl":"https://Sotatek-DavidNguyen4.github.io/cardano-api-tests/402//#testresult/c000e3210ac31c95","status":"failed","statusDetails":"1 expectation failed.\nExpected status code <200> but was <502>.\n","time":{"start":1691605548096,"stop":1691605549616,"duration":1520}},{"uid":"a9268ed970f9991e","reportUrl":"https://Sotatek-DavidNguyen4.github.io/cardano-api-tests/401//#testresult/a9268ed970f9991e","status":"failed","statusDetails":"1 expectation failed.\nExpected status code <200> but was <502>.\n","time":{"start":1691519145313,"stop":1691519146810,"duration":1497}},{"uid":"2fcfbd0892befc17","reportUrl":"https://Sotatek-DavidNguyen4.github.io/cardano-api-tests/400//#testresult/2fcfbd0892befc17","status":"failed","statusDetails":"1 expectation failed.\nExpected status code <200> but was <502>.\n","time":{"start":1691432651875,"stop":1691432653843,"duration":1968}},{"uid":"b564ec78ee73ce0f","reportUrl":"https://Sotatek-DavidNguyen4.github.io/cardano-api-tests/399//#testresult/b564ec78ee73ce0f","status":"failed","statusDetails":"1 expectation failed.\nExpected status code <200> but was <502>.\n","time":{"start":1691346153267,"stop":1691346154980,"duration":1713}},{"uid":"d24607969e348019","reportUrl":"https://Sotatek-DavidNguyen4.github.io/cardano-api-tests/398//#testresult/d24607969e348019","status":"failed","statusDetails":"1 expectation failed.\nExpected status code <200> but was <502>.\n","time":{"start":1691259746199,"stop":1691259747812,"duration":1613}},{"uid":"6bea824aa9d7608b","reportUrl":"https://Sotatek-DavidNguyen4.github.io/cardano-api-tests/397//#testresult/6bea824aa9d7608b","status":"failed","statusDetails":"1 expectation failed.\nExpected status code <200> but was <502>.\n","time":{"start":1691173459919,"stop":1691173461761,"duration":1842}},{"uid":"b39e049e361240a6","reportUrl":"https://Sotatek-DavidNguyen4.github.io/cardano-api-tests/396//#testresult/b39e049e361240a6","status":"failed","statusDetails":"1 expectation failed.\nExpected status code <200> but was <502>.\n","time":{"start":1691087082716,"stop":1691087084659,"duration":1943}}]},"tags":[]},"source":"384f02c4ac4a77a7.json","parameterValues":["TransactionResponse(tx=TransactionInfo(hash=07a008e4b7b42e5764eeee2b7b251abb7e343eaf164e21ffdeb7fb6b94183680, time=null, blockNo=5408747, blockHash=8d04e6b85da5d03f31d1b84a7d6697f207543bf58fe0faa36f6c39590fe084ca, epochSlot=0, maxEpochSlot=432000, epochNo=251, status=null, confirmation=0, fee=0, outSum=0), summary=null, contracts=null, collaterals=null, notes=null, withdrawals=null, delegations=null, mints=null, protocols=null, stakeCertificates=null, poolCertificates=null, previousProtocols=null, utxOs=null)","mainnet"]}