{"name":"verify that get list token successfull","status":"failed","statusDetails":{"known":false,"muted":false,"flaky":false,"message":"expected [20] but found [0]","trace":"java.lang.AssertionError: expected [20] but found [0]\r\n\tat org.testng.Assert.fail(Assert.java:97)\r\n\tat org.testng.Assert.assertEqualsImpl(Assert.java:136)\r\n\tat org.testng.Assert.assertEquals(Assert.java:118)\r\n\tat org.testng.Assert.assertEquals(Assert.java:839)\r\n\tat org.testng.Assert.assertEquals(Assert.java:849)\r\n\tat microservices.token.steps.TokenSteps.verifySizeOfResponse(TokenSteps.java:36)\r\n\tat tests.TokenTests.getListTokenSuccess(TokenTests.java:31)\r\n\tat sun.reflect.NativeMethodAccessorImpl.invoke0(Native Method)\r\n\tat sun.reflect.NativeMethodAccessorImpl.invoke(NativeMethodAccessorImpl.java:62)\r\n\tat sun.reflect.DelegatingMethodAccessorImpl.invoke(DelegatingMethodAccessorImpl.java:43)\r\n\tat java.lang.reflect.Method.invoke(Method.java:498)\r\n\tat org.testng.internal.MethodInvocationHelper.invokeMethod(MethodInvocationHelper.java:134)\r\n\tat org.testng.internal.TestInvoker.invokeMethod(TestInvoker.java:597)\r\n\tat org.testng.internal.TestInvoker.invokeTestMethod(TestInvoker.java:173)\r\n\tat org.testng.internal.MethodRunner.runInSequence(MethodRunner.java:46)\r\n\tat org.testng.internal.TestInvoker$MethodInvocationAgent.invoke(TestInvoker.java:816)\r\n\tat org.testng.internal.TestInvoker.invokeTestMethods(TestInvoker.java:146)\r\n\tat org.testng.internal.TestMethodWorker.invokeTestMethods(TestMethodWorker.java:146)\r\n\tat org.testng.internal.TestMethodWorker.run(TestMethodWorker.java:128)\r\n\tat java.util.ArrayList.forEach(ArrayList.java:1259)\r\n\tat org.testng.TestRunner.privateRun(TestRunner.java:766)\r\n\tat org.testng.TestRunner.run(TestRunner.java:587)\r\n\tat org.testng.SuiteRunner.runTest(SuiteRunner.java:384)\r\n\tat org.testng.SuiteRunner.runSequentially(SuiteRunner.java:378)\r\n\tat org.testng.SuiteRunner.privateRun(SuiteRunner.java:337)\r\n\tat org.testng.SuiteRunner.run(SuiteRunner.java:286)\r\n\tat org.testng.SuiteRunnerWorker.runSuite(SuiteRunnerWorker.java:53)\r\n\tat org.testng.SuiteRunnerWorker.run(SuiteRunnerWorker.java:96)\r\n\tat org.testng.TestNG.runSuitesSequentially(TestNG.java:1187)\r\n\tat org.testng.TestNG.runSuitesLocally(TestNG.java:1109)\r\n\tat org.testng.TestNG.runSuites(TestNG.java:1039)\r\n\tat org.testng.TestNG.run(TestNG.java:1007)\r\n\tat com.intellij.rt.testng.IDEARemoteTestNG.run(IDEARemoteTestNG.java:66)\r\n\tat com.intellij.rt.testng.RemoteTestNGStarter.main(RemoteTestNGStarter.java:105)\r\n"},"stage":"finished","steps":[{"name":"get list token","status":"passed","stage":"finished","steps":[],"attachments":[],"parameters":[{"name":"paramsToken","value":"{size=-10, page=10, sort=supply,ASC}"}],"start":1684225029767,"stop":1684225029898},{"name":"verify status response of get list token","status":"passed","stage":"finished","steps":[],"attachments":[],"parameters":[{"name":"statusCode","value":"200"}],"start":1684225029898,"stop":1684225029903},{"name":"save response get list token","status":"passed","stage":"finished","steps":[],"attachments":[],"parameters":[],"start":1684225029903,"stop":1684225029904},{"name":"verify number page of response get list token","status":"passed","stage":"finished","steps":[],"attachments":[],"parameters":[{"name":"pageNumberActual","value":"10"},{"name":"pageNumberExpect","value":"10"}],"start":1684225029904,"stop":1684225029905},{"name":"verify number size of response get list token","status":"failed","statusDetails":{"known":false,"muted":false,"flaky":false,"message":"expected [20] but found [0]","trace":"java.lang.AssertionError: expected [20] but found [0]\r\n\tat org.testng.Assert.fail(Assert.java:97)\r\n\tat org.testng.Assert.assertEqualsImpl(Assert.java:136)\r\n\tat org.testng.Assert.assertEquals(Assert.java:118)\r\n\tat org.testng.Assert.assertEquals(Assert.java:839)\r\n\tat org.testng.Assert.assertEquals(Assert.java:849)\r\n\tat microservices.token.steps.TokenSteps.verifySizeOfResponse(TokenSteps.java:36)\r\n\tat tests.TokenTests.getListTokenSuccess(TokenTests.java:31)\r\n\tat sun.reflect.NativeMethodAccessorImpl.invoke0(Native Method)\r\n\tat sun.reflect.NativeMethodAccessorImpl.invoke(NativeMethodAccessorImpl.java:62)\r\n\tat sun.reflect.DelegatingMethodAccessorImpl.invoke(DelegatingMethodAccessorImpl.java:43)\r\n\tat java.lang.reflect.Method.invoke(Method.java:498)\r\n\tat org.testng.internal.MethodInvocationHelper.invokeMethod(MethodInvocationHelper.java:134)\r\n\tat org.testng.internal.TestInvoker.invokeMethod(TestInvoker.java:597)\r\n\tat org.testng.internal.TestInvoker.invokeTestMethod(TestInvoker.java:173)\r\n\tat org.testng.internal.MethodRunner.runInSequence(MethodRunner.java:46)\r\n\tat org.testng.internal.TestInvoker$MethodInvocationAgent.invoke(TestInvoker.java:816)\r\n\tat org.testng.internal.TestInvoker.invokeTestMethods(TestInvoker.java:146)\r\n\tat org.testng.internal.TestMethodWorker.invokeTestMethods(TestMethodWorker.java:146)\r\n\tat org.testng.internal.TestMethodWorker.run(TestMethodWorker.java:128)\r\n\tat java.util.ArrayList.forEach(ArrayList.java:1259)\r\n\tat org.testng.TestRunner.privateRun(TestRunner.java:766)\r\n\tat org.testng.TestRunner.run(TestRunner.java:587)\r\n\tat org.testng.SuiteRunner.runTest(SuiteRunner.java:384)\r\n\tat org.testng.SuiteRunner.runSequentially(SuiteRunner.java:378)\r\n\tat org.testng.SuiteRunner.privateRun(SuiteRunner.java:337)\r\n\tat org.testng.SuiteRunner.run(SuiteRunner.java:286)\r\n\tat org.testng.SuiteRunnerWorker.runSuite(SuiteRunnerWorker.java:53)\r\n\tat org.testng.SuiteRunnerWorker.run(SuiteRunnerWorker.java:96)\r\n\tat org.testng.TestNG.runSuitesSequentially(TestNG.java:1187)\r\n\tat org.testng.TestNG.runSuitesLocally(TestNG.java:1109)\r\n\tat org.testng.TestNG.runSuites(TestNG.java:1039)\r\n\tat org.testng.TestNG.run(TestNG.java:1007)\r\n\tat com.intellij.rt.testng.IDEARemoteTestNG.run(IDEARemoteTestNG.java:66)\r\n\tat com.intellij.rt.testng.RemoteTestNGStarter.main(RemoteTestNGStarter.java:105)\r\n"},"stage":"finished","steps":[],"attachments":[],"parameters":[{"name":"sizeActual","value":"0"},{"name":"sizeExpect","value":"-10"}],"start":1684225029905,"stop":1684225029905}],"attachments":[],"parameters":[{"name":"arg2","value":"supply,ASC"},{"name":"arg1","value":"-10"},{"name":"arg0","value":"10"}],"start":1684225029766,"stop":1684225029907,"uuid":"398186fd-0fdd-4029-9d1c-d8161088034a","historyId":"989e87213bf0a16fc6d51f66827cb205","fullName":"tests.TokenTests.getListTokenSuccess","labels":[{"name":"package","value":"tests.TokenTests"},{"name":"testClass","value":"tests.TokenTests"},{"name":"testMethod","value":"getListTokenSuccess"},{"name":"parentSuite","value":"Default Suite"},{"name":"suite","value":"cardano-api-tests"},{"name":"subSuite","value":"tests.TokenTests"},{"name":"host","value":"DESKTOP-3R1D0SJ"},{"name":"thread","value":"6252@DESKTOP-3R1D0SJ.main(1)"},{"name":"framework","value":"testng"},{"name":"language","value":"java"}],"links":[]}