{"uid":"507ea41f1e89a006","name":"verify that get list token successfull","fullName":"tests.TokenTests.getListTokenSuccess","historyId":"ed84c2bf9a1333866317f06a0296baf1","time":{"start":1684467272484,"stop":1684467274195,"duration":1711},"status":"failed","statusMessage":"expected [2] but found [0]","statusTrace":"java.lang.AssertionError: expected [2] but found [0]\n\tat org.testng.Assert.fail(Assert.java:97)\n\tat org.testng.Assert.assertEqualsImpl(Assert.java:136)\n\tat org.testng.Assert.assertEquals(Assert.java:118)\n\tat org.testng.Assert.assertEquals(Assert.java:839)\n\tat org.testng.Assert.assertEquals(Assert.java:849)\n\tat microservices.token.steps.TokenSteps.verifySizeOfResponse(TokenSteps.java:39)\n\tat tests.TokenTests.getListTokenSuccess(TokenTests.java:31)\n\tat sun.reflect.NativeMethodAccessorImpl.invoke0(Native Method)\n\tat sun.reflect.NativeMethodAccessorImpl.invoke(NativeMethodAccessorImpl.java:62)\n\tat sun.reflect.DelegatingMethodAccessorImpl.invoke(DelegatingMethodAccessorImpl.java:43)\n\tat java.lang.reflect.Method.invoke(Method.java:498)\n\tat org.testng.internal.MethodInvocationHelper.invokeMethod(MethodInvocationHelper.java:134)\n\tat org.testng.internal.TestInvoker.invokeMethod(TestInvoker.java:597)\n\tat org.testng.internal.TestInvoker.invokeTestMethod(TestInvoker.java:173)\n\tat org.testng.internal.MethodRunner.runInSequence(MethodRunner.java:46)\n\tat org.testng.internal.TestInvoker$MethodInvocationAgent.invoke(TestInvoker.java:816)\n\tat org.testng.internal.TestInvoker.invokeTestMethods(TestInvoker.java:146)\n\tat org.testng.internal.TestMethodWorker.invokeTestMethods(TestMethodWorker.java:146)\n\tat org.testng.internal.TestMethodWorker.run(TestMethodWorker.java:128)\n\tat java.util.concurrent.ThreadPoolExecutor.runWorker(ThreadPoolExecutor.java:1149)\n\tat java.util.concurrent.ThreadPoolExecutor$Worker.run(ThreadPoolExecutor.java:624)\n\tat java.lang.Thread.run(Thread.java:750)\n","flaky":false,"newFailed":false,"newBroken":false,"newPassed":false,"retriesCount":0,"retriesStatusChange":false,"beforeStages":[{"name":"setUp","time":{"start":1684467272482,"stop":1684467272482,"duration":0},"description":"","status":"passed","steps":[],"attachments":[],"parameters":[],"stepsCount":0,"attachmentsCount":0,"shouldDisplayMessage":false,"hasContent":false}],"testStage":{"status":"failed","statusMessage":"expected [2] but found [0]","statusTrace":"java.lang.AssertionError: expected [2] but found [0]\n\tat org.testng.Assert.fail(Assert.java:97)\n\tat org.testng.Assert.assertEqualsImpl(Assert.java:136)\n\tat org.testng.Assert.assertEquals(Assert.java:118)\n\tat org.testng.Assert.assertEquals(Assert.java:839)\n\tat org.testng.Assert.assertEquals(Assert.java:849)\n\tat microservices.token.steps.TokenSteps.verifySizeOfResponse(TokenSteps.java:39)\n\tat tests.TokenTests.getListTokenSuccess(TokenTests.java:31)\n\tat sun.reflect.NativeMethodAccessorImpl.invoke0(Native Method)\n\tat sun.reflect.NativeMethodAccessorImpl.invoke(NativeMethodAccessorImpl.java:62)\n\tat sun.reflect.DelegatingMethodAccessorImpl.invoke(DelegatingMethodAccessorImpl.java:43)\n\tat java.lang.reflect.Method.invoke(Method.java:498)\n\tat org.testng.internal.MethodInvocationHelper.invokeMethod(MethodInvocationHelper.java:134)\n\tat org.testng.internal.TestInvoker.invokeMethod(TestInvoker.java:597)\n\tat org.testng.internal.TestInvoker.invokeTestMethod(TestInvoker.java:173)\n\tat org.testng.internal.MethodRunner.runInSequence(MethodRunner.java:46)\n\tat org.testng.internal.TestInvoker$MethodInvocationAgent.invoke(TestInvoker.java:816)\n\tat org.testng.internal.TestInvoker.invokeTestMethods(TestInvoker.java:146)\n\tat org.testng.internal.TestMethodWorker.invokeTestMethods(TestMethodWorker.java:146)\n\tat org.testng.internal.TestMethodWorker.run(TestMethodWorker.java:128)\n\tat java.util.concurrent.ThreadPoolExecutor.runWorker(ThreadPoolExecutor.java:1149)\n\tat java.util.concurrent.ThreadPoolExecutor$Worker.run(ThreadPoolExecutor.java:624)\n\tat java.lang.Thread.run(Thread.java:750)\n","steps":[{"name":"get list token","time":{"start":1684467272484,"stop":1684467274192,"duration":1708},"status":"passed","steps":[],"attachments":[],"parameters":[{"name":"paramsToken","value":"{size=2, page=-10, sort=supply,ASC}"}],"stepsCount":0,"attachmentsCount":0,"shouldDisplayMessage":false,"hasContent":true},{"name":"save response get list token","time":{"start":1684467274193,"stop":1684467274194,"duration":1},"status":"passed","steps":[],"attachments":[],"parameters":[],"stepsCount":0,"attachmentsCount":0,"shouldDisplayMessage":false,"hasContent":false},{"name":"verify number page of response get list token","time":{"start":1684467274194,"stop":1684467274194,"duration":0},"status":"passed","steps":[],"attachments":[],"parameters":[{"name":"pageNumberActual","value":"0"},{"name":"pageNumberExpect","value":"-10"}],"stepsCount":0,"attachmentsCount":0,"shouldDisplayMessage":false,"hasContent":true},{"name":"verify number size of response get list token","time":{"start":1684467274194,"stop":1684467274194,"duration":0},"status":"failed","statusMessage":"expected [2] but found [0]","statusTrace":"java.lang.AssertionError: expected [2] but found [0]\n\tat org.testng.Assert.fail(Assert.java:97)\n\tat org.testng.Assert.assertEqualsImpl(Assert.java:136)\n\tat org.testng.Assert.assertEquals(Assert.java:118)\n\tat org.testng.Assert.assertEquals(Assert.java:839)\n\tat org.testng.Assert.assertEquals(Assert.java:849)\n\tat microservices.token.steps.TokenSteps.verifySizeOfResponse(TokenSteps.java:39)\n\tat tests.TokenTests.getListTokenSuccess(TokenTests.java:31)\n\tat sun.reflect.NativeMethodAccessorImpl.invoke0(Native Method)\n\tat sun.reflect.NativeMethodAccessorImpl.invoke(NativeMethodAccessorImpl.java:62)\n\tat sun.reflect.DelegatingMethodAccessorImpl.invoke(DelegatingMethodAccessorImpl.java:43)\n\tat java.lang.reflect.Method.invoke(Method.java:498)\n\tat org.testng.internal.MethodInvocationHelper.invokeMethod(MethodInvocationHelper.java:134)\n\tat org.testng.internal.TestInvoker.invokeMethod(TestInvoker.java:597)\n\tat org.testng.internal.TestInvoker.invokeTestMethod(TestInvoker.java:173)\n\tat org.testng.internal.MethodRunner.runInSequence(MethodRunner.java:46)\n\tat org.testng.internal.TestInvoker$MethodInvocationAgent.invoke(TestInvoker.java:816)\n\tat org.testng.internal.TestInvoker.invokeTestMethods(TestInvoker.java:146)\n\tat org.testng.internal.TestMethodWorker.invokeTestMethods(TestMethodWorker.java:146)\n\tat org.testng.internal.TestMethodWorker.run(TestMethodWorker.java:128)\n\tat java.util.concurrent.ThreadPoolExecutor.runWorker(ThreadPoolExecutor.java:1149)\n\tat java.util.concurrent.ThreadPoolExecutor$Worker.run(ThreadPoolExecutor.java:624)\n\tat java.lang.Thread.run(Thread.java:750)\n","steps":[],"attachments":[],"parameters":[{"name":"sizeActual","value":"0"},{"name":"sizeExpect","value":"2"}],"stepsCount":0,"attachmentsCount":0,"shouldDisplayMessage":true,"hasContent":true}],"attachments":[],"parameters":[],"stepsCount":4,"attachmentsCount":0,"shouldDisplayMessage":false,"hasContent":true},"afterStages":[{"name":"tearDown","time":{"start":1684467274197,"stop":1684467274197,"duration":0},"description":"","status":"passed","steps":[],"attachments":[],"parameters":[],"stepsCount":0,"attachmentsCount":0,"shouldDisplayMessage":false,"hasContent":false}],"labels":[{"name":"package","value":"tests.TokenTests"},{"name":"testClass","value":"tests.TokenTests"},{"name":"testMethod","value":"getListTokenSuccess"},{"name":"parentSuite","value":"Setel Regression Suite"},{"name":"suite","value":"Setel Admin test on chrome"},{"name":"subSuite","value":"tests.TokenTests"},{"name":"host","value":"fv-az169-156"},{"name":"thread","value":"2421@fv-az169-156.TestNG-test=Setel Admin test on chrome-3(14)"},{"name":"framework","value":"testng"},{"name":"language","value":"java"},{"name":"resultFormat","value":"allure2"}],"parameters":[{"name":"arg0","value":"-10"},{"name":"arg1","value":"2"},{"name":"arg2","value":"supply,ASC"}],"links":[],"hidden":false,"retry":false,"extra":{"severity":"normal","retries":[],"categories":[{"name":"Product defects","matchedStatuses":[],"flaky":false}],"history":{"statistic":{"failed":9,"broken":0,"skipped":0,"passed":1,"unknown":0,"total":10},"items":[{"uid":"e0cb9a3d37110427","reportUrl":"https://Sotatek-DavidNguyen4.github.io/cardano-api-tests/63//#testresult/e0cb9a3d37110427","status":"failed","statusDetails":"expected [2] but found [0]","time":{"start":1684466914746,"stop":1684466916805,"duration":2059}},{"uid":"e50249bf459b97c9","reportUrl":"https://Sotatek-DavidNguyen4.github.io/cardano-api-tests/62//#testresult/e50249bf459b97c9","status":"failed","statusDetails":"expected [2] but found [0]","time":{"start":1684460917418,"stop":1684460919064,"duration":1646}},{"uid":"9a1fe46c433ba0f1","reportUrl":"https://Sotatek-DavidNguyen4.github.io/cardano-api-tests/61//#testresult/9a1fe46c433ba0f1","status":"failed","statusDetails":"expected [2] but found [0]","time":{"start":1684459895153,"stop":1684459896822,"duration":1669}},{"uid":"4f4188e0da522e8b","reportUrl":"https://Sotatek-DavidNguyen4.github.io/cardano-api-tests/60//#testresult/4f4188e0da522e8b","status":"failed","statusDetails":"expected [2] but found [0]","time":{"start":1684434609047,"stop":1684434610758,"duration":1711}},{"uid":"ae52cbe7ad8644d5","reportUrl":"https://Sotatek-DavidNguyen4.github.io/cardano-api-tests/59//#testresult/ae52cbe7ad8644d5","status":"failed","statusDetails":"expected [2] but found [0]","time":{"start":1684408370294,"stop":1684408371904,"duration":1610}},{"uid":"6c4615225cad8f5a","reportUrl":"https://Sotatek-DavidNguyen4.github.io/cardano-api-tests/58//#testresult/6c4615225cad8f5a","status":"failed","statusDetails":"1 expectation failed.\nExpected status code <200> but was <500>.\n","time":{"start":1684385008400,"stop":1684385010451,"duration":2051}},{"uid":"c4715b13a2662a7d","reportUrl":"https://Sotatek-DavidNguyen4.github.io/cardano-api-tests/57//#testresult/c4715b13a2662a7d","status":"failed","statusDetails":"1 expectation failed.\nExpected status code <200> but was <500>.\n","time":{"start":1684348180797,"stop":1684348182789,"duration":1992}},{"uid":"ae59b5052f241905","reportUrl":"https://Sotatek-DavidNguyen4.github.io/cardano-api-tests/56//#testresult/ae59b5052f241905","status":"failed","statusDetails":"1 expectation failed.\nExpected status code <200> but was <500>.\n","time":{"start":1684322619473,"stop":1684322621534,"duration":2061}},{"uid":"1474d6c5df03cbc1","reportUrl":"https://Sotatek-DavidNguyen4.github.io/cardano-api-tests/55//#testresult/1474d6c5df03cbc1","status":"passed","time":{"start":1684295965330,"stop":1684295967286,"duration":1956}}]},"tags":[]},"source":"507ea41f1e89a006.json","parameterValues":["-10","2","supply,ASC"]}