{"uid":"e3b4b942f88cc1b4","name":"verify that get list token successfull","fullName":"tests.TokenTests.getListTokenSuccess","historyId":"989e87213bf0a16fc6d51f66827cb205","time":{"start":1684460919068,"stop":1684460920737,"duration":1669},"status":"failed","statusMessage":"expected [20] but found [0]","statusTrace":"java.lang.AssertionError: expected [20] but found [0]\n\tat org.testng.Assert.fail(Assert.java:97)\n\tat org.testng.Assert.assertEqualsImpl(Assert.java:136)\n\tat org.testng.Assert.assertEquals(Assert.java:118)\n\tat org.testng.Assert.assertEquals(Assert.java:839)\n\tat org.testng.Assert.assertEquals(Assert.java:849)\n\tat microservices.token.steps.TokenSteps.verifySizeOfResponse(TokenSteps.java:37)\n\tat tests.TokenTests.getListTokenSuccess(TokenTests.java:31)\n\tat sun.reflect.NativeMethodAccessorImpl.invoke0(Native Method)\n\tat sun.reflect.NativeMethodAccessorImpl.invoke(NativeMethodAccessorImpl.java:62)\n\tat sun.reflect.DelegatingMethodAccessorImpl.invoke(DelegatingMethodAccessorImpl.java:43)\n\tat java.lang.reflect.Method.invoke(Method.java:498)\n\tat org.testng.internal.MethodInvocationHelper.invokeMethod(MethodInvocationHelper.java:134)\n\tat org.testng.internal.TestInvoker.invokeMethod(TestInvoker.java:597)\n\tat org.testng.internal.TestInvoker.invokeTestMethod(TestInvoker.java:173)\n\tat org.testng.internal.MethodRunner.runInSequence(MethodRunner.java:46)\n\tat org.testng.internal.TestInvoker$MethodInvocationAgent.invoke(TestInvoker.java:816)\n\tat org.testng.internal.TestInvoker.invokeTestMethods(TestInvoker.java:146)\n\tat org.testng.internal.TestMethodWorker.invokeTestMethods(TestMethodWorker.java:146)\n\tat org.testng.internal.TestMethodWorker.run(TestMethodWorker.java:128)\n\tat java.util.concurrent.ThreadPoolExecutor.runWorker(ThreadPoolExecutor.java:1149)\n\tat java.util.concurrent.ThreadPoolExecutor$Worker.run(ThreadPoolExecutor.java:624)\n\tat java.lang.Thread.run(Thread.java:750)\n","flaky":false,"newFailed":false,"newBroken":false,"newPassed":false,"retriesCount":0,"retriesStatusChange":false,"beforeStages":[{"name":"setUp","time":{"start":1684460919065,"stop":1684460919066,"duration":1},"description":"","status":"passed","steps":[],"attachments":[],"parameters":[],"shouldDisplayMessage":false,"attachmentsCount":0,"hasContent":false,"stepsCount":0}],"testStage":{"status":"failed","statusMessage":"expected [20] but found [0]","statusTrace":"java.lang.AssertionError: expected [20] but found [0]\n\tat org.testng.Assert.fail(Assert.java:97)\n\tat org.testng.Assert.assertEqualsImpl(Assert.java:136)\n\tat org.testng.Assert.assertEquals(Assert.java:118)\n\tat org.testng.Assert.assertEquals(Assert.java:839)\n\tat org.testng.Assert.assertEquals(Assert.java:849)\n\tat microservices.token.steps.TokenSteps.verifySizeOfResponse(TokenSteps.java:37)\n\tat tests.TokenTests.getListTokenSuccess(TokenTests.java:31)\n\tat sun.reflect.NativeMethodAccessorImpl.invoke0(Native Method)\n\tat sun.reflect.NativeMethodAccessorImpl.invoke(NativeMethodAccessorImpl.java:62)\n\tat sun.reflect.DelegatingMethodAccessorImpl.invoke(DelegatingMethodAccessorImpl.java:43)\n\tat java.lang.reflect.Method.invoke(Method.java:498)\n\tat org.testng.internal.MethodInvocationHelper.invokeMethod(MethodInvocationHelper.java:134)\n\tat org.testng.internal.TestInvoker.invokeMethod(TestInvoker.java:597)\n\tat org.testng.internal.TestInvoker.invokeTestMethod(TestInvoker.java:173)\n\tat org.testng.internal.MethodRunner.runInSequence(MethodRunner.java:46)\n\tat org.testng.internal.TestInvoker$MethodInvocationAgent.invoke(TestInvoker.java:816)\n\tat org.testng.internal.TestInvoker.invokeTestMethods(TestInvoker.java:146)\n\tat org.testng.internal.TestMethodWorker.invokeTestMethods(TestMethodWorker.java:146)\n\tat org.testng.internal.TestMethodWorker.run(TestMethodWorker.java:128)\n\tat java.util.concurrent.ThreadPoolExecutor.runWorker(ThreadPoolExecutor.java:1149)\n\tat java.util.concurrent.ThreadPoolExecutor$Worker.run(ThreadPoolExecutor.java:624)\n\tat java.lang.Thread.run(Thread.java:750)\n","steps":[{"name":"get list token","time":{"start":1684460919068,"stop":1684460920734,"duration":1666},"status":"passed","steps":[],"attachments":[],"parameters":[{"name":"paramsToken","value":"{size=-10, page=10, sort=supply,ASC}"}],"shouldDisplayMessage":false,"attachmentsCount":0,"hasContent":true,"stepsCount":0},{"name":"save response get list token","time":{"start":1684460920735,"stop":1684460920736,"duration":1},"status":"passed","steps":[],"attachments":[],"parameters":[],"shouldDisplayMessage":false,"attachmentsCount":0,"hasContent":false,"stepsCount":0},{"name":"verify number page of response get list token","time":{"start":1684460920736,"stop":1684460920736,"duration":0},"status":"passed","steps":[],"attachments":[],"parameters":[{"name":"pageNumberActual","value":"10"},{"name":"pageNumberExpect","value":"10"}],"shouldDisplayMessage":false,"attachmentsCount":0,"hasContent":true,"stepsCount":0},{"name":"verify number size of response get list token","time":{"start":1684460920736,"stop":1684460920736,"duration":0},"status":"failed","statusMessage":"expected [20] but found [0]","statusTrace":"java.lang.AssertionError: expected [20] but found [0]\n\tat org.testng.Assert.fail(Assert.java:97)\n\tat org.testng.Assert.assertEqualsImpl(Assert.java:136)\n\tat org.testng.Assert.assertEquals(Assert.java:118)\n\tat org.testng.Assert.assertEquals(Assert.java:839)\n\tat org.testng.Assert.assertEquals(Assert.java:849)\n\tat microservices.token.steps.TokenSteps.verifySizeOfResponse(TokenSteps.java:37)\n\tat tests.TokenTests.getListTokenSuccess(TokenTests.java:31)\n\tat sun.reflect.NativeMethodAccessorImpl.invoke0(Native Method)\n\tat sun.reflect.NativeMethodAccessorImpl.invoke(NativeMethodAccessorImpl.java:62)\n\tat sun.reflect.DelegatingMethodAccessorImpl.invoke(DelegatingMethodAccessorImpl.java:43)\n\tat java.lang.reflect.Method.invoke(Method.java:498)\n\tat org.testng.internal.MethodInvocationHelper.invokeMethod(MethodInvocationHelper.java:134)\n\tat org.testng.internal.TestInvoker.invokeMethod(TestInvoker.java:597)\n\tat org.testng.internal.TestInvoker.invokeTestMethod(TestInvoker.java:173)\n\tat org.testng.internal.MethodRunner.runInSequence(MethodRunner.java:46)\n\tat org.testng.internal.TestInvoker$MethodInvocationAgent.invoke(TestInvoker.java:816)\n\tat org.testng.internal.TestInvoker.invokeTestMethods(TestInvoker.java:146)\n\tat org.testng.internal.TestMethodWorker.invokeTestMethods(TestMethodWorker.java:146)\n\tat org.testng.internal.TestMethodWorker.run(TestMethodWorker.java:128)\n\tat java.util.concurrent.ThreadPoolExecutor.runWorker(ThreadPoolExecutor.java:1149)\n\tat java.util.concurrent.ThreadPoolExecutor$Worker.run(ThreadPoolExecutor.java:624)\n\tat java.lang.Thread.run(Thread.java:750)\n","steps":[],"attachments":[],"parameters":[{"name":"sizeActual","value":"0"},{"name":"sizeExpect","value":"-10"}],"shouldDisplayMessage":true,"attachmentsCount":0,"hasContent":true,"stepsCount":0}],"attachments":[],"parameters":[],"shouldDisplayMessage":false,"attachmentsCount":0,"hasContent":true,"stepsCount":4},"afterStages":[{"name":"tearDown","time":{"start":1684460920738,"stop":1684460920738,"duration":0},"description":"","status":"passed","steps":[],"attachments":[],"parameters":[],"shouldDisplayMessage":false,"attachmentsCount":0,"hasContent":false,"stepsCount":0}],"labels":[{"name":"package","value":"tests.TokenTests"},{"name":"testClass","value":"tests.TokenTests"},{"name":"testMethod","value":"getListTokenSuccess"},{"name":"parentSuite","value":"Setel Regression Suite"},{"name":"suite","value":"Setel Admin test on chrome"},{"name":"subSuite","value":"tests.TokenTests"},{"name":"host","value":"fv-az232-120"},{"name":"thread","value":"2508@fv-az232-120.TestNG-test=Setel Admin test on chrome-3(14)"},{"name":"framework","value":"testng"},{"name":"language","value":"java"},{"name":"resultFormat","value":"allure2"}],"parameters":[{"name":"arg0","value":"10"},{"name":"arg1","value":"-10"},{"name":"arg2","value":"supply,ASC"}],"links":[],"hidden":false,"retry":false,"extra":{"severity":"normal","retries":[],"categories":[{"name":"Product defects","matchedStatuses":[],"flaky":false}],"history":{"statistic":{"failed":7,"broken":0,"skipped":0,"passed":1,"unknown":0,"total":8},"items":[{"uid":"fd807054b26ec2ac","reportUrl":"https://Sotatek-DavidNguyen4.github.io/cardano-api-tests/61//#testresult/fd807054b26ec2ac","status":"failed","statusDetails":"expected [20] but found [0]","time":{"start":1684459896827,"stop":1684459898509,"duration":1682}},{"uid":"2b32f30a150f2ef7","reportUrl":"https://Sotatek-DavidNguyen4.github.io/cardano-api-tests/60//#testresult/2b32f30a150f2ef7","status":"failed","statusDetails":"expected [20] but found [0]","time":{"start":1684434610761,"stop":1684434612456,"duration":1695}},{"uid":"e2283ac1c966675e","reportUrl":"https://Sotatek-DavidNguyen4.github.io/cardano-api-tests/59//#testresult/e2283ac1c966675e","status":"failed","statusDetails":"expected [20] but found [0]","time":{"start":1684408371907,"stop":1684408373545,"duration":1638}},{"uid":"aba787e09ee53831","reportUrl":"https://Sotatek-DavidNguyen4.github.io/cardano-api-tests/58//#testresult/aba787e09ee53831","status":"failed","statusDetails":"1 expectation failed.\nExpected status code <200> but was <500>.\n","time":{"start":1684385010453,"stop":1684385012412,"duration":1959}},{"uid":"ce30d2b7e2167ca3","reportUrl":"https://Sotatek-DavidNguyen4.github.io/cardano-api-tests/57//#testresult/ce30d2b7e2167ca3","status":"failed","statusDetails":"1 expectation failed.\nExpected status code <200> but was <500>.\n","time":{"start":1684348182792,"stop":1684348184834,"duration":2042}},{"uid":"8759c739b0f59564","reportUrl":"https://Sotatek-DavidNguyen4.github.io/cardano-api-tests/56//#testresult/8759c739b0f59564","status":"failed","statusDetails":"1 expectation failed.\nExpected status code <200> but was <500>.\n","time":{"start":1684322621540,"stop":1684322623628,"duration":2088}},{"uid":"ce32844e0f23270a","reportUrl":"https://Sotatek-DavidNguyen4.github.io/cardano-api-tests/55//#testresult/ce32844e0f23270a","status":"passed","time":{"start":1684295967290,"stop":1684295969247,"duration":1957}}]},"tags":[]},"source":"e3b4b942f88cc1b4.json","parameterValues":["10","-10","supply,ASC"]}