{"uid":"6c6b04f9622d05e2","name":"Get filter transaction with sort","fullName":"tests.transaction.TransactionTests.get_filter_transaction_unsuccess_with_sort","historyId":"77b930d7b314e33016570bb366bd6615","time":{"start":1691691846159,"stop":1691691848148,"duration":1989},"status":"failed","statusMessage":"1 expectation failed.\nExpected status code <500> but was <502>.\n","statusTrace":"java.lang.AssertionError: 1 expectation failed.\nExpected status code <500> but was <502>.\n\n\tat sun.reflect.GeneratedConstructorAccessor93.newInstance(Unknown Source)\n\tat sun.reflect.DelegatingConstructorAccessorImpl.newInstance(DelegatingConstructorAccessorImpl.java:45)\n\tat java.lang.reflect.Constructor.newInstance(Constructor.java:423)\n\tat org.codehaus.groovy.reflection.CachedConstructor.invoke(CachedConstructor.java:83)\n\tat org.codehaus.groovy.reflection.CachedConstructor.doConstructorInvoke(CachedConstructor.java:77)\n\tat org.codehaus.groovy.runtime.callsite.ConstructorSite$ConstructorSiteNoUnwrap.callConstructor(ConstructorSite.java:84)\n\tat org.codehaus.groovy.runtime.callsite.AbstractCallSite.callConstructor(AbstractCallSite.java:250)\n\tat io.restassured.internal.ResponseSpecificationImpl$HamcrestAssertionClosure.validate(ResponseSpecificationImpl.groovy:494)\n\tat io.restassured.internal.ResponseSpecificationImpl$HamcrestAssertionClosure$validate$3.call(Unknown Source)\n\tat io.restassured.internal.ResponseSpecificationImpl.validateResponseIfRequired(ResponseSpecificationImpl.groovy:656)\n\tat sun.reflect.GeneratedMethodAccessor208.invoke(Unknown Source)\n\tat sun.reflect.DelegatingMethodAccessorImpl.invoke(DelegatingMethodAccessorImpl.java:43)\n\tat java.lang.reflect.Method.invoke(Method.java:498)\n\tat org.codehaus.groovy.runtime.callsite.PogoMetaMethodSite$PogoCachedMethodSiteNoUnwrapNoCoerce.invoke(PogoMetaMethodSite.java:210)\n\tat org.codehaus.groovy.runtime.callsite.PogoMetaMethodSite.callCurrent(PogoMetaMethodSite.java:59)\n\tat org.codehaus.groovy.runtime.callsite.AbstractCallSite.callCurrent(AbstractCallSite.java:169)\n\tat io.restassured.internal.ResponseSpecificationImpl.statusCode(ResponseSpecificationImpl.groovy:125)\n\tat io.restassured.specification.ResponseSpecification$statusCode$0.callCurrent(Unknown Source)\n\tat io.restassured.internal.ResponseSpecificationImpl.statusCode(ResponseSpecificationImpl.groovy:133)\n\tat io.restassured.internal.ValidatableResponseOptionsImpl.statusCode(ValidatableResponseOptionsImpl.java:119)\n\tat core.BaseApi.validateResponse(BaseApi.java:54)\n\tat microservices.common.steps.BaseSteps.then_verifyErrorResponse(BaseSteps.java:11)\n\tat tests.transaction.TransactionTests.get_filter_transaction_unsuccess_with_sort(TransactionTests.java:135)\n\tat sun.reflect.NativeMethodAccessorImpl.invoke0(Native Method)\n\tat sun.reflect.NativeMethodAccessorImpl.invoke(NativeMethodAccessorImpl.java:62)\n\tat sun.reflect.DelegatingMethodAccessorImpl.invoke(DelegatingMethodAccessorImpl.java:43)\n\tat java.lang.reflect.Method.invoke(Method.java:498)\n\tat org.testng.internal.MethodInvocationHelper.invokeMethod(MethodInvocationHelper.java:134)\n\tat org.testng.internal.TestInvoker.invokeMethod(TestInvoker.java:597)\n\tat org.testng.internal.TestInvoker.invokeTestMethod(TestInvoker.java:173)\n\tat org.testng.internal.MethodRunner.runInSequence(MethodRunner.java:46)\n\tat org.testng.internal.TestInvoker$MethodInvocationAgent.invoke(TestInvoker.java:816)\n\tat org.testng.internal.TestInvoker.invokeTestMethods(TestInvoker.java:146)\n\tat org.testng.internal.TestMethodWorker.invokeTestMethods(TestMethodWorker.java:146)\n\tat org.testng.internal.TestMethodWorker.run(TestMethodWorker.java:128)\n\tat java.util.concurrent.ThreadPoolExecutor.runWorker(ThreadPoolExecutor.java:1149)\n\tat java.util.concurrent.ThreadPoolExecutor$Worker.run(ThreadPoolExecutor.java:624)\n\tat java.lang.Thread.run(Thread.java:750)\n","flaky":false,"newFailed":false,"newBroken":false,"newPassed":false,"retriesCount":0,"retriesStatusChange":false,"beforeStages":[{"name":"preconditions","time":{"start":1691691681522,"stop":1691691682150,"duration":628},"description":"","status":"passed","steps":[],"attachments":[],"parameters":[],"stepsCount":0,"attachmentsCount":0,"shouldDisplayMessage":false,"hasContent":false},{"name":"setUp","time":{"start":1691691846158,"stop":1691691846158,"duration":0},"description":"","status":"passed","steps":[],"attachments":[],"parameters":[],"stepsCount":0,"attachmentsCount":0,"shouldDisplayMessage":false,"hasContent":false}],"testStage":{"status":"failed","statusMessage":"1 expectation failed.\nExpected status code <500> but was <502>.\n","statusTrace":"java.lang.AssertionError: 1 expectation failed.\nExpected status code <500> but was <502>.\n\n\tat sun.reflect.GeneratedConstructorAccessor93.newInstance(Unknown Source)\n\tat sun.reflect.DelegatingConstructorAccessorImpl.newInstance(DelegatingConstructorAccessorImpl.java:45)\n\tat java.lang.reflect.Constructor.newInstance(Constructor.java:423)\n\tat org.codehaus.groovy.reflection.CachedConstructor.invoke(CachedConstructor.java:83)\n\tat org.codehaus.groovy.reflection.CachedConstructor.doConstructorInvoke(CachedConstructor.java:77)\n\tat org.codehaus.groovy.runtime.callsite.ConstructorSite$ConstructorSiteNoUnwrap.callConstructor(ConstructorSite.java:84)\n\tat org.codehaus.groovy.runtime.callsite.AbstractCallSite.callConstructor(AbstractCallSite.java:250)\n\tat io.restassured.internal.ResponseSpecificationImpl$HamcrestAssertionClosure.validate(ResponseSpecificationImpl.groovy:494)\n\tat io.restassured.internal.ResponseSpecificationImpl$HamcrestAssertionClosure$validate$3.call(Unknown Source)\n\tat io.restassured.internal.ResponseSpecificationImpl.validateResponseIfRequired(ResponseSpecificationImpl.groovy:656)\n\tat sun.reflect.GeneratedMethodAccessor208.invoke(Unknown Source)\n\tat sun.reflect.DelegatingMethodAccessorImpl.invoke(DelegatingMethodAccessorImpl.java:43)\n\tat java.lang.reflect.Method.invoke(Method.java:498)\n\tat org.codehaus.groovy.runtime.callsite.PogoMetaMethodSite$PogoCachedMethodSiteNoUnwrapNoCoerce.invoke(PogoMetaMethodSite.java:210)\n\tat org.codehaus.groovy.runtime.callsite.PogoMetaMethodSite.callCurrent(PogoMetaMethodSite.java:59)\n\tat org.codehaus.groovy.runtime.callsite.AbstractCallSite.callCurrent(AbstractCallSite.java:169)\n\tat io.restassured.internal.ResponseSpecificationImpl.statusCode(ResponseSpecificationImpl.groovy:125)\n\tat io.restassured.specification.ResponseSpecification$statusCode$0.callCurrent(Unknown Source)\n\tat io.restassured.internal.ResponseSpecificationImpl.statusCode(ResponseSpecificationImpl.groovy:133)\n\tat io.restassured.internal.ValidatableResponseOptionsImpl.statusCode(ValidatableResponseOptionsImpl.java:119)\n\tat core.BaseApi.validateResponse(BaseApi.java:54)\n\tat microservices.common.steps.BaseSteps.then_verifyErrorResponse(BaseSteps.java:11)\n\tat tests.transaction.TransactionTests.get_filter_transaction_unsuccess_with_sort(TransactionTests.java:135)\n\tat sun.reflect.NativeMethodAccessorImpl.invoke0(Native Method)\n\tat sun.reflect.NativeMethodAccessorImpl.invoke(NativeMethodAccessorImpl.java:62)\n\tat sun.reflect.DelegatingMethodAccessorImpl.invoke(DelegatingMethodAccessorImpl.java:43)\n\tat java.lang.reflect.Method.invoke(Method.java:498)\n\tat org.testng.internal.MethodInvocationHelper.invokeMethod(MethodInvocationHelper.java:134)\n\tat org.testng.internal.TestInvoker.invokeMethod(TestInvoker.java:597)\n\tat org.testng.internal.TestInvoker.invokeTestMethod(TestInvoker.java:173)\n\tat org.testng.internal.MethodRunner.runInSequence(MethodRunner.java:46)\n\tat org.testng.internal.TestInvoker$MethodInvocationAgent.invoke(TestInvoker.java:816)\n\tat org.testng.internal.TestInvoker.invokeTestMethods(TestInvoker.java:146)\n\tat org.testng.internal.TestMethodWorker.invokeTestMethods(TestMethodWorker.java:146)\n\tat org.testng.internal.TestMethodWorker.run(TestMethodWorker.java:128)\n\tat java.util.concurrent.ThreadPoolExecutor.runWorker(ThreadPoolExecutor.java:1149)\n\tat java.util.concurrent.ThreadPoolExecutor$Worker.run(ThreadPoolExecutor.java:624)\n\tat java.lang.Thread.run(Thread.java:750)\n","steps":[{"name":"Get filter transaction","time":{"start":1691691846159,"stop":1691691848148,"duration":1989},"status":"passed","steps":[],"attachments":[],"parameters":[{"name":"params","value":"{sort=[-2]}"}],"stepsCount":0,"attachmentsCount":0,"shouldDisplayMessage":false,"hasContent":true},{"name":"Verify error response","time":{"start":1691691848148,"stop":1691691848148,"duration":0},"status":"failed","statusMessage":"1 expectation failed.\nExpected status code <500> but was <502>.\n","statusTrace":"java.lang.AssertionError: 1 expectation failed.\nExpected status code <500> but was <502>.\n\n\tat sun.reflect.GeneratedConstructorAccessor93.newInstance(Unknown Source)\n\tat sun.reflect.DelegatingConstructorAccessorImpl.newInstance(DelegatingConstructorAccessorImpl.java:45)\n\tat java.lang.reflect.Constructor.newInstance(Constructor.java:423)\n\tat org.codehaus.groovy.reflection.CachedConstructor.invoke(CachedConstructor.java:83)\n\tat org.codehaus.groovy.reflection.CachedConstructor.doConstructorInvoke(CachedConstructor.java:77)\n\tat org.codehaus.groovy.runtime.callsite.ConstructorSite$ConstructorSiteNoUnwrap.callConstructor(ConstructorSite.java:84)\n\tat org.codehaus.groovy.runtime.callsite.AbstractCallSite.callConstructor(AbstractCallSite.java:250)\n\tat io.restassured.internal.ResponseSpecificationImpl$HamcrestAssertionClosure.validate(ResponseSpecificationImpl.groovy:494)\n\tat io.restassured.internal.ResponseSpecificationImpl$HamcrestAssertionClosure$validate$3.call(Unknown Source)\n\tat io.restassured.internal.ResponseSpecificationImpl.validateResponseIfRequired(ResponseSpecificationImpl.groovy:656)\n\tat sun.reflect.GeneratedMethodAccessor208.invoke(Unknown Source)\n\tat sun.reflect.DelegatingMethodAccessorImpl.invoke(DelegatingMethodAccessorImpl.java:43)\n\tat java.lang.reflect.Method.invoke(Method.java:498)\n\tat org.codehaus.groovy.runtime.callsite.PogoMetaMethodSite$PogoCachedMethodSiteNoUnwrapNoCoerce.invoke(PogoMetaMethodSite.java:210)\n\tat org.codehaus.groovy.runtime.callsite.PogoMetaMethodSite.callCurrent(PogoMetaMethodSite.java:59)\n\tat org.codehaus.groovy.runtime.callsite.AbstractCallSite.callCurrent(AbstractCallSite.java:169)\n\tat io.restassured.internal.ResponseSpecificationImpl.statusCode(ResponseSpecificationImpl.groovy:125)\n\tat io.restassured.specification.ResponseSpecification$statusCode$0.callCurrent(Unknown Source)\n\tat io.restassured.internal.ResponseSpecificationImpl.statusCode(ResponseSpecificationImpl.groovy:133)\n\tat io.restassured.internal.ValidatableResponseOptionsImpl.statusCode(ValidatableResponseOptionsImpl.java:119)\n\tat core.BaseApi.validateResponse(BaseApi.java:54)\n\tat microservices.common.steps.BaseSteps.then_verifyErrorResponse(BaseSteps.java:11)\n\tat tests.transaction.TransactionTests.get_filter_transaction_unsuccess_with_sort(TransactionTests.java:135)\n\tat sun.reflect.NativeMethodAccessorImpl.invoke0(Native Method)\n\tat sun.reflect.NativeMethodAccessorImpl.invoke(NativeMethodAccessorImpl.java:62)\n\tat sun.reflect.DelegatingMethodAccessorImpl.invoke(DelegatingMethodAccessorImpl.java:43)\n\tat java.lang.reflect.Method.invoke(Method.java:498)\n\tat org.testng.internal.MethodInvocationHelper.invokeMethod(MethodInvocationHelper.java:134)\n\tat org.testng.internal.TestInvoker.invokeMethod(TestInvoker.java:597)\n\tat org.testng.internal.TestInvoker.invokeTestMethod(TestInvoker.java:173)\n\tat org.testng.internal.MethodRunner.runInSequence(MethodRunner.java:46)\n\tat org.testng.internal.TestInvoker$MethodInvocationAgent.invoke(TestInvoker.java:816)\n\tat org.testng.internal.TestInvoker.invokeTestMethods(TestInvoker.java:146)\n\tat org.testng.internal.TestMethodWorker.invokeTestMethods(TestMethodWorker.java:146)\n\tat org.testng.internal.TestMethodWorker.run(TestMethodWorker.java:128)\n\tat java.util.concurrent.ThreadPoolExecutor.runWorker(ThreadPoolExecutor.java:1149)\n\tat java.util.concurrent.ThreadPoolExecutor$Worker.run(ThreadPoolExecutor.java:624)\n\tat java.lang.Thread.run(Thread.java:750)\n","steps":[],"attachments":[],"parameters":[{"name":"statusCode","value":"500"},{"name":"message","value":"Unknown error"},{"name":"errorCode","value":"CC_1"}],"stepsCount":0,"attachmentsCount":0,"shouldDisplayMessage":true,"hasContent":true}],"attachments":[],"parameters":[],"stepsCount":2,"attachmentsCount":0,"shouldDisplayMessage":false,"hasContent":true},"afterStages":[{"name":"tearDown","time":{"start":1691691848149,"stop":1691691848149,"duration":0},"description":"","status":"passed","steps":[],"attachments":[],"parameters":[],"stepsCount":0,"attachmentsCount":0,"shouldDisplayMessage":false,"hasContent":false},{"name":"postconditions","time":{"start":1691691895698,"stop":1691691895698,"duration":0},"description":"","status":"passed","steps":[],"attachments":[],"parameters":[],"stepsCount":0,"attachmentsCount":0,"shouldDisplayMessage":false,"hasContent":false}],"labels":[{"name":"package","value":"tests.transaction.TransactionTests"},{"name":"testClass","value":"tests.transaction.TransactionTests"},{"name":"testMethod","value":"get_filter_transaction_unsuccess_with_sort"},{"name":"parentSuite","value":"Cardano Regression Suite"},{"name":"suite","value":"Cardano API test "},{"name":"subSuite","value":"tests.transaction.TransactionTests"},{"name":"host","value":"fv-az583-564"},{"name":"thread","value":"2248@fv-az583-564.TestNG-test=Cardano API test -5(16)"},{"name":"framework","value":"testng"},{"name":"language","value":"java"},{"name":"epic","value":"cardano"},{"name":"feature","value":"api-transactions"},{"name":"story","value":"Transactions test"},{"name":"resultFormat","value":"allure2"}],"parameters":[{"name":"arg0","value":"-2"},{"name":"env","value":"mainnet"}],"links":[],"hidden":false,"retry":false,"extra":{"severity":"normal","retries":[],"categories":[{"name":"Product defects","matchedStatuses":[],"flaky":false}],"history":{"statistic":{"failed":18,"broken":8,"skipped":0,"passed":27,"unknown":0,"total":53},"items":[{"uid":"ec023d434adf8012","reportUrl":"https://Sotatek-DavidNguyen4.github.io/cardano-api-tests/402//#testresult/ec023d434adf8012","status":"failed","statusDetails":"1 expectation failed.\nExpected status code <500> but was <502>.\n","time":{"start":1691605524121,"stop":1691605525615,"duration":1494}},{"uid":"1bbf1a60658fa094","reportUrl":"https://Sotatek-DavidNguyen4.github.io/cardano-api-tests/401//#testresult/1bbf1a60658fa094","status":"failed","statusDetails":"1 expectation failed.\nExpected status code <500> but was <502>.\n","time":{"start":1691519121516,"stop":1691519122986,"duration":1470}},{"uid":"555a55dcc2591c54","reportUrl":"https://Sotatek-DavidNguyen4.github.io/cardano-api-tests/400//#testresult/555a55dcc2591c54","status":"failed","statusDetails":"1 expectation failed.\nExpected status code <500> but was <502>.\n","time":{"start":1691432620365,"stop":1691432622324,"duration":1959}},{"uid":"7405d6fa1aafc1e8","reportUrl":"https://Sotatek-DavidNguyen4.github.io/cardano-api-tests/399//#testresult/7405d6fa1aafc1e8","status":"failed","statusDetails":"1 expectation failed.\nExpected status code <500> but was <502>.\n","time":{"start":1691346125576,"stop":1691346127279,"duration":1703}},{"uid":"98b6924e3150bcde","reportUrl":"https://Sotatek-DavidNguyen4.github.io/cardano-api-tests/398//#testresult/98b6924e3150bcde","status":"failed","statusDetails":"1 expectation failed.\nExpected status code <500> but was <502>.\n","time":{"start":1691259720303,"stop":1691259721907,"duration":1604}},{"uid":"1f6704dd470839c","reportUrl":"https://Sotatek-DavidNguyen4.github.io/cardano-api-tests/397//#testresult/1f6704dd470839c","status":"failed","statusDetails":"1 expectation failed.\nExpected status code <500> but was <502>.\n","time":{"start":1691173430640,"stop":1691173432454,"duration":1814}},{"uid":"abe065618c2693e3","reportUrl":"https://Sotatek-DavidNguyen4.github.io/cardano-api-tests/396//#testresult/abe065618c2693e3","status":"failed","statusDetails":"1 expectation failed.\nExpected status code <500> but was <502>.\n","time":{"start":1691087051217,"stop":1691087053221,"duration":2004}},{"uid":"2e674f1316025906","reportUrl":"https://Sotatek-DavidNguyen4.github.io/cardano-api-tests/395//#testresult/2e674f1316025906","status":"failed","statusDetails":"1 expectation failed.\nExpected status code <500> but was <502>.\n","time":{"start":1691000641572,"stop":1691000643087,"duration":1515}},{"uid":"f0dccfc79b4e6ba9","reportUrl":"https://Sotatek-DavidNguyen4.github.io/cardano-api-tests/394//#testresult/f0dccfc79b4e6ba9","status":"failed","statusDetails":"1 expectation failed.\nExpected status code <500> but was <502>.\n","time":{"start":1690914248138,"stop":1690914249736,"duration":1598}},{"uid":"f3f2583752688667","reportUrl":"https://Sotatek-DavidNguyen4.github.io/cardano-api-tests/393//#testresult/f3f2583752688667","status":"failed","statusDetails":"1 expectation failed.\nExpected status code <500> but was <502>.\n","time":{"start":1690827863631,"stop":1690827865462,"duration":1831}},{"uid":"233e1e2e015be6f4","reportUrl":"https://Sotatek-DavidNguyen4.github.io/cardano-api-tests/392//#testresult/233e1e2e015be6f4","status":"failed","statusDetails":"1 expectation failed.\nExpected status code <500> but was <502>.\n","time":{"start":1690741331696,"stop":1690741333194,"duration":1498}},{"uid":"a85a66f270f83b94","reportUrl":"https://Sotatek-DavidNguyen4.github.io/cardano-api-tests/391//#testresult/a85a66f270f83b94","status":"failed","statusDetails":"1 expectation failed.\nExpected status code <500> but was <502>.\n","time":{"start":1690654940202,"stop":1690654942026,"duration":1824}},{"uid":"a2155fb1716b83f8","reportUrl":"https://Sotatek-DavidNguyen4.github.io/cardano-api-tests/390//#testresult/a2155fb1716b83f8","status":"failed","statusDetails":"1 expectation failed.\nExpected status code <500> but was <502>.\n","time":{"start":1690568513364,"stop":1690568514906,"duration":1542}},{"uid":"40d822ab62ea35a9","reportUrl":"https://Sotatek-DavidNguyen4.github.io/cardano-api-tests/389//#testresult/40d822ab62ea35a9","status":"failed","statusDetails":"1 expectation failed.\nExpected status code <500> but was <502>.\n","time":{"start":1690482243808,"stop":1690482245310,"duration":1502}},{"uid":"a23cda54c4c907de","reportUrl":"https://Sotatek-DavidNguyen4.github.io/cardano-api-tests/388//#testresult/a23cda54c4c907de","status":"failed","statusDetails":"1 expectation failed.\nExpected status code <500> but was <502>.\n","time":{"start":1690395849487,"stop":1690395851313,"duration":1826}},{"uid":"873730041771e073","reportUrl":"https://Sotatek-DavidNguyen4.github.io/cardano-api-tests/387//#testresult/873730041771e073","status":"failed","statusDetails":"1 expectation failed.\nExpected status code <500> but was <502>.\n","time":{"start":1690309408484,"stop":1690309410080,"duration":1596}},{"uid":"f26768bb1de24d49","reportUrl":"https://Sotatek-DavidNguyen4.github.io/cardano-api-tests/386//#testresult/f26768bb1de24d49","status":"failed","statusDetails":"1 expectation failed.\nExpected status code <500> but was <502>.\n","time":{"start":1690223196913,"stop":1690223198435,"duration":1522}},{"uid":"eedcbb10037d0860","reportUrl":"https://Sotatek-DavidNguyen4.github.io/cardano-api-tests/385//#testresult/eedcbb10037d0860","status":"broken","statusDetails":"Read timed out","time":{"start":1690141497971,"stop":1690141559504,"duration":61533}},{"uid":"8ac4a17437e3defe","reportUrl":"https://Sotatek-DavidNguyen4.github.io/cardano-api-tests/384//#testresult/8ac4a17437e3defe","status":"broken","statusDetails":"Read timed out","time":{"start":1690055074955,"stop":1690055136302,"duration":61347}},{"uid":"3bcddaf56e872859","reportUrl":"https://Sotatek-DavidNguyen4.github.io/cardano-api-tests/383//#testresult/3bcddaf56e872859","status":"broken","statusDetails":"Read timed out","time":{"start":1689968834909,"stop":1689968896506,"duration":61597}}]},"tags":[]},"source":"6c6b04f9622d05e2.json","parameterValues":["-2","mainnet"]}