{"uid":"b380f69815117232","name":"get token txs invalid param","fullName":"tests.TokenTests.getTokenTxsInvalidParam","historyId":"3d536f26d012a37ffa9fac7fa6edd87a","time":{"start":1684322704688,"stop":1684322706721,"duration":2033},"status":"failed","statusMessage":"1 expectation failed.\nExpected status code <200> but was <500>.\n","statusTrace":"java.lang.AssertionError: 1 expectation failed.\nExpected status code <200> but was <500>.\n\n\tat sun.reflect.GeneratedConstructorAccessor83.newInstance(Unknown Source)\n\tat sun.reflect.DelegatingConstructorAccessorImpl.newInstance(DelegatingConstructorAccessorImpl.java:45)\n\tat java.lang.reflect.Constructor.newInstance(Constructor.java:423)\n\tat org.codehaus.groovy.reflection.CachedConstructor.invoke(CachedConstructor.java:83)\n\tat org.codehaus.groovy.reflection.CachedConstructor.doConstructorInvoke(CachedConstructor.java:77)\n\tat org.codehaus.groovy.runtime.callsite.ConstructorSite$ConstructorSiteNoUnwrap.callConstructor(ConstructorSite.java:84)\n\tat org.codehaus.groovy.runtime.callsite.AbstractCallSite.callConstructor(AbstractCallSite.java:250)\n\tat io.restassured.internal.ResponseSpecificationImpl$HamcrestAssertionClosure.validate(ResponseSpecificationImpl.groovy:494)\n\tat io.restassured.internal.ResponseSpecificationImpl$HamcrestAssertionClosure$validate$1.call(Unknown Source)\n\tat io.restassured.internal.ResponseSpecificationImpl.validateResponseIfRequired(ResponseSpecificationImpl.groovy:656)\n\tat sun.reflect.GeneratedMethodAccessor125.invoke(Unknown Source)\n\tat sun.reflect.DelegatingMethodAccessorImpl.invoke(DelegatingMethodAccessorImpl.java:43)\n\tat java.lang.reflect.Method.invoke(Method.java:498)\n\tat org.codehaus.groovy.runtime.callsite.PogoMetaMethodSite$PogoCachedMethodSiteNoUnwrapNoCoerce.invoke(PogoMetaMethodSite.java:210)\n\tat org.codehaus.groovy.runtime.callsite.PogoMetaMethodSite.callCurrent(PogoMetaMethodSite.java:59)\n\tat org.codehaus.groovy.runtime.callsite.AbstractCallSite.callCurrent(AbstractCallSite.java:169)\n\tat io.restassured.internal.ResponseSpecificationImpl.statusCode(ResponseSpecificationImpl.groovy:125)\n\tat io.restassured.specification.ResponseSpecification$statusCode$0.callCurrent(Unknown Source)\n\tat io.restassured.internal.ResponseSpecificationImpl.statusCode(ResponseSpecificationImpl.groovy:133)\n\tat io.restassured.internal.ValidatableResponseOptionsImpl.statusCode(ValidatableResponseOptionsImpl.java:119)\n\tat core.BaseApi.validateResponse(BaseApi.java:52)\n\tat tests.TokenTests.getTokenTxsInvalidParam(TokenTests.java:136)\n\tat sun.reflect.NativeMethodAccessorImpl.invoke0(Native Method)\n\tat sun.reflect.NativeMethodAccessorImpl.invoke(NativeMethodAccessorImpl.java:62)\n\tat sun.reflect.DelegatingMethodAccessorImpl.invoke(DelegatingMethodAccessorImpl.java:43)\n\tat java.lang.reflect.Method.invoke(Method.java:498)\n\tat org.testng.internal.MethodInvocationHelper.invokeMethod(MethodInvocationHelper.java:134)\n\tat org.testng.internal.TestInvoker.invokeMethod(TestInvoker.java:597)\n\tat org.testng.internal.TestInvoker.invokeTestMethod(TestInvoker.java:173)\n\tat org.testng.internal.MethodRunner.runInSequence(MethodRunner.java:46)\n\tat org.testng.internal.TestInvoker$MethodInvocationAgent.invoke(TestInvoker.java:816)\n\tat org.testng.internal.TestInvoker.invokeTestMethods(TestInvoker.java:146)\n\tat org.testng.internal.TestMethodWorker.invokeTestMethods(TestMethodWorker.java:146)\n\tat org.testng.internal.TestMethodWorker.run(TestMethodWorker.java:128)\n\tat java.util.concurrent.ThreadPoolExecutor.runWorker(ThreadPoolExecutor.java:1149)\n\tat java.util.concurrent.ThreadPoolExecutor$Worker.run(ThreadPoolExecutor.java:624)\n\tat java.lang.Thread.run(Thread.java:750)\n","flaky":false,"newFailed":true,"newBroken":false,"newPassed":false,"retriesCount":0,"retriesStatusChange":false,"beforeStages":[{"name":"setUp","time":{"start":1684322704686,"stop":1684322704686,"duration":0},"description":"","status":"passed","steps":[],"attachments":[],"parameters":[],"stepsCount":0,"attachmentsCount":0,"shouldDisplayMessage":false,"hasContent":false}],"testStage":{"status":"failed","statusMessage":"1 expectation failed.\nExpected status code <200> but was <500>.\n","statusTrace":"java.lang.AssertionError: 1 expectation failed.\nExpected status code <200> but was <500>.\n\n\tat sun.reflect.GeneratedConstructorAccessor83.newInstance(Unknown Source)\n\tat sun.reflect.DelegatingConstructorAccessorImpl.newInstance(DelegatingConstructorAccessorImpl.java:45)\n\tat java.lang.reflect.Constructor.newInstance(Constructor.java:423)\n\tat org.codehaus.groovy.reflection.CachedConstructor.invoke(CachedConstructor.java:83)\n\tat org.codehaus.groovy.reflection.CachedConstructor.doConstructorInvoke(CachedConstructor.java:77)\n\tat org.codehaus.groovy.runtime.callsite.ConstructorSite$ConstructorSiteNoUnwrap.callConstructor(ConstructorSite.java:84)\n\tat org.codehaus.groovy.runtime.callsite.AbstractCallSite.callConstructor(AbstractCallSite.java:250)\n\tat io.restassured.internal.ResponseSpecificationImpl$HamcrestAssertionClosure.validate(ResponseSpecificationImpl.groovy:494)\n\tat io.restassured.internal.ResponseSpecificationImpl$HamcrestAssertionClosure$validate$1.call(Unknown Source)\n\tat io.restassured.internal.ResponseSpecificationImpl.validateResponseIfRequired(ResponseSpecificationImpl.groovy:656)\n\tat sun.reflect.GeneratedMethodAccessor125.invoke(Unknown Source)\n\tat sun.reflect.DelegatingMethodAccessorImpl.invoke(DelegatingMethodAccessorImpl.java:43)\n\tat java.lang.reflect.Method.invoke(Method.java:498)\n\tat org.codehaus.groovy.runtime.callsite.PogoMetaMethodSite$PogoCachedMethodSiteNoUnwrapNoCoerce.invoke(PogoMetaMethodSite.java:210)\n\tat org.codehaus.groovy.runtime.callsite.PogoMetaMethodSite.callCurrent(PogoMetaMethodSite.java:59)\n\tat org.codehaus.groovy.runtime.callsite.AbstractCallSite.callCurrent(AbstractCallSite.java:169)\n\tat io.restassured.internal.ResponseSpecificationImpl.statusCode(ResponseSpecificationImpl.groovy:125)\n\tat io.restassured.specification.ResponseSpecification$statusCode$0.callCurrent(Unknown Source)\n\tat io.restassured.internal.ResponseSpecificationImpl.statusCode(ResponseSpecificationImpl.groovy:133)\n\tat io.restassured.internal.ValidatableResponseOptionsImpl.statusCode(ValidatableResponseOptionsImpl.java:119)\n\tat core.BaseApi.validateResponse(BaseApi.java:52)\n\tat tests.TokenTests.getTokenTxsInvalidParam(TokenTests.java:136)\n\tat sun.reflect.NativeMethodAccessorImpl.invoke0(Native Method)\n\tat sun.reflect.NativeMethodAccessorImpl.invoke(NativeMethodAccessorImpl.java:62)\n\tat sun.reflect.DelegatingMethodAccessorImpl.invoke(DelegatingMethodAccessorImpl.java:43)\n\tat java.lang.reflect.Method.invoke(Method.java:498)\n\tat org.testng.internal.MethodInvocationHelper.invokeMethod(MethodInvocationHelper.java:134)\n\tat org.testng.internal.TestInvoker.invokeMethod(TestInvoker.java:597)\n\tat org.testng.internal.TestInvoker.invokeTestMethod(TestInvoker.java:173)\n\tat org.testng.internal.MethodRunner.runInSequence(MethodRunner.java:46)\n\tat org.testng.internal.TestInvoker$MethodInvocationAgent.invoke(TestInvoker.java:816)\n\tat org.testng.internal.TestInvoker.invokeTestMethods(TestInvoker.java:146)\n\tat org.testng.internal.TestMethodWorker.invokeTestMethods(TestMethodWorker.java:146)\n\tat org.testng.internal.TestMethodWorker.run(TestMethodWorker.java:128)\n\tat java.util.concurrent.ThreadPoolExecutor.runWorker(ThreadPoolExecutor.java:1149)\n\tat java.util.concurrent.ThreadPoolExecutor$Worker.run(ThreadPoolExecutor.java:624)\n\tat java.lang.Thread.run(Thread.java:750)\n","steps":[{"name":"get token txs with params invalid","time":{"start":1684322704688,"stop":1684322706719,"duration":2031},"status":"passed","steps":[],"attachments":[],"parameters":[{"name":"tokenId","value":"asset1d9v7aptfvpx7we2la8f25kwprkj2ma5rp6uwzv"},{"name":"param","value":"{size=5, page=}"}],"stepsCount":0,"attachmentsCount":0,"shouldDisplayMessage":false,"hasContent":true}],"attachments":[],"parameters":[],"stepsCount":1,"attachmentsCount":0,"shouldDisplayMessage":true,"hasContent":true},"afterStages":[{"name":"tearDown","time":{"start":1684322706722,"stop":1684322706722,"duration":0},"description":"","status":"passed","steps":[],"attachments":[],"parameters":[],"stepsCount":0,"attachmentsCount":0,"shouldDisplayMessage":false,"hasContent":false}],"labels":[{"name":"package","value":"tests.TokenTests"},{"name":"testClass","value":"tests.TokenTests"},{"name":"testMethod","value":"getTokenTxsInvalidParam"},{"name":"parentSuite","value":"Setel Regression Suite"},{"name":"suite","value":"Setel Admin test on chrome"},{"name":"subSuite","value":"tests.TokenTests"},{"name":"host","value":"fv-az183-379"},{"name":"thread","value":"2397@fv-az183-379.TestNG-test=Setel Admin test on chrome-1(12)"},{"name":"framework","value":"testng"},{"name":"language","value":"java"},{"name":"resultFormat","value":"allure2"}],"parameters":[{"name":"arg0","value":""},{"name":"arg1","value":"5"}],"links":[],"hidden":false,"retry":false,"extra":{"severity":"normal","retries":[],"categories":[{"name":"Product defects","matchedStatuses":[],"flaky":false}],"history":{"statistic":{"failed":1,"broken":0,"skipped":0,"passed":1,"unknown":0,"total":2},"items":[{"uid":"40ef54963fde5645","reportUrl":"https://Sotatek-DavidNguyen4.github.io/cardano-api-tests/55//#testresult/40ef54963fde5645","status":"passed","time":{"start":1684295992804,"stop":1684295994707,"duration":1903}}]},"tags":[]},"source":"b380f69815117232.json","parameterValues":["","5"]}