{"uid":"3acdc34b6e8cbe7b","name":"Get all blocks successfully with sort","fullName":"tests.block.GetAllBlockTests.getAllBlockSuccessfullyWithSort","historyId":"b3826d114831fccf9e32b745d877892d","time":{"start":1692728526463,"stop":1692728528052,"duration":1589},"status":"failed","statusMessage":"1 expectation failed.\nExpected status code <200> but was <502>.\n","statusTrace":"java.lang.AssertionError: 1 expectation failed.\nExpected status code <200> but was <502>.\n\n\tat sun.reflect.GeneratedConstructorAccessor105.newInstance(Unknown Source)\n\tat sun.reflect.DelegatingConstructorAccessorImpl.newInstance(DelegatingConstructorAccessorImpl.java:45)\n\tat java.lang.reflect.Constructor.newInstance(Constructor.java:423)\n\tat org.codehaus.groovy.reflection.CachedConstructor.invoke(CachedConstructor.java:83)\n\tat org.codehaus.groovy.reflection.CachedConstructor.doConstructorInvoke(CachedConstructor.java:77)\n\tat org.codehaus.groovy.runtime.callsite.ConstructorSite$ConstructorSiteNoUnwrap.callConstructor(ConstructorSite.java:84)\n\tat org.codehaus.groovy.runtime.callsite.AbstractCallSite.callConstructor(AbstractCallSite.java:250)\n\tat io.restassured.internal.ResponseSpecificationImpl$HamcrestAssertionClosure.validate(ResponseSpecificationImpl.groovy:494)\n\tat io.restassured.internal.ResponseSpecificationImpl$HamcrestAssertionClosure$validate$6.call(Unknown Source)\n\tat io.restassured.internal.ResponseSpecificationImpl.validateResponseIfRequired(ResponseSpecificationImpl.groovy:656)\n\tat sun.reflect.GeneratedMethodAccessor218.invoke(Unknown Source)\n\tat sun.reflect.DelegatingMethodAccessorImpl.invoke(DelegatingMethodAccessorImpl.java:43)\n\tat java.lang.reflect.Method.invoke(Method.java:498)\n\tat org.codehaus.groovy.runtime.callsite.PogoMetaMethodSite$PogoCachedMethodSiteNoUnwrapNoCoerce.invoke(PogoMetaMethodSite.java:210)\n\tat org.codehaus.groovy.runtime.callsite.PogoMetaMethodSite.callCurrent(PogoMetaMethodSite.java:59)\n\tat org.codehaus.groovy.runtime.callsite.AbstractCallSite.callCurrent(AbstractCallSite.java:169)\n\tat io.restassured.internal.ResponseSpecificationImpl.statusCode(ResponseSpecificationImpl.groovy:125)\n\tat io.restassured.specification.ResponseSpecification$statusCode$1.callCurrent(Unknown Source)\n\tat io.restassured.internal.ResponseSpecificationImpl.statusCode(ResponseSpecificationImpl.groovy:133)\n\tat io.restassured.internal.ValidatableResponseOptionsImpl.statusCode(ValidatableResponseOptionsImpl.java:119)\n\tat core.BaseApi.validateStatusCode(BaseApi.java:84)\n\tat tests.block.GetAllBlockTests.getAllBlockSuccessfullyWithSort(GetAllBlockTests.java:110)\n\tat sun.reflect.NativeMethodAccessorImpl.invoke0(Native Method)\n\tat sun.reflect.NativeMethodAccessorImpl.invoke(NativeMethodAccessorImpl.java:62)\n\tat sun.reflect.DelegatingMethodAccessorImpl.invoke(DelegatingMethodAccessorImpl.java:43)\n\tat java.lang.reflect.Method.invoke(Method.java:498)\n\tat org.testng.internal.MethodInvocationHelper.invokeMethod(MethodInvocationHelper.java:134)\n\tat org.testng.internal.TestInvoker.invokeMethod(TestInvoker.java:597)\n\tat org.testng.internal.TestInvoker.invokeTestMethod(TestInvoker.java:173)\n\tat org.testng.internal.MethodRunner.runInSequence(MethodRunner.java:46)\n\tat org.testng.internal.TestInvoker$MethodInvocationAgent.invoke(TestInvoker.java:816)\n\tat org.testng.internal.TestInvoker.invokeTestMethods(TestInvoker.java:146)\n\tat org.testng.internal.TestMethodWorker.invokeTestMethods(TestMethodWorker.java:146)\n\tat org.testng.internal.TestMethodWorker.run(TestMethodWorker.java:128)\n\tat java.util.concurrent.ThreadPoolExecutor.runWorker(ThreadPoolExecutor.java:1149)\n\tat java.util.concurrent.ThreadPoolExecutor$Worker.run(ThreadPoolExecutor.java:624)\n\tat java.lang.Thread.run(Thread.java:750)\n","flaky":false,"newFailed":false,"newBroken":false,"newPassed":false,"retriesCount":0,"retriesStatusChange":false,"beforeStages":[{"name":"preconditions","time":{"start":1692728476769,"stop":1692728477563,"duration":794},"description":"","status":"passed","steps":[],"attachments":[],"parameters":[],"attachmentsCount":0,"shouldDisplayMessage":false,"hasContent":false,"stepsCount":0},{"name":"setUp","time":{"start":1692728526460,"stop":1692728526462,"duration":2},"description":"","status":"passed","steps":[],"attachments":[],"parameters":[],"attachmentsCount":0,"shouldDisplayMessage":false,"hasContent":false,"stepsCount":0}],"testStage":{"status":"failed","statusMessage":"1 expectation failed.\nExpected status code <200> but was <502>.\n","statusTrace":"java.lang.AssertionError: 1 expectation failed.\nExpected status code <200> but was <502>.\n\n\tat sun.reflect.GeneratedConstructorAccessor105.newInstance(Unknown Source)\n\tat sun.reflect.DelegatingConstructorAccessorImpl.newInstance(DelegatingConstructorAccessorImpl.java:45)\n\tat java.lang.reflect.Constructor.newInstance(Constructor.java:423)\n\tat org.codehaus.groovy.reflection.CachedConstructor.invoke(CachedConstructor.java:83)\n\tat org.codehaus.groovy.reflection.CachedConstructor.doConstructorInvoke(CachedConstructor.java:77)\n\tat org.codehaus.groovy.runtime.callsite.ConstructorSite$ConstructorSiteNoUnwrap.callConstructor(ConstructorSite.java:84)\n\tat org.codehaus.groovy.runtime.callsite.AbstractCallSite.callConstructor(AbstractCallSite.java:250)\n\tat io.restassured.internal.ResponseSpecificationImpl$HamcrestAssertionClosure.validate(ResponseSpecificationImpl.groovy:494)\n\tat io.restassured.internal.ResponseSpecificationImpl$HamcrestAssertionClosure$validate$6.call(Unknown Source)\n\tat io.restassured.internal.ResponseSpecificationImpl.validateResponseIfRequired(ResponseSpecificationImpl.groovy:656)\n\tat sun.reflect.GeneratedMethodAccessor218.invoke(Unknown Source)\n\tat sun.reflect.DelegatingMethodAccessorImpl.invoke(DelegatingMethodAccessorImpl.java:43)\n\tat java.lang.reflect.Method.invoke(Method.java:498)\n\tat org.codehaus.groovy.runtime.callsite.PogoMetaMethodSite$PogoCachedMethodSiteNoUnwrapNoCoerce.invoke(PogoMetaMethodSite.java:210)\n\tat org.codehaus.groovy.runtime.callsite.PogoMetaMethodSite.callCurrent(PogoMetaMethodSite.java:59)\n\tat org.codehaus.groovy.runtime.callsite.AbstractCallSite.callCurrent(AbstractCallSite.java:169)\n\tat io.restassured.internal.ResponseSpecificationImpl.statusCode(ResponseSpecificationImpl.groovy:125)\n\tat io.restassured.specification.ResponseSpecification$statusCode$1.callCurrent(Unknown Source)\n\tat io.restassured.internal.ResponseSpecificationImpl.statusCode(ResponseSpecificationImpl.groovy:133)\n\tat io.restassured.internal.ValidatableResponseOptionsImpl.statusCode(ValidatableResponseOptionsImpl.java:119)\n\tat core.BaseApi.validateStatusCode(BaseApi.java:84)\n\tat tests.block.GetAllBlockTests.getAllBlockSuccessfullyWithSort(GetAllBlockTests.java:110)\n\tat sun.reflect.NativeMethodAccessorImpl.invoke0(Native Method)\n\tat sun.reflect.NativeMethodAccessorImpl.invoke(NativeMethodAccessorImpl.java:62)\n\tat sun.reflect.DelegatingMethodAccessorImpl.invoke(DelegatingMethodAccessorImpl.java:43)\n\tat java.lang.reflect.Method.invoke(Method.java:498)\n\tat org.testng.internal.MethodInvocationHelper.invokeMethod(MethodInvocationHelper.java:134)\n\tat org.testng.internal.TestInvoker.invokeMethod(TestInvoker.java:597)\n\tat org.testng.internal.TestInvoker.invokeTestMethod(TestInvoker.java:173)\n\tat org.testng.internal.MethodRunner.runInSequence(MethodRunner.java:46)\n\tat org.testng.internal.TestInvoker$MethodInvocationAgent.invoke(TestInvoker.java:816)\n\tat org.testng.internal.TestInvoker.invokeTestMethods(TestInvoker.java:146)\n\tat org.testng.internal.TestMethodWorker.invokeTestMethods(TestMethodWorker.java:146)\n\tat org.testng.internal.TestMethodWorker.run(TestMethodWorker.java:128)\n\tat java.util.concurrent.ThreadPoolExecutor.runWorker(ThreadPoolExecutor.java:1149)\n\tat java.util.concurrent.ThreadPoolExecutor$Worker.run(ThreadPoolExecutor.java:624)\n\tat java.lang.Thread.run(Thread.java:750)\n","steps":[{"name":"get all block","time":{"start":1692728526463,"stop":1692728528051,"duration":1588},"status":"passed","steps":[],"attachments":[],"parameters":[{"name":"param","value":"{sort=[txCount,ASC]}"}],"attachmentsCount":0,"shouldDisplayMessage":false,"hasContent":true,"stepsCount":0}],"attachments":[],"parameters":[],"attachmentsCount":0,"shouldDisplayMessage":true,"hasContent":true,"stepsCount":1},"afterStages":[{"name":"tearDown","time":{"start":1692728528055,"stop":1692728528056,"duration":1},"description":"","status":"passed","steps":[],"attachments":[],"parameters":[],"attachmentsCount":0,"shouldDisplayMessage":false,"hasContent":false,"stepsCount":0},{"name":"postconditions","time":{"start":1692728651271,"stop":1692728651272,"duration":1},"description":"","status":"passed","steps":[],"attachments":[],"parameters":[],"attachmentsCount":0,"shouldDisplayMessage":false,"hasContent":false,"stepsCount":0}],"labels":[{"name":"package","value":"tests.block.GetAllBlockTests"},{"name":"testClass","value":"tests.block.GetAllBlockTests"},{"name":"testMethod","value":"getAllBlockSuccessfullyWithSort"},{"name":"parentSuite","value":"Cardano Regression Suite"},{"name":"suite","value":"Cardano API test "},{"name":"subSuite","value":"tests.block.GetAllBlockTests"},{"name":"host","value":"fv-az168-301"},{"name":"thread","value":"2274@fv-az168-301.TestNG-test=Cardano API test -3(14)"},{"name":"framework","value":"testng"},{"name":"language","value":"java"},{"name":"epic","value":"cardano"},{"name":"feature","value":"api-block"},{"name":"resultFormat","value":"allure2"}],"parameters":[{"name":"arg0","value":"txCount,ASC"},{"name":"env","value":"mainnet"}],"links":[],"hidden":false,"retry":false,"extra":{"severity":"normal","retries":[],"categories":[{"name":"Product defects","matchedStatuses":[],"flaky":false}],"history":{"statistic":{"failed":31,"broken":8,"skipped":0,"passed":23,"unknown":0,"total":62},"items":[{"uid":"a76917d83ffa7896","reportUrl":"https://Sotatek-DavidNguyen4.github.io/cardano-api-tests/414//#testresult/a76917d83ffa7896","status":"failed","statusDetails":"1 expectation failed.\nExpected status code <200> but was <502>.\n","time":{"start":1692642070992,"stop":1692642072940,"duration":1948}},{"uid":"c5e37109aa4ffff6","reportUrl":"https://Sotatek-DavidNguyen4.github.io/cardano-api-tests/413//#testresult/c5e37109aa4ffff6","status":"failed","statusDetails":"1 expectation failed.\nExpected status code <200> but was <502>.\n","time":{"start":1692555597634,"stop":1692555599108,"duration":1474}},{"uid":"1379a494aaf9e8b3","reportUrl":"https://Sotatek-DavidNguyen4.github.io/cardano-api-tests/412//#testresult/1379a494aaf9e8b3","status":"failed","statusDetails":"1 expectation failed.\nExpected status code <200> but was <502>.\n","time":{"start":1692469202447,"stop":1692469204296,"duration":1849}},{"uid":"4c8fd0329ea4636b","reportUrl":"https://Sotatek-DavidNguyen4.github.io/cardano-api-tests/411//#testresult/4c8fd0329ea4636b","status":"failed","statusDetails":"1 expectation failed.\nExpected status code <200> but was <502>.\n","time":{"start":1692382888640,"stop":1692382891266,"duration":2626}},{"uid":"bfeacf627c3fb5de","reportUrl":"https://Sotatek-DavidNguyen4.github.io/cardano-api-tests/410//#testresult/bfeacf627c3fb5de","status":"failed","statusDetails":"1 expectation failed.\nExpected status code <200> but was <502>.\n","time":{"start":1692296532417,"stop":1692296533889,"duration":1472}},{"uid":"cce44e525329202b","reportUrl":"https://Sotatek-DavidNguyen4.github.io/cardano-api-tests/409//#testresult/cce44e525329202b","status":"failed","statusDetails":"1 expectation failed.\nExpected status code <200> but was <502>.\n","time":{"start":1692210125107,"stop":1692210126993,"duration":1886}},{"uid":"5447ff778673c756","reportUrl":"https://Sotatek-DavidNguyen4.github.io/cardano-api-tests/408//#testresult/5447ff778673c756","status":"failed","statusDetails":"1 expectation failed.\nExpected status code <200> but was <502>.\n","time":{"start":1692123685044,"stop":1692123686708,"duration":1664}},{"uid":"b0f13ae72ddf9261","reportUrl":"https://Sotatek-DavidNguyen4.github.io/cardano-api-tests/407//#testresult/b0f13ae72ddf9261","status":"failed","statusDetails":"1 expectation failed.\nExpected status code <200> but was <502>.\n","time":{"start":1692037322960,"stop":1692037324776,"duration":1816}},{"uid":"efba7310a8871f8c","reportUrl":"https://Sotatek-DavidNguyen4.github.io/cardano-api-tests/406//#testresult/efba7310a8871f8c","status":"failed","statusDetails":"1 expectation failed.\nExpected status code <200> but was <502>.\n","time":{"start":1691950811544,"stop":1691950813496,"duration":1952}},{"uid":"5f620bd796160d8c","reportUrl":"https://Sotatek-DavidNguyen4.github.io/cardano-api-tests/405//#testresult/5f620bd796160d8c","status":"failed","statusDetails":"1 expectation failed.\nExpected status code <200> but was <502>.\n","time":{"start":1691864406460,"stop":1691864408245,"duration":1785}},{"uid":"40e4b7b6eff2ec2f","reportUrl":"https://Sotatek-DavidNguyen4.github.io/cardano-api-tests/404//#testresult/40e4b7b6eff2ec2f","status":"failed","statusDetails":"1 expectation failed.\nExpected status code <200> but was <502>.\n","time":{"start":1691778097618,"stop":1691778099384,"duration":1766}},{"uid":"c3305859dcac43fc","reportUrl":"https://Sotatek-DavidNguyen4.github.io/cardano-api-tests/403//#testresult/c3305859dcac43fc","status":"failed","statusDetails":"1 expectation failed.\nExpected status code <200> but was <502>.\n","time":{"start":1691691739555,"stop":1691691741544,"duration":1989}},{"uid":"45281e912b809efc","reportUrl":"https://Sotatek-DavidNguyen4.github.io/cardano-api-tests/402//#testresult/45281e912b809efc","status":"failed","statusDetails":"1 expectation failed.\nExpected status code <200> but was <502>.\n","time":{"start":1691605443099,"stop":1691605444579,"duration":1480}},{"uid":"ecfbe4444f4aa3a6","reportUrl":"https://Sotatek-DavidNguyen4.github.io/cardano-api-tests/401//#testresult/ecfbe4444f4aa3a6","status":"failed","statusDetails":"1 expectation failed.\nExpected status code <200> but was <502>.\n","time":{"start":1691519040733,"stop":1691519042269,"duration":1536}},{"uid":"2070dc430bf802e7","reportUrl":"https://Sotatek-DavidNguyen4.github.io/cardano-api-tests/400//#testresult/2070dc430bf802e7","status":"failed","statusDetails":"1 expectation failed.\nExpected status code <200> but was <502>.\n","time":{"start":1691432513805,"stop":1691432515775,"duration":1970}},{"uid":"8f275164a105c864","reportUrl":"https://Sotatek-DavidNguyen4.github.io/cardano-api-tests/399//#testresult/8f275164a105c864","status":"failed","statusDetails":"1 expectation failed.\nExpected status code <200> but was <502>.\n","time":{"start":1691346031855,"stop":1691346033587,"duration":1732}},{"uid":"1ade97e09340b060","reportUrl":"https://Sotatek-DavidNguyen4.github.io/cardano-api-tests/398//#testresult/1ade97e09340b060","status":"failed","statusDetails":"1 expectation failed.\nExpected status code <200> but was <502>.\n","time":{"start":1691259632211,"stop":1691259633807,"duration":1596}},{"uid":"7e12052cd0e3b15a","reportUrl":"https://Sotatek-DavidNguyen4.github.io/cardano-api-tests/397//#testresult/7e12052cd0e3b15a","status":"failed","statusDetails":"1 expectation failed.\nExpected status code <200> but was <502>.\n","time":{"start":1691173331779,"stop":1691173333610,"duration":1831}},{"uid":"8eb4caa66942a4e4","reportUrl":"https://Sotatek-DavidNguyen4.github.io/cardano-api-tests/396//#testresult/8eb4caa66942a4e4","status":"failed","statusDetails":"1 expectation failed.\nExpected status code <200> but was <502>.\n","time":{"start":1691086944848,"stop":1691086946824,"duration":1976}},{"uid":"bd2a388f0ddd7a59","reportUrl":"https://Sotatek-DavidNguyen4.github.io/cardano-api-tests/395//#testresult/bd2a388f0ddd7a59","status":"failed","statusDetails":"1 expectation failed.\nExpected status code <200> but was <502>.\n","time":{"start":1691000558172,"stop":1691000559737,"duration":1565}}]},"tags":[]},"source":"3acdc34b6e8cbe7b.json","parameterValues":["txCount,ASC","mainnet"]}