{"uid":"bc7892d02f33c079","name":"take epoch detail","fullName":"tests.epoch.EpochScenarioTests.takeEpochDetail","historyId":"22a765d9aa06e034ef1218b34bc2a17","time":{"start":1692728605891,"stop":1692728607464,"duration":1573},"status":"failed","statusMessage":"1 expectation failed.\nExpected status code <200> but was <502>.\n","statusTrace":"java.lang.AssertionError: 1 expectation failed.\nExpected status code <200> but was <502>.\n\n\tat sun.reflect.GeneratedConstructorAccessor105.newInstance(Unknown Source)\n\tat sun.reflect.DelegatingConstructorAccessorImpl.newInstance(DelegatingConstructorAccessorImpl.java:45)\n\tat java.lang.reflect.Constructor.newInstance(Constructor.java:423)\n\tat org.codehaus.groovy.reflection.CachedConstructor.invoke(CachedConstructor.java:83)\n\tat org.codehaus.groovy.reflection.CachedConstructor.doConstructorInvoke(CachedConstructor.java:77)\n\tat org.codehaus.groovy.runtime.callsite.ConstructorSite$ConstructorSiteNoUnwrap.callConstructor(ConstructorSite.java:84)\n\tat org.codehaus.groovy.runtime.callsite.AbstractCallSite.callConstructor(AbstractCallSite.java:250)\n\tat io.restassured.internal.ResponseSpecificationImpl$HamcrestAssertionClosure.validate(ResponseSpecificationImpl.groovy:494)\n\tat io.restassured.internal.ResponseSpecificationImpl$HamcrestAssertionClosure$validate$6.call(Unknown Source)\n\tat io.restassured.internal.ResponseSpecificationImpl.validateResponseIfRequired(ResponseSpecificationImpl.groovy:656)\n\tat sun.reflect.GeneratedMethodAccessor218.invoke(Unknown Source)\n\tat sun.reflect.DelegatingMethodAccessorImpl.invoke(DelegatingMethodAccessorImpl.java:43)\n\tat java.lang.reflect.Method.invoke(Method.java:498)\n\tat org.codehaus.groovy.runtime.callsite.PogoMetaMethodSite$PogoCachedMethodSiteNoUnwrapNoCoerce.invoke(PogoMetaMethodSite.java:210)\n\tat org.codehaus.groovy.runtime.callsite.PogoMetaMethodSite.callCurrent(PogoMetaMethodSite.java:59)\n\tat org.codehaus.groovy.runtime.callsite.AbstractCallSite.callCurrent(AbstractCallSite.java:169)\n\tat io.restassured.internal.ResponseSpecificationImpl.statusCode(ResponseSpecificationImpl.groovy:125)\n\tat io.restassured.specification.ResponseSpecification$statusCode$1.callCurrent(Unknown Source)\n\tat io.restassured.internal.ResponseSpecificationImpl.statusCode(ResponseSpecificationImpl.groovy:133)\n\tat io.restassured.internal.ValidatableResponseOptionsImpl.statusCode(ValidatableResponseOptionsImpl.java:119)\n\tat core.BaseApi.validateStatusCode(BaseApi.java:84)\n\tat tests.epoch.EpochScenarioTests.takeEpochDetail(EpochScenarioTests.java:25)\n\tat sun.reflect.NativeMethodAccessorImpl.invoke0(Native Method)\n\tat sun.reflect.NativeMethodAccessorImpl.invoke(NativeMethodAccessorImpl.java:62)\n\tat sun.reflect.DelegatingMethodAccessorImpl.invoke(DelegatingMethodAccessorImpl.java:43)\n\tat java.lang.reflect.Method.invoke(Method.java:498)\n\tat org.testng.internal.MethodInvocationHelper.invokeMethod(MethodInvocationHelper.java:134)\n\tat org.testng.internal.TestInvoker.invokeMethod(TestInvoker.java:597)\n\tat org.testng.internal.TestInvoker.invokeTestMethod(TestInvoker.java:173)\n\tat org.testng.internal.MethodRunner.runInSequence(MethodRunner.java:46)\n\tat org.testng.internal.TestInvoker$MethodInvocationAgent.invoke(TestInvoker.java:816)\n\tat org.testng.internal.TestInvoker.invokeTestMethods(TestInvoker.java:146)\n\tat org.testng.internal.TestMethodWorker.invokeTestMethods(TestMethodWorker.java:146)\n\tat org.testng.internal.TestMethodWorker.run(TestMethodWorker.java:128)\n\tat java.util.concurrent.ThreadPoolExecutor.runWorker(ThreadPoolExecutor.java:1149)\n\tat java.util.concurrent.ThreadPoolExecutor$Worker.run(ThreadPoolExecutor.java:624)\n\tat java.lang.Thread.run(Thread.java:750)\n","flaky":false,"newFailed":false,"newBroken":false,"newPassed":false,"retriesCount":0,"retriesStatusChange":false,"beforeStages":[{"name":"preconditions","time":{"start":1692728476769,"stop":1692728477563,"duration":794},"description":"","status":"passed","steps":[],"attachments":[],"parameters":[],"attachmentsCount":0,"shouldDisplayMessage":false,"hasContent":false,"stepsCount":0},{"name":"setUp","time":{"start":1692728605890,"stop":1692728605890,"duration":0},"description":"","status":"passed","steps":[],"attachments":[],"parameters":[],"attachmentsCount":0,"shouldDisplayMessage":false,"hasContent":false,"stepsCount":0}],"testStage":{"status":"failed","statusMessage":"1 expectation failed.\nExpected status code <200> but was <502>.\n","statusTrace":"java.lang.AssertionError: 1 expectation failed.\nExpected status code <200> but was <502>.\n\n\tat sun.reflect.GeneratedConstructorAccessor105.newInstance(Unknown Source)\n\tat sun.reflect.DelegatingConstructorAccessorImpl.newInstance(DelegatingConstructorAccessorImpl.java:45)\n\tat java.lang.reflect.Constructor.newInstance(Constructor.java:423)\n\tat org.codehaus.groovy.reflection.CachedConstructor.invoke(CachedConstructor.java:83)\n\tat org.codehaus.groovy.reflection.CachedConstructor.doConstructorInvoke(CachedConstructor.java:77)\n\tat org.codehaus.groovy.runtime.callsite.ConstructorSite$ConstructorSiteNoUnwrap.callConstructor(ConstructorSite.java:84)\n\tat org.codehaus.groovy.runtime.callsite.AbstractCallSite.callConstructor(AbstractCallSite.java:250)\n\tat io.restassured.internal.ResponseSpecificationImpl$HamcrestAssertionClosure.validate(ResponseSpecificationImpl.groovy:494)\n\tat io.restassured.internal.ResponseSpecificationImpl$HamcrestAssertionClosure$validate$6.call(Unknown Source)\n\tat io.restassured.internal.ResponseSpecificationImpl.validateResponseIfRequired(ResponseSpecificationImpl.groovy:656)\n\tat sun.reflect.GeneratedMethodAccessor218.invoke(Unknown Source)\n\tat sun.reflect.DelegatingMethodAccessorImpl.invoke(DelegatingMethodAccessorImpl.java:43)\n\tat java.lang.reflect.Method.invoke(Method.java:498)\n\tat org.codehaus.groovy.runtime.callsite.PogoMetaMethodSite$PogoCachedMethodSiteNoUnwrapNoCoerce.invoke(PogoMetaMethodSite.java:210)\n\tat org.codehaus.groovy.runtime.callsite.PogoMetaMethodSite.callCurrent(PogoMetaMethodSite.java:59)\n\tat org.codehaus.groovy.runtime.callsite.AbstractCallSite.callCurrent(AbstractCallSite.java:169)\n\tat io.restassured.internal.ResponseSpecificationImpl.statusCode(ResponseSpecificationImpl.groovy:125)\n\tat io.restassured.specification.ResponseSpecification$statusCode$1.callCurrent(Unknown Source)\n\tat io.restassured.internal.ResponseSpecificationImpl.statusCode(ResponseSpecificationImpl.groovy:133)\n\tat io.restassured.internal.ValidatableResponseOptionsImpl.statusCode(ValidatableResponseOptionsImpl.java:119)\n\tat core.BaseApi.validateStatusCode(BaseApi.java:84)\n\tat tests.epoch.EpochScenarioTests.takeEpochDetail(EpochScenarioTests.java:25)\n\tat sun.reflect.NativeMethodAccessorImpl.invoke0(Native Method)\n\tat sun.reflect.NativeMethodAccessorImpl.invoke(NativeMethodAccessorImpl.java:62)\n\tat sun.reflect.DelegatingMethodAccessorImpl.invoke(DelegatingMethodAccessorImpl.java:43)\n\tat java.lang.reflect.Method.invoke(Method.java:498)\n\tat org.testng.internal.MethodInvocationHelper.invokeMethod(MethodInvocationHelper.java:134)\n\tat org.testng.internal.TestInvoker.invokeMethod(TestInvoker.java:597)\n\tat org.testng.internal.TestInvoker.invokeTestMethod(TestInvoker.java:173)\n\tat org.testng.internal.MethodRunner.runInSequence(MethodRunner.java:46)\n\tat org.testng.internal.TestInvoker$MethodInvocationAgent.invoke(TestInvoker.java:816)\n\tat org.testng.internal.TestInvoker.invokeTestMethods(TestInvoker.java:146)\n\tat org.testng.internal.TestMethodWorker.invokeTestMethods(TestMethodWorker.java:146)\n\tat org.testng.internal.TestMethodWorker.run(TestMethodWorker.java:128)\n\tat java.util.concurrent.ThreadPoolExecutor.runWorker(ThreadPoolExecutor.java:1149)\n\tat java.util.concurrent.ThreadPoolExecutor$Worker.run(ThreadPoolExecutor.java:624)\n\tat java.lang.Thread.run(Thread.java:750)\n","steps":[{"name":"Get list epoch with no param","time":{"start":1692728605891,"stop":1692728607463,"duration":1572},"status":"passed","steps":[],"attachments":[],"parameters":[],"attachmentsCount":0,"shouldDisplayMessage":false,"hasContent":false,"stepsCount":0}],"attachments":[],"parameters":[],"attachmentsCount":0,"shouldDisplayMessage":true,"hasContent":true,"stepsCount":1},"afterStages":[{"name":"tearDown","time":{"start":1692728607465,"stop":1692728607465,"duration":0},"description":"","status":"passed","steps":[],"attachments":[],"parameters":[],"attachmentsCount":0,"shouldDisplayMessage":false,"hasContent":false,"stepsCount":0},{"name":"postconditions","time":{"start":1692728651271,"stop":1692728651272,"duration":1},"description":"","status":"passed","steps":[],"attachments":[],"parameters":[],"attachmentsCount":0,"shouldDisplayMessage":false,"hasContent":false,"stepsCount":0}],"labels":[{"name":"package","value":"tests.epoch.EpochScenarioTests"},{"name":"testClass","value":"tests.epoch.EpochScenarioTests"},{"name":"testMethod","value":"takeEpochDetail"},{"name":"parentSuite","value":"Cardano Regression Suite"},{"name":"suite","value":"Cardano API test "},{"name":"subSuite","value":"tests.epoch.EpochScenarioTests"},{"name":"host","value":"fv-az168-301"},{"name":"thread","value":"2274@fv-az168-301.TestNG-test=Cardano API test -4(15)"},{"name":"framework","value":"testng"},{"name":"language","value":"java"},{"name":"resultFormat","value":"allure2"}],"parameters":[{"name":"env","value":"mainnet"}],"links":[],"hidden":false,"retry":false,"extra":{"severity":"normal","retries":[],"categories":[{"name":"Product defects","matchedStatuses":[],"flaky":false}],"history":{"statistic":{"failed":31,"broken":8,"skipped":0,"passed":25,"unknown":0,"total":64},"items":[{"uid":"44024e2a3f616a1c","reportUrl":"https://Sotatek-DavidNguyen4.github.io/cardano-api-tests/414//#testresult/44024e2a3f616a1c","status":"failed","statusDetails":"1 expectation failed.\nExpected status code <200> but was <502>.\n","time":{"start":1692642170634,"stop":1692642172606,"duration":1972}},{"uid":"168a1fc5122d3f37","reportUrl":"https://Sotatek-DavidNguyen4.github.io/cardano-api-tests/413//#testresult/168a1fc5122d3f37","status":"failed","statusDetails":"1 expectation failed.\nExpected status code <200> but was <502>.\n","time":{"start":1692555671899,"stop":1692555673369,"duration":1470}},{"uid":"93a7e30cca609b4d","reportUrl":"https://Sotatek-DavidNguyen4.github.io/cardano-api-tests/412//#testresult/93a7e30cca609b4d","status":"failed","statusDetails":"1 expectation failed.\nExpected status code <200> but was <502>.\n","time":{"start":1692469295279,"stop":1692469297092,"duration":1813}},{"uid":"f71f8ab3f4144a6","reportUrl":"https://Sotatek-DavidNguyen4.github.io/cardano-api-tests/411//#testresult/f71f8ab3f4144a6","status":"failed","statusDetails":"1 expectation failed.\nExpected status code <200> but was <502>.\n","time":{"start":1692382988338,"stop":1692382990919,"duration":2581}},{"uid":"322f0d9b358f517b","reportUrl":"https://Sotatek-DavidNguyen4.github.io/cardano-api-tests/410//#testresult/322f0d9b358f517b","status":"failed","statusDetails":"1 expectation failed.\nExpected status code <200> but was <502>.\n","time":{"start":1692296606177,"stop":1692296607681,"duration":1504}},{"uid":"32670ca6c400cbf2","reportUrl":"https://Sotatek-DavidNguyen4.github.io/cardano-api-tests/409//#testresult/32670ca6c400cbf2","status":"failed","statusDetails":"1 expectation failed.\nExpected status code <200> but was <502>.\n","time":{"start":1692210221182,"stop":1692210223093,"duration":1911}},{"uid":"96fde3db6a004d77","reportUrl":"https://Sotatek-DavidNguyen4.github.io/cardano-api-tests/408//#testresult/96fde3db6a004d77","status":"failed","statusDetails":"1 expectation failed.\nExpected status code <200> but was <502>.\n","time":{"start":1692123768801,"stop":1692123770487,"duration":1686}},{"uid":"28c57358c3d800df","reportUrl":"https://Sotatek-DavidNguyen4.github.io/cardano-api-tests/407//#testresult/28c57358c3d800df","status":"failed","statusDetails":"1 expectation failed.\nExpected status code <200> but was <502>.\n","time":{"start":1692037414645,"stop":1692037416445,"duration":1800}},{"uid":"dffa222dc51d17f2","reportUrl":"https://Sotatek-DavidNguyen4.github.io/cardano-api-tests/406//#testresult/dffa222dc51d17f2","status":"failed","statusDetails":"1 expectation failed.\nExpected status code <200> but was <502>.\n","time":{"start":1691950910675,"stop":1691950912613,"duration":1938}},{"uid":"128a7000dba92079","reportUrl":"https://Sotatek-DavidNguyen4.github.io/cardano-api-tests/405//#testresult/128a7000dba92079","status":"failed","statusDetails":"1 expectation failed.\nExpected status code <200> but was <502>.\n","time":{"start":1691864496435,"stop":1691864498234,"duration":1799}},{"uid":"93a406935f788310","reportUrl":"https://Sotatek-DavidNguyen4.github.io/cardano-api-tests/404//#testresult/93a406935f788310","status":"failed","statusDetails":"1 expectation failed.\nExpected status code <200> but was <502>.\n","time":{"start":1691778185064,"stop":1691778186792,"duration":1728}},{"uid":"61bd3a46aa0344a3","reportUrl":"https://Sotatek-DavidNguyen4.github.io/cardano-api-tests/403//#testresult/61bd3a46aa0344a3","status":"failed","statusDetails":"1 expectation failed.\nExpected status code <200> but was <502>.\n","time":{"start":1691691838131,"stop":1691691840114,"duration":1983}},{"uid":"dc7693bd5e72c7b2","reportUrl":"https://Sotatek-DavidNguyen4.github.io/cardano-api-tests/402//#testresult/dc7693bd5e72c7b2","status":"failed","statusDetails":"1 expectation failed.\nExpected status code <200> but was <502>.\n","time":{"start":1691605518099,"stop":1691605519587,"duration":1488}},{"uid":"4dde79cf05be5b4a","reportUrl":"https://Sotatek-DavidNguyen4.github.io/cardano-api-tests/401//#testresult/4dde79cf05be5b4a","status":"failed","statusDetails":"1 expectation failed.\nExpected status code <200> but was <502>.\n","time":{"start":1691519115958,"stop":1691519117461,"duration":1503}},{"uid":"c6beb7030837f36d","reportUrl":"https://Sotatek-DavidNguyen4.github.io/cardano-api-tests/400//#testresult/c6beb7030837f36d","status":"failed","statusDetails":"1 expectation failed.\nExpected status code <200> but was <502>.\n","time":{"start":1691432612484,"stop":1691432614471,"duration":1987}},{"uid":"ca1f8c936c3e578f","reportUrl":"https://Sotatek-DavidNguyen4.github.io/cardano-api-tests/399//#testresult/ca1f8c936c3e578f","status":"failed","statusDetails":"1 expectation failed.\nExpected status code <200> but was <502>.\n","time":{"start":1691346118710,"stop":1691346120472,"duration":1762}},{"uid":"609a3a4b07437ae8","reportUrl":"https://Sotatek-DavidNguyen4.github.io/cardano-api-tests/398//#testresult/609a3a4b07437ae8","status":"failed","statusDetails":"1 expectation failed.\nExpected status code <200> but was <502>.\n","time":{"start":1691259713639,"stop":1691259715220,"duration":1581}},{"uid":"89c0dd9df4e16d7b","reportUrl":"https://Sotatek-DavidNguyen4.github.io/cardano-api-tests/397//#testresult/89c0dd9df4e16d7b","status":"failed","statusDetails":"1 expectation failed.\nExpected status code <200> but was <502>.\n","time":{"start":1691173424199,"stop":1691173425982,"duration":1783}},{"uid":"c626bed6df9256ca","reportUrl":"https://Sotatek-DavidNguyen4.github.io/cardano-api-tests/396//#testresult/c626bed6df9256ca","status":"failed","statusDetails":"1 expectation failed.\nExpected status code <200> but was <502>.\n","time":{"start":1691087043417,"stop":1691087045346,"duration":1929}},{"uid":"53b9786fb2da73f9","reportUrl":"https://Sotatek-DavidNguyen4.github.io/cardano-api-tests/395//#testresult/53b9786fb2da73f9","status":"failed","statusDetails":"1 expectation failed.\nExpected status code <200> but was <502>.\n","time":{"start":1691000635540,"stop":1691000637104,"duration":1564}}]},"tags":[]},"source":"bc7892d02f33c079.json","parameterValues":["mainnet"]}