{"uid":"c317c67612b26f60","name":"get a block detail unsuccessfully","fullName":"tests.block.BlockDetailTests.getABlockDetailUnsuccessfully","historyId":"b9d6b8524064b6d8a4142f08ea503886","time":{"start":1692382868430,"stop":1692382870314,"duration":1884},"status":"failed","statusMessage":"1 expectation failed.\nExpected status code <400> but was <502>.\n","statusTrace":"java.lang.AssertionError: 1 expectation failed.\nExpected status code <400> but was <502>.\n\n\tat sun.reflect.GeneratedConstructorAccessor94.newInstance(Unknown Source)\n\tat sun.reflect.DelegatingConstructorAccessorImpl.newInstance(DelegatingConstructorAccessorImpl.java:45)\n\tat java.lang.reflect.Constructor.newInstance(Constructor.java:423)\n\tat org.codehaus.groovy.reflection.CachedConstructor.invoke(CachedConstructor.java:83)\n\tat org.codehaus.groovy.reflection.CachedConstructor.doConstructorInvoke(CachedConstructor.java:77)\n\tat org.codehaus.groovy.runtime.callsite.ConstructorSite$ConstructorSiteNoUnwrap.callConstructor(ConstructorSite.java:84)\n\tat org.codehaus.groovy.runtime.callsite.AbstractCallSite.callConstructor(AbstractCallSite.java:250)\n\tat io.restassured.internal.ResponseSpecificationImpl$HamcrestAssertionClosure.validate(ResponseSpecificationImpl.groovy:494)\n\tat io.restassured.internal.ResponseSpecificationImpl$HamcrestAssertionClosure$validate$5.call(Unknown Source)\n\tat io.restassured.internal.ResponseSpecificationImpl.validateResponseIfRequired(ResponseSpecificationImpl.groovy:656)\n\tat sun.reflect.GeneratedMethodAccessor213.invoke(Unknown Source)\n\tat sun.reflect.DelegatingMethodAccessorImpl.invoke(DelegatingMethodAccessorImpl.java:43)\n\tat java.lang.reflect.Method.invoke(Method.java:498)\n\tat org.codehaus.groovy.runtime.callsite.PogoMetaMethodSite$PogoCachedMethodSiteNoUnwrapNoCoerce.invoke(PogoMetaMethodSite.java:210)\n\tat org.codehaus.groovy.runtime.callsite.PogoMetaMethodSite.callCurrent(PogoMetaMethodSite.java:59)\n\tat org.codehaus.groovy.runtime.callsite.AbstractCallSite.callCurrent(AbstractCallSite.java:169)\n\tat io.restassured.internal.ResponseSpecificationImpl.statusCode(ResponseSpecificationImpl.groovy:125)\n\tat io.restassured.specification.ResponseSpecification$statusCode$0.callCurrent(Unknown Source)\n\tat io.restassured.internal.ResponseSpecificationImpl.statusCode(ResponseSpecificationImpl.groovy:133)\n\tat io.restassured.internal.ValidatableResponseOptionsImpl.statusCode(ValidatableResponseOptionsImpl.java:119)\n\tat core.BaseApi.validateResponse(BaseApi.java:54)\n\tat microservices.common.steps.BaseSteps.then_verifyErrorResponse(BaseSteps.java:11)\n\tat tests.block.BlockDetailTests.getABlockDetailUnsuccessfully(BlockDetailTests.java:35)\n\tat sun.reflect.NativeMethodAccessorImpl.invoke0(Native Method)\n\tat sun.reflect.NativeMethodAccessorImpl.invoke(NativeMethodAccessorImpl.java:62)\n\tat sun.reflect.DelegatingMethodAccessorImpl.invoke(DelegatingMethodAccessorImpl.java:43)\n\tat java.lang.reflect.Method.invoke(Method.java:498)\n\tat org.testng.internal.MethodInvocationHelper.invokeMethod(MethodInvocationHelper.java:134)\n\tat org.testng.internal.TestInvoker.invokeMethod(TestInvoker.java:597)\n\tat org.testng.internal.TestInvoker.invokeTestMethod(TestInvoker.java:173)\n\tat org.testng.internal.MethodRunner.runInSequence(MethodRunner.java:46)\n\tat org.testng.internal.TestInvoker$MethodInvocationAgent.invoke(TestInvoker.java:816)\n\tat org.testng.internal.TestInvoker.invokeTestMethods(TestInvoker.java:146)\n\tat org.testng.internal.TestMethodWorker.invokeTestMethods(TestMethodWorker.java:146)\n\tat org.testng.internal.TestMethodWorker.run(TestMethodWorker.java:128)\n\tat java.util.concurrent.ThreadPoolExecutor.runWorker(ThreadPoolExecutor.java:1149)\n\tat java.util.concurrent.ThreadPoolExecutor$Worker.run(ThreadPoolExecutor.java:624)\n\tat java.lang.Thread.run(Thread.java:750)\n","flaky":false,"newFailed":false,"newBroken":false,"newPassed":false,"retriesCount":0,"retriesStatusChange":false,"beforeStages":[{"name":"preconditions","time":{"start":1692382828167,"stop":1692382828839,"duration":672},"description":"","status":"passed","steps":[],"attachments":[],"parameters":[],"stepsCount":0,"attachmentsCount":0,"shouldDisplayMessage":false,"hasContent":false},{"name":"setUp","time":{"start":1692382868428,"stop":1692382868429,"duration":1},"description":"","status":"passed","steps":[],"attachments":[],"parameters":[],"stepsCount":0,"attachmentsCount":0,"shouldDisplayMessage":false,"hasContent":false}],"testStage":{"status":"failed","statusMessage":"1 expectation failed.\nExpected status code <400> but was <502>.\n","statusTrace":"java.lang.AssertionError: 1 expectation failed.\nExpected status code <400> but was <502>.\n\n\tat sun.reflect.GeneratedConstructorAccessor94.newInstance(Unknown Source)\n\tat sun.reflect.DelegatingConstructorAccessorImpl.newInstance(DelegatingConstructorAccessorImpl.java:45)\n\tat java.lang.reflect.Constructor.newInstance(Constructor.java:423)\n\tat org.codehaus.groovy.reflection.CachedConstructor.invoke(CachedConstructor.java:83)\n\tat org.codehaus.groovy.reflection.CachedConstructor.doConstructorInvoke(CachedConstructor.java:77)\n\tat org.codehaus.groovy.runtime.callsite.ConstructorSite$ConstructorSiteNoUnwrap.callConstructor(ConstructorSite.java:84)\n\tat org.codehaus.groovy.runtime.callsite.AbstractCallSite.callConstructor(AbstractCallSite.java:250)\n\tat io.restassured.internal.ResponseSpecificationImpl$HamcrestAssertionClosure.validate(ResponseSpecificationImpl.groovy:494)\n\tat io.restassured.internal.ResponseSpecificationImpl$HamcrestAssertionClosure$validate$5.call(Unknown Source)\n\tat io.restassured.internal.ResponseSpecificationImpl.validateResponseIfRequired(ResponseSpecificationImpl.groovy:656)\n\tat sun.reflect.GeneratedMethodAccessor213.invoke(Unknown Source)\n\tat sun.reflect.DelegatingMethodAccessorImpl.invoke(DelegatingMethodAccessorImpl.java:43)\n\tat java.lang.reflect.Method.invoke(Method.java:498)\n\tat org.codehaus.groovy.runtime.callsite.PogoMetaMethodSite$PogoCachedMethodSiteNoUnwrapNoCoerce.invoke(PogoMetaMethodSite.java:210)\n\tat org.codehaus.groovy.runtime.callsite.PogoMetaMethodSite.callCurrent(PogoMetaMethodSite.java:59)\n\tat org.codehaus.groovy.runtime.callsite.AbstractCallSite.callCurrent(AbstractCallSite.java:169)\n\tat io.restassured.internal.ResponseSpecificationImpl.statusCode(ResponseSpecificationImpl.groovy:125)\n\tat io.restassured.specification.ResponseSpecification$statusCode$0.callCurrent(Unknown Source)\n\tat io.restassured.internal.ResponseSpecificationImpl.statusCode(ResponseSpecificationImpl.groovy:133)\n\tat io.restassured.internal.ValidatableResponseOptionsImpl.statusCode(ValidatableResponseOptionsImpl.java:119)\n\tat core.BaseApi.validateResponse(BaseApi.java:54)\n\tat microservices.common.steps.BaseSteps.then_verifyErrorResponse(BaseSteps.java:11)\n\tat tests.block.BlockDetailTests.getABlockDetailUnsuccessfully(BlockDetailTests.java:35)\n\tat sun.reflect.NativeMethodAccessorImpl.invoke0(Native Method)\n\tat sun.reflect.NativeMethodAccessorImpl.invoke(NativeMethodAccessorImpl.java:62)\n\tat sun.reflect.DelegatingMethodAccessorImpl.invoke(DelegatingMethodAccessorImpl.java:43)\n\tat java.lang.reflect.Method.invoke(Method.java:498)\n\tat org.testng.internal.MethodInvocationHelper.invokeMethod(MethodInvocationHelper.java:134)\n\tat org.testng.internal.TestInvoker.invokeMethod(TestInvoker.java:597)\n\tat org.testng.internal.TestInvoker.invokeTestMethod(TestInvoker.java:173)\n\tat org.testng.internal.MethodRunner.runInSequence(MethodRunner.java:46)\n\tat org.testng.internal.TestInvoker$MethodInvocationAgent.invoke(TestInvoker.java:816)\n\tat org.testng.internal.TestInvoker.invokeTestMethods(TestInvoker.java:146)\n\tat org.testng.internal.TestMethodWorker.invokeTestMethods(TestMethodWorker.java:146)\n\tat org.testng.internal.TestMethodWorker.run(TestMethodWorker.java:128)\n\tat java.util.concurrent.ThreadPoolExecutor.runWorker(ThreadPoolExecutor.java:1149)\n\tat java.util.concurrent.ThreadPoolExecutor$Worker.run(ThreadPoolExecutor.java:624)\n\tat java.lang.Thread.run(Thread.java:750)\n","steps":[{"name":"get a block detail","time":{"start":1692382868430,"stop":1692382870312,"duration":1882},"status":"passed","steps":[],"attachments":[],"parameters":[{"name":"blockId","value":"123ab"}],"stepsCount":0,"attachmentsCount":0,"shouldDisplayMessage":false,"hasContent":true},{"name":"Verify error response","time":{"start":1692382870312,"stop":1692382870313,"duration":1},"status":"failed","statusMessage":"1 expectation failed.\nExpected status code <400> but was <502>.\n","statusTrace":"java.lang.AssertionError: 1 expectation failed.\nExpected status code <400> but was <502>.\n\n\tat sun.reflect.GeneratedConstructorAccessor94.newInstance(Unknown Source)\n\tat sun.reflect.DelegatingConstructorAccessorImpl.newInstance(DelegatingConstructorAccessorImpl.java:45)\n\tat java.lang.reflect.Constructor.newInstance(Constructor.java:423)\n\tat org.codehaus.groovy.reflection.CachedConstructor.invoke(CachedConstructor.java:83)\n\tat org.codehaus.groovy.reflection.CachedConstructor.doConstructorInvoke(CachedConstructor.java:77)\n\tat org.codehaus.groovy.runtime.callsite.ConstructorSite$ConstructorSiteNoUnwrap.callConstructor(ConstructorSite.java:84)\n\tat org.codehaus.groovy.runtime.callsite.AbstractCallSite.callConstructor(AbstractCallSite.java:250)\n\tat io.restassured.internal.ResponseSpecificationImpl$HamcrestAssertionClosure.validate(ResponseSpecificationImpl.groovy:494)\n\tat io.restassured.internal.ResponseSpecificationImpl$HamcrestAssertionClosure$validate$5.call(Unknown Source)\n\tat io.restassured.internal.ResponseSpecificationImpl.validateResponseIfRequired(ResponseSpecificationImpl.groovy:656)\n\tat sun.reflect.GeneratedMethodAccessor213.invoke(Unknown Source)\n\tat sun.reflect.DelegatingMethodAccessorImpl.invoke(DelegatingMethodAccessorImpl.java:43)\n\tat java.lang.reflect.Method.invoke(Method.java:498)\n\tat org.codehaus.groovy.runtime.callsite.PogoMetaMethodSite$PogoCachedMethodSiteNoUnwrapNoCoerce.invoke(PogoMetaMethodSite.java:210)\n\tat org.codehaus.groovy.runtime.callsite.PogoMetaMethodSite.callCurrent(PogoMetaMethodSite.java:59)\n\tat org.codehaus.groovy.runtime.callsite.AbstractCallSite.callCurrent(AbstractCallSite.java:169)\n\tat io.restassured.internal.ResponseSpecificationImpl.statusCode(ResponseSpecificationImpl.groovy:125)\n\tat io.restassured.specification.ResponseSpecification$statusCode$0.callCurrent(Unknown Source)\n\tat io.restassured.internal.ResponseSpecificationImpl.statusCode(ResponseSpecificationImpl.groovy:133)\n\tat io.restassured.internal.ValidatableResponseOptionsImpl.statusCode(ValidatableResponseOptionsImpl.java:119)\n\tat core.BaseApi.validateResponse(BaseApi.java:54)\n\tat microservices.common.steps.BaseSteps.then_verifyErrorResponse(BaseSteps.java:11)\n\tat tests.block.BlockDetailTests.getABlockDetailUnsuccessfully(BlockDetailTests.java:35)\n\tat sun.reflect.NativeMethodAccessorImpl.invoke0(Native Method)\n\tat sun.reflect.NativeMethodAccessorImpl.invoke(NativeMethodAccessorImpl.java:62)\n\tat sun.reflect.DelegatingMethodAccessorImpl.invoke(DelegatingMethodAccessorImpl.java:43)\n\tat java.lang.reflect.Method.invoke(Method.java:498)\n\tat org.testng.internal.MethodInvocationHelper.invokeMethod(MethodInvocationHelper.java:134)\n\tat org.testng.internal.TestInvoker.invokeMethod(TestInvoker.java:597)\n\tat org.testng.internal.TestInvoker.invokeTestMethod(TestInvoker.java:173)\n\tat org.testng.internal.MethodRunner.runInSequence(MethodRunner.java:46)\n\tat org.testng.internal.TestInvoker$MethodInvocationAgent.invoke(TestInvoker.java:816)\n\tat org.testng.internal.TestInvoker.invokeTestMethods(TestInvoker.java:146)\n\tat org.testng.internal.TestMethodWorker.invokeTestMethods(TestMethodWorker.java:146)\n\tat org.testng.internal.TestMethodWorker.run(TestMethodWorker.java:128)\n\tat java.util.concurrent.ThreadPoolExecutor.runWorker(ThreadPoolExecutor.java:1149)\n\tat java.util.concurrent.ThreadPoolExecutor$Worker.run(ThreadPoolExecutor.java:624)\n\tat java.lang.Thread.run(Thread.java:750)\n","steps":[],"attachments":[],"parameters":[{"name":"statusCode","value":"400"},{"name":"message","value":"Block not found"},{"name":"errorCode","value":"BC_404-BLOCK_NOT_FOUND"}],"stepsCount":0,"attachmentsCount":0,"shouldDisplayMessage":true,"hasContent":true}],"attachments":[],"parameters":[],"stepsCount":2,"attachmentsCount":0,"shouldDisplayMessage":false,"hasContent":true},"afterStages":[{"name":"tearDown","time":{"start":1692382870314,"stop":1692382870315,"duration":1},"description":"","status":"passed","steps":[],"attachments":[],"parameters":[],"stepsCount":0,"attachmentsCount":0,"shouldDisplayMessage":false,"hasContent":false},{"name":"postconditions","time":{"start":1692383041966,"stop":1692383041966,"duration":0},"description":"","status":"passed","steps":[],"attachments":[],"parameters":[],"stepsCount":0,"attachmentsCount":0,"shouldDisplayMessage":false,"hasContent":false}],"labels":[{"name":"package","value":"tests.block.BlockDetailTests"},{"name":"testClass","value":"tests.block.BlockDetailTests"},{"name":"testMethod","value":"getABlockDetailUnsuccessfully"},{"name":"parentSuite","value":"Cardano Regression Suite"},{"name":"suite","value":"Cardano API test "},{"name":"subSuite","value":"tests.block.BlockDetailTests"},{"name":"host","value":"fv-az363-943"},{"name":"thread","value":"2273@fv-az363-943.TestNG-test=Cardano API test -2(13)"},{"name":"framework","value":"testng"},{"name":"language","value":"java"},{"name":"epic","value":"cardano"},{"name":"feature","value":"api-block"},{"name":"resultFormat","value":"allure2"}],"parameters":[{"name":"arg0","value":"123ab"},{"name":"env","value":"mainnet"}],"links":[],"hidden":false,"retry":false,"extra":{"severity":"normal","retries":[],"categories":[{"name":"Product defects","matchedStatuses":[],"flaky":false}],"history":{"statistic":{"failed":27,"broken":8,"skipped":0,"passed":23,"unknown":0,"total":58},"items":[{"uid":"81f8a58ac5d90bf9","reportUrl":"https://Sotatek-DavidNguyen4.github.io/cardano-api-tests/410//#testresult/81f8a58ac5d90bf9","status":"failed","statusDetails":"1 expectation failed.\nExpected status code <400> but was <502>.\n","time":{"start":1692296517618,"stop":1692296519085,"duration":1467}},{"uid":"ac099c88ff93230d","reportUrl":"https://Sotatek-DavidNguyen4.github.io/cardano-api-tests/409//#testresult/ac099c88ff93230d","status":"failed","statusDetails":"1 expectation failed.\nExpected status code <400> but was <502>.\n","time":{"start":1692210106097,"stop":1692210107997,"duration":1900}},{"uid":"b9f9aa395b0e8b99","reportUrl":"https://Sotatek-DavidNguyen4.github.io/cardano-api-tests/408//#testresult/b9f9aa395b0e8b99","status":"failed","statusDetails":"1 expectation failed.\nExpected status code <400> but was <502>.\n","time":{"start":1692123668488,"stop":1692123670154,"duration":1666}},{"uid":"685da4f138d7d22f","reportUrl":"https://Sotatek-DavidNguyen4.github.io/cardano-api-tests/407//#testresult/685da4f138d7d22f","status":"failed","statusDetails":"1 expectation failed.\nExpected status code <400> but was <502>.\n","time":{"start":1692037304616,"stop":1692037306482,"duration":1866}},{"uid":"5959db3426d3972f","reportUrl":"https://Sotatek-DavidNguyen4.github.io/cardano-api-tests/406//#testresult/5959db3426d3972f","status":"failed","statusDetails":"1 expectation failed.\nExpected status code <400> but was <502>.\n","time":{"start":1691950792173,"stop":1691950794171,"duration":1998}},{"uid":"2007518523e699d","reportUrl":"https://Sotatek-DavidNguyen4.github.io/cardano-api-tests/405//#testresult/2007518523e699d","status":"failed","statusDetails":"1 expectation failed.\nExpected status code <400> but was <502>.\n","time":{"start":1691864389136,"stop":1691864390947,"duration":1811}},{"uid":"dbe497239e4f1bc","reportUrl":"https://Sotatek-DavidNguyen4.github.io/cardano-api-tests/404//#testresult/dbe497239e4f1bc","status":"failed","statusDetails":"1 expectation failed.\nExpected status code <400> but was <502>.\n","time":{"start":1691778080175,"stop":1691778081897,"duration":1722}},{"uid":"b20982bd9b4c1bba","reportUrl":"https://Sotatek-DavidNguyen4.github.io/cardano-api-tests/403//#testresult/b20982bd9b4c1bba","status":"failed","statusDetails":"1 expectation failed.\nExpected status code <400> but was <502>.\n","time":{"start":1691691720031,"stop":1691691722005,"duration":1974}},{"uid":"d88662435c9ec136","reportUrl":"https://Sotatek-DavidNguyen4.github.io/cardano-api-tests/402//#testresult/d88662435c9ec136","status":"failed","statusDetails":"1 expectation failed.\nExpected status code <400> but was <502>.\n","time":{"start":1691605428088,"stop":1691605429610,"duration":1522}},{"uid":"f909f3895ce148b3","reportUrl":"https://Sotatek-DavidNguyen4.github.io/cardano-api-tests/401//#testresult/f909f3895ce148b3","status":"failed","statusDetails":"1 expectation failed.\nExpected status code <400> but was <502>.\n","time":{"start":1691519025844,"stop":1691519027339,"duration":1495}},{"uid":"b6de0f5fd8236696","reportUrl":"https://Sotatek-DavidNguyen4.github.io/cardano-api-tests/400//#testresult/b6de0f5fd8236696","status":"failed","statusDetails":"1 expectation failed.\nExpected status code <400> but was <502>.\n","time":{"start":1691432494038,"stop":1691432495996,"duration":1958}},{"uid":"11f17b44aeaaef8","reportUrl":"https://Sotatek-DavidNguyen4.github.io/cardano-api-tests/399//#testresult/11f17b44aeaaef8","status":"failed","statusDetails":"1 expectation failed.\nExpected status code <400> but was <502>.\n","time":{"start":1691346014500,"stop":1691346016247,"duration":1747}},{"uid":"6132680c51f379b3","reportUrl":"https://Sotatek-DavidNguyen4.github.io/cardano-api-tests/398//#testresult/6132680c51f379b3","status":"failed","statusDetails":"1 expectation failed.\nExpected status code <400> but was <502>.\n","time":{"start":1691259615979,"stop":1691259617632,"duration":1653}},{"uid":"9a655aff2eccc6f5","reportUrl":"https://Sotatek-DavidNguyen4.github.io/cardano-api-tests/397//#testresult/9a655aff2eccc6f5","status":"failed","statusDetails":"1 expectation failed.\nExpected status code <400> but was <502>.\n","time":{"start":1691173313502,"stop":1691173315304,"duration":1802}},{"uid":"566d937fc65b322b","reportUrl":"https://Sotatek-DavidNguyen4.github.io/cardano-api-tests/396//#testresult/566d937fc65b322b","status":"failed","statusDetails":"1 expectation failed.\nExpected status code <400> but was <502>.\n","time":{"start":1691086925246,"stop":1691086927198,"duration":1952}},{"uid":"607397dc617a73de","reportUrl":"https://Sotatek-DavidNguyen4.github.io/cardano-api-tests/395//#testresult/607397dc617a73de","status":"failed","statusDetails":"1 expectation failed.\nExpected status code <400> but was <502>.\n","time":{"start":1691000543025,"stop":1691000544580,"duration":1555}},{"uid":"a28266bb978a29de","reportUrl":"https://Sotatek-DavidNguyen4.github.io/cardano-api-tests/394//#testresult/a28266bb978a29de","status":"failed","statusDetails":"1 expectation failed.\nExpected status code <400> but was <502>.\n","time":{"start":1690914145200,"stop":1690914146801,"duration":1601}},{"uid":"baf72f64b34dccd9","reportUrl":"https://Sotatek-DavidNguyen4.github.io/cardano-api-tests/393//#testresult/baf72f64b34dccd9","status":"failed","statusDetails":"1 expectation failed.\nExpected status code <400> but was <502>.\n","time":{"start":1690827743259,"stop":1690827745124,"duration":1865}},{"uid":"a32500f0f7496fda","reportUrl":"https://Sotatek-DavidNguyen4.github.io/cardano-api-tests/392//#testresult/a32500f0f7496fda","status":"failed","statusDetails":"1 expectation failed.\nExpected status code <400> but was <502>.\n","time":{"start":1690741234828,"stop":1690741236366,"duration":1538}},{"uid":"82c3f79b3fc66c05","reportUrl":"https://Sotatek-DavidNguyen4.github.io/cardano-api-tests/391//#testresult/82c3f79b3fc66c05","status":"failed","statusDetails":"1 expectation failed.\nExpected status code <400> but was <502>.\n","time":{"start":1690654821384,"stop":1690654823291,"duration":1907}}]},"tags":[]},"source":"c317c67612b26f60.json","parameterValues":["123ab","mainnet"]}