{"uid":"d4b9566595913c19","name":"Get the transaction by invalid hash","fullName":"tests.transaction.TransactionTests.get_transaction_by_invalid_hash","historyId":"d2663ea303f4e2cf988da72e8c843e40","time":{"start":1692642213448,"stop":1692642215387,"duration":1939},"status":"failed","statusMessage":"1 expectation failed.\nExpected status code <400> but was <502>.\n","statusTrace":"java.lang.AssertionError: 1 expectation failed.\nExpected status code <400> but was <502>.\n\n\tat sun.reflect.GeneratedConstructorAccessor101.newInstance(Unknown Source)\n\tat sun.reflect.DelegatingConstructorAccessorImpl.newInstance(DelegatingConstructorAccessorImpl.java:45)\n\tat java.lang.reflect.Constructor.newInstance(Constructor.java:423)\n\tat org.codehaus.groovy.reflection.CachedConstructor.invoke(CachedConstructor.java:83)\n\tat org.codehaus.groovy.reflection.CachedConstructor.doConstructorInvoke(CachedConstructor.java:77)\n\tat org.codehaus.groovy.runtime.callsite.ConstructorSite$ConstructorSiteNoUnwrap.callConstructor(ConstructorSite.java:84)\n\tat org.codehaus.groovy.runtime.callsite.AbstractCallSite.callConstructor(AbstractCallSite.java:250)\n\tat io.restassured.internal.ResponseSpecificationImpl$HamcrestAssertionClosure.validate(ResponseSpecificationImpl.groovy:494)\n\tat io.restassured.internal.ResponseSpecificationImpl$HamcrestAssertionClosure$validate$3.call(Unknown Source)\n\tat io.restassured.internal.ResponseSpecificationImpl.validateResponseIfRequired(ResponseSpecificationImpl.groovy:656)\n\tat sun.reflect.GeneratedMethodAccessor208.invoke(Unknown Source)\n\tat sun.reflect.DelegatingMethodAccessorImpl.invoke(DelegatingMethodAccessorImpl.java:43)\n\tat java.lang.reflect.Method.invoke(Method.java:498)\n\tat org.codehaus.groovy.runtime.callsite.PogoMetaMethodSite$PogoCachedMethodSiteNoUnwrapNoCoerce.invoke(PogoMetaMethodSite.java:210)\n\tat org.codehaus.groovy.runtime.callsite.PogoMetaMethodSite.callCurrent(PogoMetaMethodSite.java:59)\n\tat org.codehaus.groovy.runtime.callsite.AbstractCallSite.callCurrent(AbstractCallSite.java:169)\n\tat io.restassured.internal.ResponseSpecificationImpl.statusCode(ResponseSpecificationImpl.groovy:125)\n\tat io.restassured.specification.ResponseSpecification$statusCode$0.callCurrent(Unknown Source)\n\tat io.restassured.internal.ResponseSpecificationImpl.statusCode(ResponseSpecificationImpl.groovy:133)\n\tat io.restassured.internal.ValidatableResponseOptionsImpl.statusCode(ValidatableResponseOptionsImpl.java:119)\n\tat core.BaseApi.validateResponse(BaseApi.java:54)\n\tat microservices.common.steps.BaseSteps.then_verifyErrorResponse(BaseSteps.java:11)\n\tat tests.transaction.TransactionTests.get_transaction_by_invalid_hash(TransactionTests.java:71)\n\tat sun.reflect.NativeMethodAccessorImpl.invoke0(Native Method)\n\tat sun.reflect.NativeMethodAccessorImpl.invoke(NativeMethodAccessorImpl.java:62)\n\tat sun.reflect.DelegatingMethodAccessorImpl.invoke(DelegatingMethodAccessorImpl.java:43)\n\tat java.lang.reflect.Method.invoke(Method.java:498)\n\tat org.testng.internal.MethodInvocationHelper.invokeMethod(MethodInvocationHelper.java:134)\n\tat org.testng.internal.TestInvoker.invokeMethod(TestInvoker.java:597)\n\tat org.testng.internal.TestInvoker.invokeTestMethod(TestInvoker.java:173)\n\tat org.testng.internal.MethodRunner.runInSequence(MethodRunner.java:46)\n\tat org.testng.internal.TestInvoker$MethodInvocationAgent.invoke(TestInvoker.java:816)\n\tat org.testng.internal.TestInvoker.invokeTestMethods(TestInvoker.java:146)\n\tat org.testng.internal.TestMethodWorker.invokeTestMethods(TestMethodWorker.java:146)\n\tat org.testng.internal.TestMethodWorker.run(TestMethodWorker.java:128)\n\tat java.util.concurrent.ThreadPoolExecutor.runWorker(ThreadPoolExecutor.java:1149)\n\tat java.util.concurrent.ThreadPoolExecutor$Worker.run(ThreadPoolExecutor.java:624)\n\tat java.lang.Thread.run(Thread.java:750)\n","flaky":false,"newFailed":false,"newBroken":false,"newPassed":false,"retriesCount":0,"retriesStatusChange":false,"beforeStages":[{"name":"preconditions","time":{"start":1692642012295,"stop":1692642013091,"duration":796},"description":"","status":"passed","steps":[],"attachments":[],"parameters":[],"stepsCount":0,"attachmentsCount":0,"shouldDisplayMessage":false,"hasContent":false},{"name":"setUp","time":{"start":1692642213447,"stop":1692642213447,"duration":0},"description":"","status":"passed","steps":[],"attachments":[],"parameters":[],"stepsCount":0,"attachmentsCount":0,"shouldDisplayMessage":false,"hasContent":false}],"testStage":{"status":"failed","statusMessage":"1 expectation failed.\nExpected status code <400> but was <502>.\n","statusTrace":"java.lang.AssertionError: 1 expectation failed.\nExpected status code <400> but was <502>.\n\n\tat sun.reflect.GeneratedConstructorAccessor101.newInstance(Unknown Source)\n\tat sun.reflect.DelegatingConstructorAccessorImpl.newInstance(DelegatingConstructorAccessorImpl.java:45)\n\tat java.lang.reflect.Constructor.newInstance(Constructor.java:423)\n\tat org.codehaus.groovy.reflection.CachedConstructor.invoke(CachedConstructor.java:83)\n\tat org.codehaus.groovy.reflection.CachedConstructor.doConstructorInvoke(CachedConstructor.java:77)\n\tat org.codehaus.groovy.runtime.callsite.ConstructorSite$ConstructorSiteNoUnwrap.callConstructor(ConstructorSite.java:84)\n\tat org.codehaus.groovy.runtime.callsite.AbstractCallSite.callConstructor(AbstractCallSite.java:250)\n\tat io.restassured.internal.ResponseSpecificationImpl$HamcrestAssertionClosure.validate(ResponseSpecificationImpl.groovy:494)\n\tat io.restassured.internal.ResponseSpecificationImpl$HamcrestAssertionClosure$validate$3.call(Unknown Source)\n\tat io.restassured.internal.ResponseSpecificationImpl.validateResponseIfRequired(ResponseSpecificationImpl.groovy:656)\n\tat sun.reflect.GeneratedMethodAccessor208.invoke(Unknown Source)\n\tat sun.reflect.DelegatingMethodAccessorImpl.invoke(DelegatingMethodAccessorImpl.java:43)\n\tat java.lang.reflect.Method.invoke(Method.java:498)\n\tat org.codehaus.groovy.runtime.callsite.PogoMetaMethodSite$PogoCachedMethodSiteNoUnwrapNoCoerce.invoke(PogoMetaMethodSite.java:210)\n\tat org.codehaus.groovy.runtime.callsite.PogoMetaMethodSite.callCurrent(PogoMetaMethodSite.java:59)\n\tat org.codehaus.groovy.runtime.callsite.AbstractCallSite.callCurrent(AbstractCallSite.java:169)\n\tat io.restassured.internal.ResponseSpecificationImpl.statusCode(ResponseSpecificationImpl.groovy:125)\n\tat io.restassured.specification.ResponseSpecification$statusCode$0.callCurrent(Unknown Source)\n\tat io.restassured.internal.ResponseSpecificationImpl.statusCode(ResponseSpecificationImpl.groovy:133)\n\tat io.restassured.internal.ValidatableResponseOptionsImpl.statusCode(ValidatableResponseOptionsImpl.java:119)\n\tat core.BaseApi.validateResponse(BaseApi.java:54)\n\tat microservices.common.steps.BaseSteps.then_verifyErrorResponse(BaseSteps.java:11)\n\tat tests.transaction.TransactionTests.get_transaction_by_invalid_hash(TransactionTests.java:71)\n\tat sun.reflect.NativeMethodAccessorImpl.invoke0(Native Method)\n\tat sun.reflect.NativeMethodAccessorImpl.invoke(NativeMethodAccessorImpl.java:62)\n\tat sun.reflect.DelegatingMethodAccessorImpl.invoke(DelegatingMethodAccessorImpl.java:43)\n\tat java.lang.reflect.Method.invoke(Method.java:498)\n\tat org.testng.internal.MethodInvocationHelper.invokeMethod(MethodInvocationHelper.java:134)\n\tat org.testng.internal.TestInvoker.invokeMethod(TestInvoker.java:597)\n\tat org.testng.internal.TestInvoker.invokeTestMethod(TestInvoker.java:173)\n\tat org.testng.internal.MethodRunner.runInSequence(MethodRunner.java:46)\n\tat org.testng.internal.TestInvoker$MethodInvocationAgent.invoke(TestInvoker.java:816)\n\tat org.testng.internal.TestInvoker.invokeTestMethods(TestInvoker.java:146)\n\tat org.testng.internal.TestMethodWorker.invokeTestMethods(TestMethodWorker.java:146)\n\tat org.testng.internal.TestMethodWorker.run(TestMethodWorker.java:128)\n\tat java.util.concurrent.ThreadPoolExecutor.runWorker(ThreadPoolExecutor.java:1149)\n\tat java.util.concurrent.ThreadPoolExecutor$Worker.run(ThreadPoolExecutor.java:624)\n\tat java.lang.Thread.run(Thread.java:750)\n","steps":[{"name":"Get transaction by hash","time":{"start":1692642213448,"stop":1692642215386,"duration":1938},"status":"passed","steps":[],"attachments":[],"parameters":[{"name":"hash","value":"0bd8c4931f4f2fbe89ba5d6f9bfe429c39176133bfbfcfef87a098c1b3abcvfl"}],"stepsCount":0,"attachmentsCount":0,"shouldDisplayMessage":false,"hasContent":true},{"name":"Verify error response","time":{"start":1692642215386,"stop":1692642215387,"duration":1},"status":"failed","statusMessage":"1 expectation failed.\nExpected status code <400> but was <502>.\n","statusTrace":"java.lang.AssertionError: 1 expectation failed.\nExpected status code <400> but was <502>.\n\n\tat sun.reflect.GeneratedConstructorAccessor101.newInstance(Unknown Source)\n\tat sun.reflect.DelegatingConstructorAccessorImpl.newInstance(DelegatingConstructorAccessorImpl.java:45)\n\tat java.lang.reflect.Constructor.newInstance(Constructor.java:423)\n\tat org.codehaus.groovy.reflection.CachedConstructor.invoke(CachedConstructor.java:83)\n\tat org.codehaus.groovy.reflection.CachedConstructor.doConstructorInvoke(CachedConstructor.java:77)\n\tat org.codehaus.groovy.runtime.callsite.ConstructorSite$ConstructorSiteNoUnwrap.callConstructor(ConstructorSite.java:84)\n\tat org.codehaus.groovy.runtime.callsite.AbstractCallSite.callConstructor(AbstractCallSite.java:250)\n\tat io.restassured.internal.ResponseSpecificationImpl$HamcrestAssertionClosure.validate(ResponseSpecificationImpl.groovy:494)\n\tat io.restassured.internal.ResponseSpecificationImpl$HamcrestAssertionClosure$validate$3.call(Unknown Source)\n\tat io.restassured.internal.ResponseSpecificationImpl.validateResponseIfRequired(ResponseSpecificationImpl.groovy:656)\n\tat sun.reflect.GeneratedMethodAccessor208.invoke(Unknown Source)\n\tat sun.reflect.DelegatingMethodAccessorImpl.invoke(DelegatingMethodAccessorImpl.java:43)\n\tat java.lang.reflect.Method.invoke(Method.java:498)\n\tat org.codehaus.groovy.runtime.callsite.PogoMetaMethodSite$PogoCachedMethodSiteNoUnwrapNoCoerce.invoke(PogoMetaMethodSite.java:210)\n\tat org.codehaus.groovy.runtime.callsite.PogoMetaMethodSite.callCurrent(PogoMetaMethodSite.java:59)\n\tat org.codehaus.groovy.runtime.callsite.AbstractCallSite.callCurrent(AbstractCallSite.java:169)\n\tat io.restassured.internal.ResponseSpecificationImpl.statusCode(ResponseSpecificationImpl.groovy:125)\n\tat io.restassured.specification.ResponseSpecification$statusCode$0.callCurrent(Unknown Source)\n\tat io.restassured.internal.ResponseSpecificationImpl.statusCode(ResponseSpecificationImpl.groovy:133)\n\tat io.restassured.internal.ValidatableResponseOptionsImpl.statusCode(ValidatableResponseOptionsImpl.java:119)\n\tat core.BaseApi.validateResponse(BaseApi.java:54)\n\tat microservices.common.steps.BaseSteps.then_verifyErrorResponse(BaseSteps.java:11)\n\tat tests.transaction.TransactionTests.get_transaction_by_invalid_hash(TransactionTests.java:71)\n\tat sun.reflect.NativeMethodAccessorImpl.invoke0(Native Method)\n\tat sun.reflect.NativeMethodAccessorImpl.invoke(NativeMethodAccessorImpl.java:62)\n\tat sun.reflect.DelegatingMethodAccessorImpl.invoke(DelegatingMethodAccessorImpl.java:43)\n\tat java.lang.reflect.Method.invoke(Method.java:498)\n\tat org.testng.internal.MethodInvocationHelper.invokeMethod(MethodInvocationHelper.java:134)\n\tat org.testng.internal.TestInvoker.invokeMethod(TestInvoker.java:597)\n\tat org.testng.internal.TestInvoker.invokeTestMethod(TestInvoker.java:173)\n\tat org.testng.internal.MethodRunner.runInSequence(MethodRunner.java:46)\n\tat org.testng.internal.TestInvoker$MethodInvocationAgent.invoke(TestInvoker.java:816)\n\tat org.testng.internal.TestInvoker.invokeTestMethods(TestInvoker.java:146)\n\tat org.testng.internal.TestMethodWorker.invokeTestMethods(TestMethodWorker.java:146)\n\tat org.testng.internal.TestMethodWorker.run(TestMethodWorker.java:128)\n\tat java.util.concurrent.ThreadPoolExecutor.runWorker(ThreadPoolExecutor.java:1149)\n\tat java.util.concurrent.ThreadPoolExecutor$Worker.run(ThreadPoolExecutor.java:624)\n\tat java.lang.Thread.run(Thread.java:750)\n","steps":[],"attachments":[],"parameters":[{"name":"statusCode","value":"400"},{"name":"message","value":"Transaction not found"},{"name":"errorCode","value":"BC_404-TRANSACTION_NOT_FOUND"}],"stepsCount":0,"attachmentsCount":0,"shouldDisplayMessage":true,"hasContent":true}],"attachments":[],"parameters":[],"stepsCount":2,"attachmentsCount":0,"shouldDisplayMessage":false,"hasContent":true},"afterStages":[{"name":"tearDown","time":{"start":1692642215388,"stop":1692642215388,"duration":0},"description":"","status":"passed","steps":[],"attachments":[],"parameters":[],"stepsCount":0,"attachmentsCount":0,"shouldDisplayMessage":false,"hasContent":false},{"name":"postconditions","time":{"start":1692642227602,"stop":1692642227602,"duration":0},"description":"","status":"passed","steps":[],"attachments":[],"parameters":[],"stepsCount":0,"attachmentsCount":0,"shouldDisplayMessage":false,"hasContent":false}],"labels":[{"name":"package","value":"tests.transaction.TransactionTests"},{"name":"testClass","value":"tests.transaction.TransactionTests"},{"name":"testMethod","value":"get_transaction_by_invalid_hash"},{"name":"parentSuite","value":"Cardano Regression Suite"},{"name":"suite","value":"Cardano API test "},{"name":"subSuite","value":"tests.transaction.TransactionTests"},{"name":"host","value":"fv-az617-616"},{"name":"thread","value":"2255@fv-az617-616.TestNG-test=Cardano API test -3(14)"},{"name":"framework","value":"testng"},{"name":"language","value":"java"},{"name":"story","value":"Transactions test"},{"name":"epic","value":"cardano"},{"name":"feature","value":"api-transactions"},{"name":"resultFormat","value":"allure2"}],"parameters":[{"name":"arg0","value":"0bd8c4931f4f2fbe89ba5d6f9bfe429c39176133bfbfcfef87a098c1b3abcvfl"},{"name":"env","value":"mainnet"}],"links":[],"hidden":false,"retry":false,"extra":{"severity":"normal","retries":[],"categories":[{"name":"Product defects","matchedStatuses":[],"flaky":false}],"history":{"statistic":{"failed":30,"broken":8,"skipped":0,"passed":26,"unknown":0,"total":64},"items":[{"uid":"5021e2f6a378852d","reportUrl":"https://Sotatek-DavidNguyen4.github.io/cardano-api-tests/413//#testresult/5021e2f6a378852d","status":"failed","statusDetails":"1 expectation failed.\nExpected status code <400> but was <502>.\n","time":{"start":1692555704313,"stop":1692555705794,"duration":1481}},{"uid":"29a16aa60781e350","reportUrl":"https://Sotatek-DavidNguyen4.github.io/cardano-api-tests/412//#testresult/29a16aa60781e350","status":"failed","statusDetails":"1 expectation failed.\nExpected status code <400> but was <502>.\n","time":{"start":1692469334130,"stop":1692469335933,"duration":1803}},{"uid":"153a17263b4082ae","reportUrl":"https://Sotatek-DavidNguyen4.github.io/cardano-api-tests/411//#testresult/153a17263b4082ae","status":"failed","statusDetails":"1 expectation failed.\nExpected status code <400> but was <502>.\n","time":{"start":1692383027734,"stop":1692383029569,"duration":1835}},{"uid":"bc6a1021fed707a0","reportUrl":"https://Sotatek-DavidNguyen4.github.io/cardano-api-tests/410//#testresult/bc6a1021fed707a0","status":"failed","statusDetails":"1 expectation failed.\nExpected status code <400> but was <502>.\n","time":{"start":1692296638938,"stop":1692296640417,"duration":1479}},{"uid":"8bb26fcce2edff32","reportUrl":"https://Sotatek-DavidNguyen4.github.io/cardano-api-tests/409//#testresult/8bb26fcce2edff32","status":"failed","statusDetails":"1 expectation failed.\nExpected status code <400> but was <502>.\n","time":{"start":1692210261845,"stop":1692210263725,"duration":1880}},{"uid":"ac212503f086b709","reportUrl":"https://Sotatek-DavidNguyen4.github.io/cardano-api-tests/408//#testresult/ac212503f086b709","status":"failed","statusDetails":"1 expectation failed.\nExpected status code <400> but was <502>.\n","time":{"start":1692123806130,"stop":1692123807832,"duration":1702}},{"uid":"a6f60711752413e","reportUrl":"https://Sotatek-DavidNguyen4.github.io/cardano-api-tests/407//#testresult/a6f60711752413e","status":"failed","statusDetails":"1 expectation failed.\nExpected status code <400> but was <502>.\n","time":{"start":1692037455620,"stop":1692037457497,"duration":1877}},{"uid":"3f7d04277e553174","reportUrl":"https://Sotatek-DavidNguyen4.github.io/cardano-api-tests/406//#testresult/3f7d04277e553174","status":"failed","statusDetails":"1 expectation failed.\nExpected status code <400> but was <502>.\n","time":{"start":1691950953552,"stop":1691950955477,"duration":1925}},{"uid":"f589f0223e3806db","reportUrl":"https://Sotatek-DavidNguyen4.github.io/cardano-api-tests/405//#testresult/f589f0223e3806db","status":"failed","statusDetails":"1 expectation failed.\nExpected status code <400> but was <502>.\n","time":{"start":1691864535201,"stop":1691864536977,"duration":1776}},{"uid":"38d29917e56c764f","reportUrl":"https://Sotatek-DavidNguyen4.github.io/cardano-api-tests/404//#testresult/38d29917e56c764f","status":"failed","statusDetails":"1 expectation failed.\nExpected status code <400> but was <502>.\n","time":{"start":1691778222728,"stop":1691778224450,"duration":1722}},{"uid":"3853db521d879d72","reportUrl":"https://Sotatek-DavidNguyen4.github.io/cardano-api-tests/403//#testresult/3853db521d879d72","status":"failed","statusDetails":"1 expectation failed.\nExpected status code <400> but was <502>.\n","time":{"start":1691691881535,"stop":1691691883477,"duration":1942}},{"uid":"9cb2a4f7596249f9","reportUrl":"https://Sotatek-DavidNguyen4.github.io/cardano-api-tests/402//#testresult/9cb2a4f7596249f9","status":"failed","statusDetails":"1 expectation failed.\nExpected status code <400> but was <502>.\n","time":{"start":1691605551163,"stop":1691605552659,"duration":1496}},{"uid":"4cbbe19a328d01ee","reportUrl":"https://Sotatek-DavidNguyen4.github.io/cardano-api-tests/401//#testresult/4cbbe19a328d01ee","status":"failed","statusDetails":"1 expectation failed.\nExpected status code <400> but was <502>.\n","time":{"start":1691519148285,"stop":1691519149793,"duration":1508}},{"uid":"59533e892767b147","reportUrl":"https://Sotatek-DavidNguyen4.github.io/cardano-api-tests/400//#testresult/59533e892767b147","status":"failed","statusDetails":"1 expectation failed.\nExpected status code <400> but was <502>.\n","time":{"start":1691432655822,"stop":1691432657810,"duration":1988}},{"uid":"76b14f6f275abfe6","reportUrl":"https://Sotatek-DavidNguyen4.github.io/cardano-api-tests/399//#testresult/76b14f6f275abfe6","status":"failed","statusDetails":"1 expectation failed.\nExpected status code <400> but was <502>.\n","time":{"start":1691346156734,"stop":1691346158489,"duration":1755}},{"uid":"fc213986db0b34a7","reportUrl":"https://Sotatek-DavidNguyen4.github.io/cardano-api-tests/398//#testresult/fc213986db0b34a7","status":"failed","statusDetails":"1 expectation failed.\nExpected status code <400> but was <502>.\n","time":{"start":1691259749408,"stop":1691259750993,"duration":1585}},{"uid":"af2ec2d7e2adb198","reportUrl":"https://Sotatek-DavidNguyen4.github.io/cardano-api-tests/397//#testresult/af2ec2d7e2adb198","status":"failed","statusDetails":"1 expectation failed.\nExpected status code <400> but was <502>.\n","time":{"start":1691173463556,"stop":1691173465420,"duration":1864}},{"uid":"189d944c4009ad02","reportUrl":"https://Sotatek-DavidNguyen4.github.io/cardano-api-tests/396//#testresult/189d944c4009ad02","status":"failed","statusDetails":"1 expectation failed.\nExpected status code <400> but was <502>.\n","time":{"start":1691087086619,"stop":1691087088602,"duration":1983}},{"uid":"d9b684c8fc9d6770","reportUrl":"https://Sotatek-DavidNguyen4.github.io/cardano-api-tests/395//#testresult/d9b684c8fc9d6770","status":"failed","statusDetails":"1 expectation failed.\nExpected status code <400> but was <502>.\n","time":{"start":1691000669419,"stop":1691000671023,"duration":1604}},{"uid":"d0c3762747a286bc","reportUrl":"https://Sotatek-DavidNguyen4.github.io/cardano-api-tests/394//#testresult/d0c3762747a286bc","status":"failed","statusDetails":"1 expectation failed.\nExpected status code <400> but was <502>.\n","time":{"start":1690914276953,"stop":1690914278554,"duration":1601}}]},"tags":[]},"source":"d4b9566595913c19.json","parameterValues":["0bd8c4931f4f2fbe89ba5d6f9bfe429c39176133bfbfcfef87a098c1b3abcvfl","mainnet"]}