{"uid":"37dc8d2c509a4beb","name":"verify that get list token with page invalid","fullName":"tests.TokenTests.getListTokenWithPageInvalid","historyId":"7826a7a40777521dfe20424c237b4831","time":{"start":1684434615890,"stop":1684434617629,"duration":1739},"status":"failed","statusMessage":"expected [5] but found [0]","statusTrace":"java.lang.AssertionError: expected [5] but found [0]\n\tat org.testng.Assert.fail(Assert.java:97)\n\tat org.testng.Assert.assertEqualsImpl(Assert.java:136)\n\tat org.testng.Assert.assertEquals(Assert.java:118)\n\tat org.testng.Assert.assertEquals(Assert.java:839)\n\tat org.testng.Assert.assertEquals(Assert.java:849)\n\tat microservices.token.steps.TokenSteps.verifySizeOfResponse(TokenSteps.java:39)\n\tat tests.TokenTests.getListTokenWithPageInvalid(TokenTests.java:55)\n\tat sun.reflect.NativeMethodAccessorImpl.invoke0(Native Method)\n\tat sun.reflect.NativeMethodAccessorImpl.invoke(NativeMethodAccessorImpl.java:62)\n\tat sun.reflect.DelegatingMethodAccessorImpl.invoke(DelegatingMethodAccessorImpl.java:43)\n\tat java.lang.reflect.Method.invoke(Method.java:498)\n\tat org.testng.internal.MethodInvocationHelper.invokeMethod(MethodInvocationHelper.java:134)\n\tat org.testng.internal.TestInvoker.invokeMethod(TestInvoker.java:597)\n\tat org.testng.internal.TestInvoker.invokeTestMethod(TestInvoker.java:173)\n\tat org.testng.internal.MethodRunner.runInSequence(MethodRunner.java:46)\n\tat org.testng.internal.TestInvoker$MethodInvocationAgent.invoke(TestInvoker.java:816)\n\tat org.testng.internal.TestInvoker.invokeTestMethods(TestInvoker.java:146)\n\tat org.testng.internal.TestMethodWorker.invokeTestMethods(TestMethodWorker.java:146)\n\tat org.testng.internal.TestMethodWorker.run(TestMethodWorker.java:128)\n\tat java.util.concurrent.ThreadPoolExecutor.runWorker(ThreadPoolExecutor.java:1149)\n\tat java.util.concurrent.ThreadPoolExecutor$Worker.run(ThreadPoolExecutor.java:624)\n\tat java.lang.Thread.run(Thread.java:750)\n","flaky":false,"newFailed":false,"newBroken":false,"newPassed":false,"retriesCount":0,"retriesStatusChange":false,"beforeStages":[{"name":"setUp","time":{"start":1684434615889,"stop":1684434615889,"duration":0},"description":"","status":"passed","steps":[],"attachments":[],"parameters":[],"attachmentsCount":0,"shouldDisplayMessage":false,"hasContent":false,"stepsCount":0}],"testStage":{"status":"failed","statusMessage":"expected [5] but found [0]","statusTrace":"java.lang.AssertionError: expected [5] but found [0]\n\tat org.testng.Assert.fail(Assert.java:97)\n\tat org.testng.Assert.assertEqualsImpl(Assert.java:136)\n\tat org.testng.Assert.assertEquals(Assert.java:118)\n\tat org.testng.Assert.assertEquals(Assert.java:839)\n\tat org.testng.Assert.assertEquals(Assert.java:849)\n\tat microservices.token.steps.TokenSteps.verifySizeOfResponse(TokenSteps.java:39)\n\tat tests.TokenTests.getListTokenWithPageInvalid(TokenTests.java:55)\n\tat sun.reflect.NativeMethodAccessorImpl.invoke0(Native Method)\n\tat sun.reflect.NativeMethodAccessorImpl.invoke(NativeMethodAccessorImpl.java:62)\n\tat sun.reflect.DelegatingMethodAccessorImpl.invoke(DelegatingMethodAccessorImpl.java:43)\n\tat java.lang.reflect.Method.invoke(Method.java:498)\n\tat org.testng.internal.MethodInvocationHelper.invokeMethod(MethodInvocationHelper.java:134)\n\tat org.testng.internal.TestInvoker.invokeMethod(TestInvoker.java:597)\n\tat org.testng.internal.TestInvoker.invokeTestMethod(TestInvoker.java:173)\n\tat org.testng.internal.MethodRunner.runInSequence(MethodRunner.java:46)\n\tat org.testng.internal.TestInvoker$MethodInvocationAgent.invoke(TestInvoker.java:816)\n\tat org.testng.internal.TestInvoker.invokeTestMethods(TestInvoker.java:146)\n\tat org.testng.internal.TestMethodWorker.invokeTestMethods(TestMethodWorker.java:146)\n\tat org.testng.internal.TestMethodWorker.run(TestMethodWorker.java:128)\n\tat java.util.concurrent.ThreadPoolExecutor.runWorker(ThreadPoolExecutor.java:1149)\n\tat java.util.concurrent.ThreadPoolExecutor$Worker.run(ThreadPoolExecutor.java:624)\n\tat java.lang.Thread.run(Thread.java:750)\n","steps":[{"name":"get list token with page invalid","time":{"start":1684434615891,"stop":1684434617627,"duration":1736},"status":"passed","steps":[],"attachments":[],"parameters":[{"name":"paramsToken","value":"{size=5, page=@#$%%, sort=txCount,DESC}"}],"attachmentsCount":0,"shouldDisplayMessage":false,"hasContent":true,"stepsCount":0},{"name":"save response get list token","time":{"start":1684434617628,"stop":1684434617628,"duration":0},"status":"passed","steps":[],"attachments":[],"parameters":[],"attachmentsCount":0,"shouldDisplayMessage":false,"hasContent":false,"stepsCount":0},{"name":"verify number page invalid of response get list token","time":{"start":1684434617629,"stop":1684434617629,"duration":0},"status":"passed","steps":[],"attachments":[],"parameters":[{"name":"pageNumberActual","value":"0"}],"attachmentsCount":0,"shouldDisplayMessage":false,"hasContent":true,"stepsCount":0},{"name":"verify number size of response get list token","time":{"start":1684434617629,"stop":1684434617629,"duration":0},"status":"failed","statusMessage":"expected [5] but found [0]","statusTrace":"java.lang.AssertionError: expected [5] but found [0]\n\tat org.testng.Assert.fail(Assert.java:97)\n\tat org.testng.Assert.assertEqualsImpl(Assert.java:136)\n\tat org.testng.Assert.assertEquals(Assert.java:118)\n\tat org.testng.Assert.assertEquals(Assert.java:839)\n\tat org.testng.Assert.assertEquals(Assert.java:849)\n\tat microservices.token.steps.TokenSteps.verifySizeOfResponse(TokenSteps.java:39)\n\tat tests.TokenTests.getListTokenWithPageInvalid(TokenTests.java:55)\n\tat sun.reflect.NativeMethodAccessorImpl.invoke0(Native Method)\n\tat sun.reflect.NativeMethodAccessorImpl.invoke(NativeMethodAccessorImpl.java:62)\n\tat sun.reflect.DelegatingMethodAccessorImpl.invoke(DelegatingMethodAccessorImpl.java:43)\n\tat java.lang.reflect.Method.invoke(Method.java:498)\n\tat org.testng.internal.MethodInvocationHelper.invokeMethod(MethodInvocationHelper.java:134)\n\tat org.testng.internal.TestInvoker.invokeMethod(TestInvoker.java:597)\n\tat org.testng.internal.TestInvoker.invokeTestMethod(TestInvoker.java:173)\n\tat org.testng.internal.MethodRunner.runInSequence(MethodRunner.java:46)\n\tat org.testng.internal.TestInvoker$MethodInvocationAgent.invoke(TestInvoker.java:816)\n\tat org.testng.internal.TestInvoker.invokeTestMethods(TestInvoker.java:146)\n\tat org.testng.internal.TestMethodWorker.invokeTestMethods(TestMethodWorker.java:146)\n\tat org.testng.internal.TestMethodWorker.run(TestMethodWorker.java:128)\n\tat java.util.concurrent.ThreadPoolExecutor.runWorker(ThreadPoolExecutor.java:1149)\n\tat java.util.concurrent.ThreadPoolExecutor$Worker.run(ThreadPoolExecutor.java:624)\n\tat java.lang.Thread.run(Thread.java:750)\n","steps":[],"attachments":[],"parameters":[{"name":"sizeActual","value":"0"},{"name":"sizeExpect","value":"5"}],"attachmentsCount":0,"shouldDisplayMessage":true,"hasContent":true,"stepsCount":0}],"attachments":[],"parameters":[],"attachmentsCount":0,"shouldDisplayMessage":false,"hasContent":true,"stepsCount":4},"afterStages":[{"name":"tearDown","time":{"start":1684434617630,"stop":1684434617630,"duration":0},"description":"","status":"passed","steps":[],"attachments":[],"parameters":[],"attachmentsCount":0,"shouldDisplayMessage":false,"hasContent":false,"stepsCount":0}],"labels":[{"name":"package","value":"tests.TokenTests"},{"name":"testClass","value":"tests.TokenTests"},{"name":"testMethod","value":"getListTokenWithPageInvalid"},{"name":"parentSuite","value":"Setel Regression Suite"},{"name":"suite","value":"Setel Admin test on chrome"},{"name":"subSuite","value":"tests.TokenTests"},{"name":"host","value":"fv-az565-46"},{"name":"thread","value":"2371@fv-az565-46.TestNG-test=Setel Admin test on chrome-3(14)"},{"name":"framework","value":"testng"},{"name":"language","value":"java"},{"name":"resultFormat","value":"allure2"}],"parameters":[{"name":"arg0","value":"@#$%%"},{"name":"arg1","value":"5"},{"name":"arg2","value":"txCount,DESC"}],"links":[],"hidden":false,"retry":false,"extra":{"severity":"normal","retries":[],"categories":[{"name":"Product defects","matchedStatuses":[],"flaky":false}],"history":{"statistic":{"failed":5,"broken":0,"skipped":0,"passed":1,"unknown":0,"total":6},"items":[{"uid":"56f7ed3f290e304b","reportUrl":"https://Sotatek-DavidNguyen4.github.io/cardano-api-tests/59//#testresult/56f7ed3f290e304b","status":"failed","statusDetails":"expected [5] but found [0]","time":{"start":1684408376802,"stop":1684408378436,"duration":1634}},{"uid":"2d1489b8b4095d52","reportUrl":"https://Sotatek-DavidNguyen4.github.io/cardano-api-tests/58//#testresult/2d1489b8b4095d52","status":"failed","statusDetails":"1 expectation failed.\nExpected status code <200> but was <500>.\n","time":{"start":1684385016425,"stop":1684385018480,"duration":2055}},{"uid":"c02c9c9b675354cf","reportUrl":"https://Sotatek-DavidNguyen4.github.io/cardano-api-tests/57//#testresult/c02c9c9b675354cf","status":"failed","statusDetails":"1 expectation failed.\nExpected status code <200> but was <500>.\n","time":{"start":1684348188806,"stop":1684348190799,"duration":1993}},{"uid":"1b4ae96f05fba0eb","reportUrl":"https://Sotatek-DavidNguyen4.github.io/cardano-api-tests/56//#testresult/1b4ae96f05fba0eb","status":"failed","statusDetails":"1 expectation failed.\nExpected status code <200> but was <500>.\n","time":{"start":1684322627689,"stop":1684322629704,"duration":2015}},{"uid":"a920ee6d9166217d","reportUrl":"https://Sotatek-DavidNguyen4.github.io/cardano-api-tests/55//#testresult/a920ee6d9166217d","status":"passed","time":{"start":1684295973394,"stop":1684295975451,"duration":2057}}]},"tags":[]},"source":"37dc8d2c509a4beb.json","parameterValues":["@#$%%","5","txCount,DESC"]}