{"uid":"6f45e874bacda30b","name":"get stake detail by address wrong format","fullName":"tests.stakes.StakeKeyAddress.getStakeByAddresWrongFormat","historyId":"3144e6cb25f499a9e283eac4d2e43d50","time":{"start":1692469220896,"stop":1692469222732,"duration":1836},"status":"failed","statusMessage":"1 expectation failed.\nExpected status code <400> but was <502>.\n","statusTrace":"java.lang.AssertionError: 1 expectation failed.\nExpected status code <400> but was <502>.\n\n\tat sun.reflect.GeneratedConstructorAccessor96.newInstance(Unknown Source)\n\tat sun.reflect.DelegatingConstructorAccessorImpl.newInstance(DelegatingConstructorAccessorImpl.java:45)\n\tat java.lang.reflect.Constructor.newInstance(Constructor.java:423)\n\tat org.codehaus.groovy.reflection.CachedConstructor.invoke(CachedConstructor.java:83)\n\tat org.codehaus.groovy.reflection.CachedConstructor.doConstructorInvoke(CachedConstructor.java:77)\n\tat org.codehaus.groovy.runtime.callsite.ConstructorSite$ConstructorSiteNoUnwrap.callConstructor(ConstructorSite.java:84)\n\tat org.codehaus.groovy.runtime.callsite.AbstractCallSite.callConstructor(AbstractCallSite.java:250)\n\tat io.restassured.internal.ResponseSpecificationImpl$HamcrestAssertionClosure.validate(ResponseSpecificationImpl.groovy:494)\n\tat io.restassured.internal.ResponseSpecificationImpl$HamcrestAssertionClosure$validate$5.call(Unknown Source)\n\tat io.restassured.internal.ResponseSpecificationImpl.validateResponseIfRequired(ResponseSpecificationImpl.groovy:656)\n\tat sun.reflect.GeneratedMethodAccessor207.invoke(Unknown Source)\n\tat sun.reflect.DelegatingMethodAccessorImpl.invoke(DelegatingMethodAccessorImpl.java:43)\n\tat java.lang.reflect.Method.invoke(Method.java:498)\n\tat org.codehaus.groovy.runtime.callsite.PogoMetaMethodSite$PogoCachedMethodSiteNoUnwrapNoCoerce.invoke(PogoMetaMethodSite.java:210)\n\tat org.codehaus.groovy.runtime.callsite.PogoMetaMethodSite.callCurrent(PogoMetaMethodSite.java:59)\n\tat org.codehaus.groovy.runtime.callsite.AbstractCallSite.callCurrent(AbstractCallSite.java:169)\n\tat io.restassured.internal.ResponseSpecificationImpl.statusCode(ResponseSpecificationImpl.groovy:125)\n\tat io.restassured.specification.ResponseSpecification$statusCode$0.callCurrent(Unknown Source)\n\tat io.restassured.internal.ResponseSpecificationImpl.statusCode(ResponseSpecificationImpl.groovy:133)\n\tat io.restassured.internal.ValidatableResponseOptionsImpl.statusCode(ValidatableResponseOptionsImpl.java:119)\n\tat core.BaseApi.validateResponse(BaseApi.java:54)\n\tat microservices.common.steps.BaseSteps.then_verifyErrorResponse(BaseSteps.java:11)\n\tat tests.stakes.StakeKeyAddress.getStakeByAddresWrongFormat(StakeKeyAddress.java:44)\n\tat sun.reflect.NativeMethodAccessorImpl.invoke0(Native Method)\n\tat sun.reflect.NativeMethodAccessorImpl.invoke(NativeMethodAccessorImpl.java:62)\n\tat sun.reflect.DelegatingMethodAccessorImpl.invoke(DelegatingMethodAccessorImpl.java:43)\n\tat java.lang.reflect.Method.invoke(Method.java:498)\n\tat org.testng.internal.MethodInvocationHelper.invokeMethod(MethodInvocationHelper.java:134)\n\tat org.testng.internal.TestInvoker.invokeMethod(TestInvoker.java:597)\n\tat org.testng.internal.TestInvoker.invokeTestMethod(TestInvoker.java:173)\n\tat org.testng.internal.MethodRunner.runInSequence(MethodRunner.java:46)\n\tat org.testng.internal.TestInvoker$MethodInvocationAgent.invoke(TestInvoker.java:816)\n\tat org.testng.internal.TestInvoker.invokeTestMethods(TestInvoker.java:146)\n\tat org.testng.internal.TestMethodWorker.invokeTestMethods(TestMethodWorker.java:146)\n\tat org.testng.internal.TestMethodWorker.run(TestMethodWorker.java:128)\n\tat java.util.concurrent.ThreadPoolExecutor.runWorker(ThreadPoolExecutor.java:1149)\n\tat java.util.concurrent.ThreadPoolExecutor$Worker.run(ThreadPoolExecutor.java:624)\n\tat java.lang.Thread.run(Thread.java:750)\n","flaky":false,"newFailed":false,"newBroken":false,"newPassed":false,"retriesCount":0,"retriesStatusChange":false,"beforeStages":[{"name":"preconditions","time":{"start":1692469147823,"stop":1692469148640,"duration":817},"description":"","status":"passed","steps":[],"attachments":[],"parameters":[],"stepsCount":0,"attachmentsCount":0,"shouldDisplayMessage":false,"hasContent":false},{"name":"setUp","time":{"start":1692469220895,"stop":1692469220895,"duration":0},"description":"","status":"passed","steps":[],"attachments":[],"parameters":[],"stepsCount":0,"attachmentsCount":0,"shouldDisplayMessage":false,"hasContent":false}],"testStage":{"status":"failed","statusMessage":"1 expectation failed.\nExpected status code <400> but was <502>.\n","statusTrace":"java.lang.AssertionError: 1 expectation failed.\nExpected status code <400> but was <502>.\n\n\tat sun.reflect.GeneratedConstructorAccessor96.newInstance(Unknown Source)\n\tat sun.reflect.DelegatingConstructorAccessorImpl.newInstance(DelegatingConstructorAccessorImpl.java:45)\n\tat java.lang.reflect.Constructor.newInstance(Constructor.java:423)\n\tat org.codehaus.groovy.reflection.CachedConstructor.invoke(CachedConstructor.java:83)\n\tat org.codehaus.groovy.reflection.CachedConstructor.doConstructorInvoke(CachedConstructor.java:77)\n\tat org.codehaus.groovy.runtime.callsite.ConstructorSite$ConstructorSiteNoUnwrap.callConstructor(ConstructorSite.java:84)\n\tat org.codehaus.groovy.runtime.callsite.AbstractCallSite.callConstructor(AbstractCallSite.java:250)\n\tat io.restassured.internal.ResponseSpecificationImpl$HamcrestAssertionClosure.validate(ResponseSpecificationImpl.groovy:494)\n\tat io.restassured.internal.ResponseSpecificationImpl$HamcrestAssertionClosure$validate$5.call(Unknown Source)\n\tat io.restassured.internal.ResponseSpecificationImpl.validateResponseIfRequired(ResponseSpecificationImpl.groovy:656)\n\tat sun.reflect.GeneratedMethodAccessor207.invoke(Unknown Source)\n\tat sun.reflect.DelegatingMethodAccessorImpl.invoke(DelegatingMethodAccessorImpl.java:43)\n\tat java.lang.reflect.Method.invoke(Method.java:498)\n\tat org.codehaus.groovy.runtime.callsite.PogoMetaMethodSite$PogoCachedMethodSiteNoUnwrapNoCoerce.invoke(PogoMetaMethodSite.java:210)\n\tat org.codehaus.groovy.runtime.callsite.PogoMetaMethodSite.callCurrent(PogoMetaMethodSite.java:59)\n\tat org.codehaus.groovy.runtime.callsite.AbstractCallSite.callCurrent(AbstractCallSite.java:169)\n\tat io.restassured.internal.ResponseSpecificationImpl.statusCode(ResponseSpecificationImpl.groovy:125)\n\tat io.restassured.specification.ResponseSpecification$statusCode$0.callCurrent(Unknown Source)\n\tat io.restassured.internal.ResponseSpecificationImpl.statusCode(ResponseSpecificationImpl.groovy:133)\n\tat io.restassured.internal.ValidatableResponseOptionsImpl.statusCode(ValidatableResponseOptionsImpl.java:119)\n\tat core.BaseApi.validateResponse(BaseApi.java:54)\n\tat microservices.common.steps.BaseSteps.then_verifyErrorResponse(BaseSteps.java:11)\n\tat tests.stakes.StakeKeyAddress.getStakeByAddresWrongFormat(StakeKeyAddress.java:44)\n\tat sun.reflect.NativeMethodAccessorImpl.invoke0(Native Method)\n\tat sun.reflect.NativeMethodAccessorImpl.invoke(NativeMethodAccessorImpl.java:62)\n\tat sun.reflect.DelegatingMethodAccessorImpl.invoke(DelegatingMethodAccessorImpl.java:43)\n\tat java.lang.reflect.Method.invoke(Method.java:498)\n\tat org.testng.internal.MethodInvocationHelper.invokeMethod(MethodInvocationHelper.java:134)\n\tat org.testng.internal.TestInvoker.invokeMethod(TestInvoker.java:597)\n\tat org.testng.internal.TestInvoker.invokeTestMethod(TestInvoker.java:173)\n\tat org.testng.internal.MethodRunner.runInSequence(MethodRunner.java:46)\n\tat org.testng.internal.TestInvoker$MethodInvocationAgent.invoke(TestInvoker.java:816)\n\tat org.testng.internal.TestInvoker.invokeTestMethods(TestInvoker.java:146)\n\tat org.testng.internal.TestMethodWorker.invokeTestMethods(TestMethodWorker.java:146)\n\tat org.testng.internal.TestMethodWorker.run(TestMethodWorker.java:128)\n\tat java.util.concurrent.ThreadPoolExecutor.runWorker(ThreadPoolExecutor.java:1149)\n\tat java.util.concurrent.ThreadPoolExecutor$Worker.run(ThreadPoolExecutor.java:624)\n\tat java.lang.Thread.run(Thread.java:750)\n","steps":[{"name":"get a stake detail by address","time":{"start":1692469220896,"stop":1692469222731,"duration":1835},"status":"passed","steps":[],"attachments":[],"parameters":[{"name":"address","value":"@#$"}],"stepsCount":0,"attachmentsCount":0,"shouldDisplayMessage":false,"hasContent":true},{"name":"Verify error response","time":{"start":1692469222731,"stop":1692469222732,"duration":1},"status":"failed","statusMessage":"1 expectation failed.\nExpected status code <400> but was <502>.\n","statusTrace":"java.lang.AssertionError: 1 expectation failed.\nExpected status code <400> but was <502>.\n\n\tat sun.reflect.GeneratedConstructorAccessor96.newInstance(Unknown Source)\n\tat sun.reflect.DelegatingConstructorAccessorImpl.newInstance(DelegatingConstructorAccessorImpl.java:45)\n\tat java.lang.reflect.Constructor.newInstance(Constructor.java:423)\n\tat org.codehaus.groovy.reflection.CachedConstructor.invoke(CachedConstructor.java:83)\n\tat org.codehaus.groovy.reflection.CachedConstructor.doConstructorInvoke(CachedConstructor.java:77)\n\tat org.codehaus.groovy.runtime.callsite.ConstructorSite$ConstructorSiteNoUnwrap.callConstructor(ConstructorSite.java:84)\n\tat org.codehaus.groovy.runtime.callsite.AbstractCallSite.callConstructor(AbstractCallSite.java:250)\n\tat io.restassured.internal.ResponseSpecificationImpl$HamcrestAssertionClosure.validate(ResponseSpecificationImpl.groovy:494)\n\tat io.restassured.internal.ResponseSpecificationImpl$HamcrestAssertionClosure$validate$5.call(Unknown Source)\n\tat io.restassured.internal.ResponseSpecificationImpl.validateResponseIfRequired(ResponseSpecificationImpl.groovy:656)\n\tat sun.reflect.GeneratedMethodAccessor207.invoke(Unknown Source)\n\tat sun.reflect.DelegatingMethodAccessorImpl.invoke(DelegatingMethodAccessorImpl.java:43)\n\tat java.lang.reflect.Method.invoke(Method.java:498)\n\tat org.codehaus.groovy.runtime.callsite.PogoMetaMethodSite$PogoCachedMethodSiteNoUnwrapNoCoerce.invoke(PogoMetaMethodSite.java:210)\n\tat org.codehaus.groovy.runtime.callsite.PogoMetaMethodSite.callCurrent(PogoMetaMethodSite.java:59)\n\tat org.codehaus.groovy.runtime.callsite.AbstractCallSite.callCurrent(AbstractCallSite.java:169)\n\tat io.restassured.internal.ResponseSpecificationImpl.statusCode(ResponseSpecificationImpl.groovy:125)\n\tat io.restassured.specification.ResponseSpecification$statusCode$0.callCurrent(Unknown Source)\n\tat io.restassured.internal.ResponseSpecificationImpl.statusCode(ResponseSpecificationImpl.groovy:133)\n\tat io.restassured.internal.ValidatableResponseOptionsImpl.statusCode(ValidatableResponseOptionsImpl.java:119)\n\tat core.BaseApi.validateResponse(BaseApi.java:54)\n\tat microservices.common.steps.BaseSteps.then_verifyErrorResponse(BaseSteps.java:11)\n\tat tests.stakes.StakeKeyAddress.getStakeByAddresWrongFormat(StakeKeyAddress.java:44)\n\tat sun.reflect.NativeMethodAccessorImpl.invoke0(Native Method)\n\tat sun.reflect.NativeMethodAccessorImpl.invoke(NativeMethodAccessorImpl.java:62)\n\tat sun.reflect.DelegatingMethodAccessorImpl.invoke(DelegatingMethodAccessorImpl.java:43)\n\tat java.lang.reflect.Method.invoke(Method.java:498)\n\tat org.testng.internal.MethodInvocationHelper.invokeMethod(MethodInvocationHelper.java:134)\n\tat org.testng.internal.TestInvoker.invokeMethod(TestInvoker.java:597)\n\tat org.testng.internal.TestInvoker.invokeTestMethod(TestInvoker.java:173)\n\tat org.testng.internal.MethodRunner.runInSequence(MethodRunner.java:46)\n\tat org.testng.internal.TestInvoker$MethodInvocationAgent.invoke(TestInvoker.java:816)\n\tat org.testng.internal.TestInvoker.invokeTestMethods(TestInvoker.java:146)\n\tat org.testng.internal.TestMethodWorker.invokeTestMethods(TestMethodWorker.java:146)\n\tat org.testng.internal.TestMethodWorker.run(TestMethodWorker.java:128)\n\tat java.util.concurrent.ThreadPoolExecutor.runWorker(ThreadPoolExecutor.java:1149)\n\tat java.util.concurrent.ThreadPoolExecutor$Worker.run(ThreadPoolExecutor.java:624)\n\tat java.lang.Thread.run(Thread.java:750)\n","steps":[],"attachments":[],"parameters":[{"name":"statusCode","value":"400"},{"name":"message","value":"Stake address not found"},{"name":"errorCode","value":"BC_404-STAKE_ADDRESS_NOT_FOUND"}],"stepsCount":0,"attachmentsCount":0,"shouldDisplayMessage":true,"hasContent":true}],"attachments":[],"parameters":[],"stepsCount":2,"attachmentsCount":0,"shouldDisplayMessage":false,"hasContent":true},"afterStages":[{"name":"tearDown","time":{"start":1692469222733,"stop":1692469222733,"duration":0},"description":"","status":"passed","steps":[],"attachments":[],"parameters":[],"stepsCount":0,"attachmentsCount":0,"shouldDisplayMessage":false,"hasContent":false},{"name":"postconditions","time":{"start":1692469347302,"stop":1692469347302,"duration":0},"description":"","status":"passed","steps":[],"attachments":[],"parameters":[],"stepsCount":0,"attachmentsCount":0,"shouldDisplayMessage":false,"hasContent":false}],"labels":[{"name":"package","value":"tests.stakes.StakeKeyAddress"},{"name":"testClass","value":"tests.stakes.StakeKeyAddress"},{"name":"testMethod","value":"getStakeByAddresWrongFormat"},{"name":"parentSuite","value":"Cardano Regression Suite"},{"name":"suite","value":"Cardano API test "},{"name":"subSuite","value":"tests.stakes.StakeKeyAddress"},{"name":"host","value":"fv-az627-478"},{"name":"thread","value":"2287@fv-az627-478.TestNG-test=Cardano API test -2(13)"},{"name":"framework","value":"testng"},{"name":"language","value":"java"},{"name":"resultFormat","value":"allure2"}],"parameters":[{"name":"arg0","value":"@#$"},{"name":"env","value":"mainnet"}],"links":[],"hidden":false,"retry":false,"extra":{"severity":"normal","retries":[],"categories":[{"name":"Product defects","matchedStatuses":[],"flaky":false}],"history":{"statistic":{"failed":28,"broken":8,"skipped":0,"passed":26,"unknown":0,"total":62},"items":[{"uid":"6cb9ce85bfb561cf","reportUrl":"https://Sotatek-DavidNguyen4.github.io/cardano-api-tests/411//#testresult/6cb9ce85bfb561cf","status":"failed","statusDetails":"1 expectation failed.\nExpected status code <400> but was <502>.\n","time":{"start":1692382907536,"stop":1692382909376,"duration":1840}},{"uid":"b6f90ec8cf8819e1","reportUrl":"https://Sotatek-DavidNguyen4.github.io/cardano-api-tests/410//#testresult/b6f90ec8cf8819e1","status":"failed","statusDetails":"1 expectation failed.\nExpected status code <400> but was <502>.\n","time":{"start":1692296547283,"stop":1692296548759,"duration":1476}},{"uid":"8a7bceabbeb0fe46","reportUrl":"https://Sotatek-DavidNguyen4.github.io/cardano-api-tests/409//#testresult/8a7bceabbeb0fe46","status":"failed","statusDetails":"1 expectation failed.\nExpected status code <400> but was <502>.\n","time":{"start":1692210144265,"stop":1692210146168,"duration":1903}},{"uid":"33a0d7c1ddb10e1e","reportUrl":"https://Sotatek-DavidNguyen4.github.io/cardano-api-tests/408//#testresult/33a0d7c1ddb10e1e","status":"failed","statusDetails":"1 expectation failed.\nExpected status code <400> but was <502>.\n","time":{"start":1692123701966,"stop":1692123703643,"duration":1677}},{"uid":"822913c2700a8590","reportUrl":"https://Sotatek-DavidNguyen4.github.io/cardano-api-tests/407//#testresult/822913c2700a8590","status":"failed","statusDetails":"1 expectation failed.\nExpected status code <400> but was <502>.\n","time":{"start":1692037341012,"stop":1692037342807,"duration":1795}},{"uid":"de6801f05e1ec16e","reportUrl":"https://Sotatek-DavidNguyen4.github.io/cardano-api-tests/406//#testresult/de6801f05e1ec16e","status":"failed","statusDetails":"1 expectation failed.\nExpected status code <400> but was <502>.\n","time":{"start":1691950831662,"stop":1691950833654,"duration":1992}},{"uid":"2dc3aaeb4bc62c72","reportUrl":"https://Sotatek-DavidNguyen4.github.io/cardano-api-tests/405//#testresult/2dc3aaeb4bc62c72","status":"failed","statusDetails":"1 expectation failed.\nExpected status code <400> but was <502>.\n","time":{"start":1691864424749,"stop":1691864426500,"duration":1751}},{"uid":"186d6af9a2b61067","reportUrl":"https://Sotatek-DavidNguyen4.github.io/cardano-api-tests/404//#testresult/186d6af9a2b61067","status":"failed","statusDetails":"1 expectation failed.\nExpected status code <400> but was <502>.\n","time":{"start":1691778115175,"stop":1691778116928,"duration":1753}},{"uid":"53330cbd54de8ce5","reportUrl":"https://Sotatek-DavidNguyen4.github.io/cardano-api-tests/403//#testresult/53330cbd54de8ce5","status":"failed","statusDetails":"1 expectation failed.\nExpected status code <400> but was <502>.\n","time":{"start":1691691759409,"stop":1691691761353,"duration":1944}},{"uid":"b4d437476639c4a","reportUrl":"https://Sotatek-DavidNguyen4.github.io/cardano-api-tests/402//#testresult/b4d437476639c4a","status":"failed","statusDetails":"1 expectation failed.\nExpected status code <400> but was <502>.\n","time":{"start":1691605458045,"stop":1691605459574,"duration":1529}},{"uid":"1d19e93c4760efe8","reportUrl":"https://Sotatek-DavidNguyen4.github.io/cardano-api-tests/401//#testresult/1d19e93c4760efe8","status":"failed","statusDetails":"1 expectation failed.\nExpected status code <400> but was <502>.\n","time":{"start":1691519055838,"stop":1691519057327,"duration":1489}},{"uid":"14f4ae20f9e83218","reportUrl":"https://Sotatek-DavidNguyen4.github.io/cardano-api-tests/400//#testresult/14f4ae20f9e83218","status":"failed","statusDetails":"1 expectation failed.\nExpected status code <400> but was <502>.\n","time":{"start":1691432533719,"stop":1691432535670,"duration":1951}},{"uid":"6fa3d58f6d7dbfb7","reportUrl":"https://Sotatek-DavidNguyen4.github.io/cardano-api-tests/399//#testresult/6fa3d58f6d7dbfb7","status":"failed","statusDetails":"1 expectation failed.\nExpected status code <400> but was <502>.\n","time":{"start":1691346050453,"stop":1691346052187,"duration":1734}},{"uid":"954b3cd44835202a","reportUrl":"https://Sotatek-DavidNguyen4.github.io/cardano-api-tests/398//#testresult/954b3cd44835202a","status":"failed","statusDetails":"1 expectation failed.\nExpected status code <400> but was <502>.\n","time":{"start":1691259648755,"stop":1691259650387,"duration":1632}},{"uid":"a98e15fa9423edec","reportUrl":"https://Sotatek-DavidNguyen4.github.io/cardano-api-tests/397//#testresult/a98e15fa9423edec","status":"failed","statusDetails":"1 expectation failed.\nExpected status code <400> but was <502>.\n","time":{"start":1691173350168,"stop":1691173351981,"duration":1813}},{"uid":"91c5798dddee9cc0","reportUrl":"https://Sotatek-DavidNguyen4.github.io/cardano-api-tests/396//#testresult/91c5798dddee9cc0","status":"failed","statusDetails":"1 expectation failed.\nExpected status code <400> but was <502>.\n","time":{"start":1691086964787,"stop":1691086966764,"duration":1977}},{"uid":"b70eb789ad823581","reportUrl":"https://Sotatek-DavidNguyen4.github.io/cardano-api-tests/395//#testresult/b70eb789ad823581","status":"failed","statusDetails":"1 expectation failed.\nExpected status code <400> but was <502>.\n","time":{"start":1691000574682,"stop":1691000576241,"duration":1559}},{"uid":"bfdc7a677fcd2916","reportUrl":"https://Sotatek-DavidNguyen4.github.io/cardano-api-tests/394//#testresult/bfdc7a677fcd2916","status":"failed","statusDetails":"1 expectation failed.\nExpected status code <400> but was <502>.\n","time":{"start":1690914177480,"stop":1690914179109,"duration":1629}},{"uid":"27971850188c746d","reportUrl":"https://Sotatek-DavidNguyen4.github.io/cardano-api-tests/393//#testresult/27971850188c746d","status":"failed","statusDetails":"1 expectation failed.\nExpected status code <400> but was <502>.\n","time":{"start":1690827781130,"stop":1690827783001,"duration":1871}},{"uid":"9a7657577db1c144","reportUrl":"https://Sotatek-DavidNguyen4.github.io/cardano-api-tests/392//#testresult/9a7657577db1c144","status":"failed","statusDetails":"1 expectation failed.\nExpected status code <400> but was <502>.\n","time":{"start":1690741265268,"stop":1690741266765,"duration":1497}}]},"tags":[]},"source":"6f45e874bacda30b.json","parameterValues":["@#$","mainnet"]}