{"uid":"c917f6f1186ad6eb","name":"verify get policy detail successfully","fullName":"tests.policies.GetPolicyDetailsTests.getTokenByPoliciesSuccess","historyId":"26d1fe988ae6c810db866188816efcdb","time":{"start":1688236006881,"stop":1688236008446,"duration":1565},"status":"failed","statusMessage":"1 expectation failed.\nResponse body doesn't match expectation.\nExpected: The content to match the given JSON schema.\nerror: instance type (null) does not match any allowed primitive type (allowed: [\"string\"])\n    level: \"error\"\n    schema: {\"loadingURI\":\"file:/home/runner/work/cardano-api-tests/cardano-api-tests/target/test-classes/schemaJson/policy/policyDetail.json#\",\"pointer\":\"/properties/policyScript\"}\n    instance: {\"pointer\":\"/policyScript\"}\n    domain: \"validation\"\n    keyword: \"type\"\n    found: \"null\"\n    expected: [\"string\"]\n\n  Actual: {\"policyId\":\"3d67069772c7ff1a14ea648c2de179fb3517759ac48c8f29ed1624ac\",\"totalToken\":1,\"policyScript\":null}\n","statusTrace":"java.lang.AssertionError: 1 expectation failed.\nResponse body doesn't match expectation.\nExpected: The content to match the given JSON schema.\nerror: instance type (null) does not match any allowed primitive type (allowed: [\"string\"])\n    level: \"error\"\n    schema: {\"loadingURI\":\"file:/home/runner/work/cardano-api-tests/cardano-api-tests/target/test-classes/schemaJson/policy/policyDetail.json#\",\"pointer\":\"/properties/policyScript\"}\n    instance: {\"pointer\":\"/policyScript\"}\n    domain: \"validation\"\n    keyword: \"type\"\n    found: \"null\"\n    expected: [\"string\"]\n\n  Actual: {\"policyId\":\"3d67069772c7ff1a14ea648c2de179fb3517759ac48c8f29ed1624ac\",\"totalToken\":1,\"policyScript\":null}\n\n\tat sun.reflect.NativeConstructorAccessorImpl.newInstance0(Native Method)\n\tat sun.reflect.NativeConstructorAccessorImpl.newInstance(NativeConstructorAccessorImpl.java:62)\n\tat sun.reflect.DelegatingConstructorAccessorImpl.newInstance(DelegatingConstructorAccessorImpl.java:45)\n\tat java.lang.reflect.Constructor.newInstance(Constructor.java:423)\n\tat org.codehaus.groovy.reflection.CachedConstructor.invoke(CachedConstructor.java:83)\n\tat org.codehaus.groovy.reflection.CachedConstructor.doConstructorInvoke(CachedConstructor.java:77)\n\tat org.codehaus.groovy.runtime.callsite.ConstructorSite$ConstructorSiteNoUnwrap.callConstructor(ConstructorSite.java:84)\n\tat org.codehaus.groovy.runtime.callsite.AbstractCallSite.callConstructor(AbstractCallSite.java:250)\n\tat io.restassured.internal.ResponseSpecificationImpl$HamcrestAssertionClosure.validate(ResponseSpecificationImpl.groovy:494)\n\tat io.restassured.internal.ResponseSpecificationImpl$HamcrestAssertionClosure$validate$5.call(Unknown Source)\n\tat io.restassured.internal.ResponseSpecificationImpl.validateResponseIfRequired(ResponseSpecificationImpl.groovy:656)\n\tat sun.reflect.GeneratedMethodAccessor167.invoke(Unknown Source)\n\tat sun.reflect.DelegatingMethodAccessorImpl.invoke(DelegatingMethodAccessorImpl.java:43)\n\tat java.lang.reflect.Method.invoke(Method.java:498)\n\tat org.codehaus.groovy.runtime.callsite.PogoMetaMethodSite$PogoCachedMethodSiteNoUnwrapNoCoerce.invoke(PogoMetaMethodSite.java:210)\n\tat org.codehaus.groovy.runtime.callsite.PogoMetaMethodSite.callCurrent(PogoMetaMethodSite.java:59)\n\tat org.codehaus.groovy.runtime.callsite.AbstractCallSite.callCurrent(AbstractCallSite.java:169)\n\tat io.restassured.internal.ResponseSpecificationImpl.content(ResponseSpecificationImpl.groovy:97)\n\tat io.restassured.specification.ResponseSpecification$content$2.callCurrent(Unknown Source)\n\tat io.restassured.internal.ResponseSpecificationImpl.body(ResponseSpecificationImpl.groovy:256)\n\tat io.restassured.internal.ValidatableResponseOptionsImpl.body(ValidatableResponseOptionsImpl.java:268)\n\tat core.BaseApi.validateResponseSchema(BaseApi.java:71)\n\tat tests.policies.GetPolicyDetailsTests.getTokenByPoliciesSuccess(GetPolicyDetailsTests.java:42)\n\tat sun.reflect.NativeMethodAccessorImpl.invoke0(Native Method)\n\tat sun.reflect.NativeMethodAccessorImpl.invoke(NativeMethodAccessorImpl.java:62)\n\tat sun.reflect.DelegatingMethodAccessorImpl.invoke(DelegatingMethodAccessorImpl.java:43)\n\tat java.lang.reflect.Method.invoke(Method.java:498)\n\tat org.testng.internal.MethodInvocationHelper.invokeMethod(MethodInvocationHelper.java:134)\n\tat org.testng.internal.TestInvoker.invokeMethod(TestInvoker.java:597)\n\tat org.testng.internal.TestInvoker.invokeTestMethod(TestInvoker.java:173)\n\tat org.testng.internal.MethodRunner.runInSequence(MethodRunner.java:46)\n\tat org.testng.internal.TestInvoker$MethodInvocationAgent.invoke(TestInvoker.java:816)\n\tat org.testng.internal.TestInvoker.invokeTestMethods(TestInvoker.java:146)\n\tat org.testng.internal.TestMethodWorker.invokeTestMethods(TestMethodWorker.java:146)\n\tat org.testng.internal.TestMethodWorker.run(TestMethodWorker.java:128)\n\tat java.util.concurrent.ThreadPoolExecutor.runWorker(ThreadPoolExecutor.java:1149)\n\tat java.util.concurrent.ThreadPoolExecutor$Worker.run(ThreadPoolExecutor.java:624)\n\tat java.lang.Thread.run(Thread.java:750)\n","flaky":true,"newFailed":true,"newBroken":false,"newPassed":false,"retriesCount":0,"retriesStatusChange":false,"beforeStages":[{"name":"preconditions","time":{"start":1688235810054,"stop":1688235810877,"duration":823},"description":"","status":"passed","steps":[],"attachments":[],"parameters":[],"stepsCount":0,"attachmentsCount":0,"shouldDisplayMessage":false,"hasContent":false},{"name":"setUp","time":{"start":1688236006880,"stop":1688236006880,"duration":0},"description":"","status":"passed","steps":[],"attachments":[],"parameters":[],"stepsCount":0,"attachmentsCount":0,"shouldDisplayMessage":false,"hasContent":false}],"testStage":{"status":"failed","statusMessage":"1 expectation failed.\nResponse body doesn't match expectation.\nExpected: The content to match the given JSON schema.\nerror: instance type (null) does not match any allowed primitive type (allowed: [\"string\"])\n    level: \"error\"\n    schema: {\"loadingURI\":\"file:/home/runner/work/cardano-api-tests/cardano-api-tests/target/test-classes/schemaJson/policy/policyDetail.json#\",\"pointer\":\"/properties/policyScript\"}\n    instance: {\"pointer\":\"/policyScript\"}\n    domain: \"validation\"\n    keyword: \"type\"\n    found: \"null\"\n    expected: [\"string\"]\n\n  Actual: {\"policyId\":\"3d67069772c7ff1a14ea648c2de179fb3517759ac48c8f29ed1624ac\",\"totalToken\":1,\"policyScript\":null}\n","statusTrace":"java.lang.AssertionError: 1 expectation failed.\nResponse body doesn't match expectation.\nExpected: The content to match the given JSON schema.\nerror: instance type (null) does not match any allowed primitive type (allowed: [\"string\"])\n    level: \"error\"\n    schema: {\"loadingURI\":\"file:/home/runner/work/cardano-api-tests/cardano-api-tests/target/test-classes/schemaJson/policy/policyDetail.json#\",\"pointer\":\"/properties/policyScript\"}\n    instance: {\"pointer\":\"/policyScript\"}\n    domain: \"validation\"\n    keyword: \"type\"\n    found: \"null\"\n    expected: [\"string\"]\n\n  Actual: {\"policyId\":\"3d67069772c7ff1a14ea648c2de179fb3517759ac48c8f29ed1624ac\",\"totalToken\":1,\"policyScript\":null}\n\n\tat sun.reflect.NativeConstructorAccessorImpl.newInstance0(Native Method)\n\tat sun.reflect.NativeConstructorAccessorImpl.newInstance(NativeConstructorAccessorImpl.java:62)\n\tat sun.reflect.DelegatingConstructorAccessorImpl.newInstance(DelegatingConstructorAccessorImpl.java:45)\n\tat java.lang.reflect.Constructor.newInstance(Constructor.java:423)\n\tat org.codehaus.groovy.reflection.CachedConstructor.invoke(CachedConstructor.java:83)\n\tat org.codehaus.groovy.reflection.CachedConstructor.doConstructorInvoke(CachedConstructor.java:77)\n\tat org.codehaus.groovy.runtime.callsite.ConstructorSite$ConstructorSiteNoUnwrap.callConstructor(ConstructorSite.java:84)\n\tat org.codehaus.groovy.runtime.callsite.AbstractCallSite.callConstructor(AbstractCallSite.java:250)\n\tat io.restassured.internal.ResponseSpecificationImpl$HamcrestAssertionClosure.validate(ResponseSpecificationImpl.groovy:494)\n\tat io.restassured.internal.ResponseSpecificationImpl$HamcrestAssertionClosure$validate$5.call(Unknown Source)\n\tat io.restassured.internal.ResponseSpecificationImpl.validateResponseIfRequired(ResponseSpecificationImpl.groovy:656)\n\tat sun.reflect.GeneratedMethodAccessor167.invoke(Unknown Source)\n\tat sun.reflect.DelegatingMethodAccessorImpl.invoke(DelegatingMethodAccessorImpl.java:43)\n\tat java.lang.reflect.Method.invoke(Method.java:498)\n\tat org.codehaus.groovy.runtime.callsite.PogoMetaMethodSite$PogoCachedMethodSiteNoUnwrapNoCoerce.invoke(PogoMetaMethodSite.java:210)\n\tat org.codehaus.groovy.runtime.callsite.PogoMetaMethodSite.callCurrent(PogoMetaMethodSite.java:59)\n\tat org.codehaus.groovy.runtime.callsite.AbstractCallSite.callCurrent(AbstractCallSite.java:169)\n\tat io.restassured.internal.ResponseSpecificationImpl.content(ResponseSpecificationImpl.groovy:97)\n\tat io.restassured.specification.ResponseSpecification$content$2.callCurrent(Unknown Source)\n\tat io.restassured.internal.ResponseSpecificationImpl.body(ResponseSpecificationImpl.groovy:256)\n\tat io.restassured.internal.ValidatableResponseOptionsImpl.body(ValidatableResponseOptionsImpl.java:268)\n\tat core.BaseApi.validateResponseSchema(BaseApi.java:71)\n\tat tests.policies.GetPolicyDetailsTests.getTokenByPoliciesSuccess(GetPolicyDetailsTests.java:42)\n\tat sun.reflect.NativeMethodAccessorImpl.invoke0(Native Method)\n\tat sun.reflect.NativeMethodAccessorImpl.invoke(NativeMethodAccessorImpl.java:62)\n\tat sun.reflect.DelegatingMethodAccessorImpl.invoke(DelegatingMethodAccessorImpl.java:43)\n\tat java.lang.reflect.Method.invoke(Method.java:498)\n\tat org.testng.internal.MethodInvocationHelper.invokeMethod(MethodInvocationHelper.java:134)\n\tat org.testng.internal.TestInvoker.invokeMethod(TestInvoker.java:597)\n\tat org.testng.internal.TestInvoker.invokeTestMethod(TestInvoker.java:173)\n\tat org.testng.internal.MethodRunner.runInSequence(MethodRunner.java:46)\n\tat org.testng.internal.TestInvoker$MethodInvocationAgent.invoke(TestInvoker.java:816)\n\tat org.testng.internal.TestInvoker.invokeTestMethods(TestInvoker.java:146)\n\tat org.testng.internal.TestMethodWorker.invokeTestMethods(TestMethodWorker.java:146)\n\tat org.testng.internal.TestMethodWorker.run(TestMethodWorker.java:128)\n\tat java.util.concurrent.ThreadPoolExecutor.runWorker(ThreadPoolExecutor.java:1149)\n\tat java.util.concurrent.ThreadPoolExecutor$Worker.run(ThreadPoolExecutor.java:624)\n\tat java.lang.Thread.run(Thread.java:750)\n","steps":[{"name":"Get a policy detail","time":{"start":1688236006881,"stop":1688236008429,"duration":1548},"status":"passed","steps":[],"attachments":[],"parameters":[{"name":"policyId","value":"3d67069772c7ff1a14ea648c2de179fb3517759ac48c8f29ed1624ac"}],"stepsCount":0,"attachmentsCount":0,"shouldDisplayMessage":false,"hasContent":true}],"attachments":[],"parameters":[],"stepsCount":1,"attachmentsCount":0,"shouldDisplayMessage":true,"hasContent":true},"afterStages":[{"name":"tearDown","time":{"start":1688236008447,"stop":1688236008447,"duration":0},"description":"","status":"passed","steps":[],"attachments":[],"parameters":[],"stepsCount":0,"attachmentsCount":0,"shouldDisplayMessage":false,"hasContent":false},{"name":"postconditions","time":{"start":1688236135037,"stop":1688236135037,"duration":0},"description":"","status":"passed","steps":[],"attachments":[],"parameters":[],"stepsCount":0,"attachmentsCount":0,"shouldDisplayMessage":false,"hasContent":false}],"labels":[{"name":"package","value":"tests.policies.GetPolicyDetailsTests"},{"name":"testClass","value":"tests.policies.GetPolicyDetailsTests"},{"name":"testMethod","value":"getTokenByPoliciesSuccess"},{"name":"parentSuite","value":"Cardano Regression Suite"},{"name":"suite","value":"Cardano API test "},{"name":"subSuite","value":"tests.policies.GetPolicyDetailsTests"},{"name":"host","value":"fv-az578-307"},{"name":"thread","value":"2533@fv-az578-307.TestNG-test=Cardano API test -5(16)"},{"name":"framework","value":"testng"},{"name":"language","value":"java"},{"name":"feature","value":"api-policy_controller"},{"name":"story","value":"Get a policy detail"},{"name":"epic","value":"cardano"},{"name":"resultFormat","value":"allure2"}],"parameters":[{"name":"arg0","value":"3d67069772c7ff1a14ea648c2de179fb3517759ac48c8f29ed1624ac"},{"name":"env","value":"mainnet"}],"links":[],"hidden":false,"retry":false,"extra":{"severity":"normal","retries":[],"categories":[{"name":"Product defects","matchedStatuses":[],"flaky":false}],"history":{"statistic":{"failed":2,"broken":0,"skipped":0,"passed":8,"unknown":0,"total":10},"items":[{"uid":"4b928fb685202132","reportUrl":"https://Sotatek-DavidNguyen4.github.io/cardano-api-tests/362//#testresult/4b928fb685202132","status":"passed","time":{"start":1688149718816,"stop":1688149720725,"duration":1909}},{"uid":"56fad35f6d382078","reportUrl":"https://Sotatek-DavidNguyen4.github.io/cardano-api-tests/361//#testresult/56fad35f6d382078","status":"passed","time":{"start":1688063391210,"stop":1688063392805,"duration":1595}},{"uid":"b6d6a77c22541475","reportUrl":"https://Sotatek-DavidNguyen4.github.io/cardano-api-tests/360//#testresult/b6d6a77c22541475","status":"passed","time":{"start":1687976928031,"stop":1687976929844,"duration":1813}},{"uid":"2bb3a02a47925b78","reportUrl":"https://Sotatek-DavidNguyen4.github.io/cardano-api-tests/359//#testresult/2bb3a02a47925b78","status":"failed","statusDetails":"1 expectation failed.\nExpected status code <200> but was <500>.\n","time":{"start":1687894668187,"stop":1687894719699,"duration":51512}},{"uid":"a0db5a520f92e9fc","reportUrl":"https://Sotatek-DavidNguyen4.github.io/cardano-api-tests/358//#testresult/a0db5a520f92e9fc","status":"passed","time":{"start":1687804428255,"stop":1687804429718,"duration":1463}},{"uid":"d6efbf65735279a0","reportUrl":"https://Sotatek-DavidNguyen4.github.io/cardano-api-tests/357//#testresult/d6efbf65735279a0","status":"passed","time":{"start":1687717691276,"stop":1687717692990,"duration":1714}},{"uid":"3e4932dc0e257b6d","reportUrl":"https://Sotatek-DavidNguyen4.github.io/cardano-api-tests/356//#testresult/3e4932dc0e257b6d","status":"passed","time":{"start":1687631282841,"stop":1687631284637,"duration":1796}},{"uid":"103fd373fcfcfd1f","reportUrl":"https://Sotatek-DavidNguyen4.github.io/cardano-api-tests/355//#testresult/103fd373fcfcfd1f","status":"passed","time":{"start":1687544870971,"stop":1687544872813,"duration":1842}},{"uid":"eca9559a3ff9a0cd","reportUrl":"https://Sotatek-DavidNguyen4.github.io/cardano-api-tests/351//#testresult/eca9559a3ff9a0cd","status":"passed","time":{"start":1687458373265,"stop":1687458375266,"duration":2001}}]},"tags":[]},"source":"c917f6f1186ad6eb.json","parameterValues":["3d67069772c7ff1a14ea648c2de179fb3517759ac48c8f29ed1624ac","mainnet"]}