{"uid":"33f109fd551885e8","name":"verify that get a token with tokenId invalid | fail","fullName":"tests.TokenTests.getATokenFail","historyId":"7d0a790168ce4cfc2cff543674ec2368","time":{"start":1684470024613,"stop":1684470026660,"duration":2047},"status":"failed","statusMessage":"Incorrect error message expected [Token not found] but found [null]","statusTrace":"java.lang.AssertionError: Incorrect error message expected [Token not found] but found [null]\n\tat org.testng.Assert.fail(Assert.java:97)\n\tat org.testng.Assert.failNotEquals(Assert.java:969)\n\tat org.testng.Assert.assertEqualsImpl(Assert.java:131)\n\tat org.testng.Assert.assertEquals(Assert.java:118)\n\tat org.testng.Assert.assertEquals(Assert.java:575)\n\tat microservices.common.steps.BaseSteps.then_verifyErrorResponse(BaseSteps.java:15)\n\tat tests.TokenTests.getATokenFail(TokenTests.java:114)\n\tat sun.reflect.NativeMethodAccessorImpl.invoke0(Native Method)\n\tat sun.reflect.NativeMethodAccessorImpl.invoke(NativeMethodAccessorImpl.java:62)\n\tat sun.reflect.DelegatingMethodAccessorImpl.invoke(DelegatingMethodAccessorImpl.java:43)\n\tat java.lang.reflect.Method.invoke(Method.java:498)\n\tat org.testng.internal.MethodInvocationHelper.invokeMethod(MethodInvocationHelper.java:134)\n\tat org.testng.internal.TestInvoker.invokeMethod(TestInvoker.java:597)\n\tat org.testng.internal.TestInvoker.invokeTestMethod(TestInvoker.java:173)\n\tat org.testng.internal.MethodRunner.runInSequence(MethodRunner.java:46)\n\tat org.testng.internal.TestInvoker$MethodInvocationAgent.invoke(TestInvoker.java:816)\n\tat org.testng.internal.TestInvoker.invokeTestMethods(TestInvoker.java:146)\n\tat org.testng.internal.TestMethodWorker.invokeTestMethods(TestMethodWorker.java:146)\n\tat org.testng.internal.TestMethodWorker.run(TestMethodWorker.java:128)\n\tat java.util.concurrent.ThreadPoolExecutor.runWorker(ThreadPoolExecutor.java:1149)\n\tat java.util.concurrent.ThreadPoolExecutor$Worker.run(ThreadPoolExecutor.java:624)\n\tat java.lang.Thread.run(Thread.java:750)\n","flaky":false,"newFailed":false,"newBroken":false,"newPassed":false,"retriesCount":0,"retriesStatusChange":false,"beforeStages":[{"name":"setUp","time":{"start":1684470024610,"stop":1684470024611,"duration":1},"description":"","status":"passed","steps":[],"attachments":[],"parameters":[],"attachmentsCount":0,"shouldDisplayMessage":false,"hasContent":false,"stepsCount":0}],"testStage":{"status":"failed","statusMessage":"Incorrect error message expected [Token not found] but found [null]","statusTrace":"java.lang.AssertionError: Incorrect error message expected [Token not found] but found [null]\n\tat org.testng.Assert.fail(Assert.java:97)\n\tat org.testng.Assert.failNotEquals(Assert.java:969)\n\tat org.testng.Assert.assertEqualsImpl(Assert.java:131)\n\tat org.testng.Assert.assertEquals(Assert.java:118)\n\tat org.testng.Assert.assertEquals(Assert.java:575)\n\tat microservices.common.steps.BaseSteps.then_verifyErrorResponse(BaseSteps.java:15)\n\tat tests.TokenTests.getATokenFail(TokenTests.java:114)\n\tat sun.reflect.NativeMethodAccessorImpl.invoke0(Native Method)\n\tat sun.reflect.NativeMethodAccessorImpl.invoke(NativeMethodAccessorImpl.java:62)\n\tat sun.reflect.DelegatingMethodAccessorImpl.invoke(DelegatingMethodAccessorImpl.java:43)\n\tat java.lang.reflect.Method.invoke(Method.java:498)\n\tat org.testng.internal.MethodInvocationHelper.invokeMethod(MethodInvocationHelper.java:134)\n\tat org.testng.internal.TestInvoker.invokeMethod(TestInvoker.java:597)\n\tat org.testng.internal.TestInvoker.invokeTestMethod(TestInvoker.java:173)\n\tat org.testng.internal.MethodRunner.runInSequence(MethodRunner.java:46)\n\tat org.testng.internal.TestInvoker$MethodInvocationAgent.invoke(TestInvoker.java:816)\n\tat org.testng.internal.TestInvoker.invokeTestMethods(TestInvoker.java:146)\n\tat org.testng.internal.TestMethodWorker.invokeTestMethods(TestMethodWorker.java:146)\n\tat org.testng.internal.TestMethodWorker.run(TestMethodWorker.java:128)\n\tat java.util.concurrent.ThreadPoolExecutor.runWorker(ThreadPoolExecutor.java:1149)\n\tat java.util.concurrent.ThreadPoolExecutor$Worker.run(ThreadPoolExecutor.java:624)\n\tat java.lang.Thread.run(Thread.java:750)\n","steps":[{"name":"get a token","time":{"start":1684470024613,"stop":1684470026650,"duration":2037},"status":"passed","steps":[],"attachments":[],"parameters":[{"name":"tokenId","value":"@#$%=&"}],"attachmentsCount":0,"shouldDisplayMessage":false,"hasContent":true,"stepsCount":0},{"name":"Verify error response","time":{"start":1684470026651,"stop":1684470026656,"duration":5},"status":"failed","statusMessage":"Incorrect error message expected [Token not found] but found [null]","statusTrace":"java.lang.AssertionError: Incorrect error message expected [Token not found] but found [null]\n\tat org.testng.Assert.fail(Assert.java:97)\n\tat org.testng.Assert.failNotEquals(Assert.java:969)\n\tat org.testng.Assert.assertEqualsImpl(Assert.java:131)\n\tat org.testng.Assert.assertEquals(Assert.java:118)\n\tat org.testng.Assert.assertEquals(Assert.java:575)\n\tat microservices.common.steps.BaseSteps.then_verifyErrorResponse(BaseSteps.java:15)\n\tat tests.TokenTests.getATokenFail(TokenTests.java:114)\n\tat sun.reflect.NativeMethodAccessorImpl.invoke0(Native Method)\n\tat sun.reflect.NativeMethodAccessorImpl.invoke(NativeMethodAccessorImpl.java:62)\n\tat sun.reflect.DelegatingMethodAccessorImpl.invoke(DelegatingMethodAccessorImpl.java:43)\n\tat java.lang.reflect.Method.invoke(Method.java:498)\n\tat org.testng.internal.MethodInvocationHelper.invokeMethod(MethodInvocationHelper.java:134)\n\tat org.testng.internal.TestInvoker.invokeMethod(TestInvoker.java:597)\n\tat org.testng.internal.TestInvoker.invokeTestMethod(TestInvoker.java:173)\n\tat org.testng.internal.MethodRunner.runInSequence(MethodRunner.java:46)\n\tat org.testng.internal.TestInvoker$MethodInvocationAgent.invoke(TestInvoker.java:816)\n\tat org.testng.internal.TestInvoker.invokeTestMethods(TestInvoker.java:146)\n\tat org.testng.internal.TestMethodWorker.invokeTestMethods(TestMethodWorker.java:146)\n\tat org.testng.internal.TestMethodWorker.run(TestMethodWorker.java:128)\n\tat java.util.concurrent.ThreadPoolExecutor.runWorker(ThreadPoolExecutor.java:1149)\n\tat java.util.concurrent.ThreadPoolExecutor$Worker.run(ThreadPoolExecutor.java:624)\n\tat java.lang.Thread.run(Thread.java:750)\n","steps":[],"attachments":[],"parameters":[{"name":"statusCode","value":"400"},{"name":"message","value":"Token not found"},{"name":"errorCode","value":"BC_404-TOKEN_NOT_FOUND"}],"attachmentsCount":0,"shouldDisplayMessage":true,"hasContent":true,"stepsCount":0}],"attachments":[],"parameters":[],"attachmentsCount":0,"shouldDisplayMessage":false,"hasContent":true,"stepsCount":2},"afterStages":[{"name":"tearDown","time":{"start":1684470026661,"stop":1684470026661,"duration":0},"description":"","status":"passed","steps":[],"attachments":[],"parameters":[],"attachmentsCount":0,"shouldDisplayMessage":false,"hasContent":false,"stepsCount":0}],"labels":[{"name":"package","value":"tests.TokenTests"},{"name":"testClass","value":"tests.TokenTests"},{"name":"testMethod","value":"getATokenFail"},{"name":"parentSuite","value":"Setel Regression Suite"},{"name":"suite","value":"Setel Admin test on chrome"},{"name":"subSuite","value":"tests.TokenTests"},{"name":"host","value":"fv-az579-345"},{"name":"thread","value":"2514@fv-az579-345.TestNG-test=Setel Admin test on chrome-3(14)"},{"name":"framework","value":"testng"},{"name":"language","value":"java"},{"name":"resultFormat","value":"allure2"}],"parameters":[{"name":"arg0","value":"@#$%=&"}],"links":[],"hidden":false,"retry":false,"extra":{"severity":"normal","retries":[],"categories":[{"name":"Product defects","matchedStatuses":[],"flaky":false}],"history":{"statistic":{"failed":2,"broken":0,"skipped":0,"passed":0,"unknown":0,"total":2},"items":[{"uid":"90e6ea2da42bb37","reportUrl":"https://Sotatek-DavidNguyen4.github.io/cardano-api-tests/68//#testresult/90e6ea2da42bb37","status":"failed","statusDetails":"Incorrect error message expected [Token not found] but found [null]","time":{"start":1684469982416,"stop":1684469984442,"duration":2026}}]},"tags":[]},"source":"33f109fd551885e8.json","parameterValues":["@#$%=&"]}