{"uid":"f2b7d48e8433ff8c","name":"verify that get a token with tokenId invalid | fail","fullName":"tests.tokens.Token.getATokenFail","historyId":"d159f7624101fc7342a8bdd469c13d5b","time":{"start":1685211702896,"stop":1685211704634,"duration":1738},"status":"failed","statusMessage":"Incorrect error message expected [Token not found] but found [null]","statusTrace":"java.lang.AssertionError: Incorrect error message expected [Token not found] but found [null]\n\tat org.testng.Assert.fail(Assert.java:97)\n\tat org.testng.Assert.failNotEquals(Assert.java:969)\n\tat org.testng.Assert.assertEqualsImpl(Assert.java:131)\n\tat org.testng.Assert.assertEquals(Assert.java:118)\n\tat org.testng.Assert.assertEquals(Assert.java:575)\n\tat microservices.common.steps.BaseSteps.then_verifyErrorResponse(BaseSteps.java:13)\n\tat tests.tokens.Token.getATokenFail(Token.java:22)\n\tat sun.reflect.NativeMethodAccessorImpl.invoke0(Native Method)\n\tat sun.reflect.NativeMethodAccessorImpl.invoke(NativeMethodAccessorImpl.java:62)\n\tat sun.reflect.DelegatingMethodAccessorImpl.invoke(DelegatingMethodAccessorImpl.java:43)\n\tat java.lang.reflect.Method.invoke(Method.java:498)\n\tat org.testng.internal.MethodInvocationHelper.invokeMethod(MethodInvocationHelper.java:134)\n\tat org.testng.internal.TestInvoker.invokeMethod(TestInvoker.java:597)\n\tat org.testng.internal.TestInvoker.invokeTestMethod(TestInvoker.java:173)\n\tat org.testng.internal.MethodRunner.runInSequence(MethodRunner.java:46)\n\tat org.testng.internal.TestInvoker$MethodInvocationAgent.invoke(TestInvoker.java:816)\n\tat org.testng.internal.TestInvoker.invokeTestMethods(TestInvoker.java:146)\n\tat org.testng.internal.TestMethodWorker.invokeTestMethods(TestMethodWorker.java:146)\n\tat org.testng.internal.TestMethodWorker.run(TestMethodWorker.java:128)\n\tat java.util.concurrent.ThreadPoolExecutor.runWorker(ThreadPoolExecutor.java:1149)\n\tat java.util.concurrent.ThreadPoolExecutor$Worker.run(ThreadPoolExecutor.java:624)\n\tat java.lang.Thread.run(Thread.java:750)\n","flaky":false,"newFailed":false,"newBroken":false,"newPassed":false,"retriesCount":0,"retriesStatusChange":false,"beforeStages":[{"name":"preconditions","time":{"start":1685211654686,"stop":1685211655405,"duration":719},"description":"","status":"passed","steps":[],"attachments":[],"parameters":[],"stepsCount":0,"attachmentsCount":0,"shouldDisplayMessage":false,"hasContent":false},{"name":"setUp","time":{"start":1685211702895,"stop":1685211702896,"duration":1},"description":"","status":"passed","steps":[],"attachments":[],"parameters":[],"stepsCount":0,"attachmentsCount":0,"shouldDisplayMessage":false,"hasContent":false}],"testStage":{"status":"failed","statusMessage":"Incorrect error message expected [Token not found] but found [null]","statusTrace":"java.lang.AssertionError: Incorrect error message expected [Token not found] but found [null]\n\tat org.testng.Assert.fail(Assert.java:97)\n\tat org.testng.Assert.failNotEquals(Assert.java:969)\n\tat org.testng.Assert.assertEqualsImpl(Assert.java:131)\n\tat org.testng.Assert.assertEquals(Assert.java:118)\n\tat org.testng.Assert.assertEquals(Assert.java:575)\n\tat microservices.common.steps.BaseSteps.then_verifyErrorResponse(BaseSteps.java:13)\n\tat tests.tokens.Token.getATokenFail(Token.java:22)\n\tat sun.reflect.NativeMethodAccessorImpl.invoke0(Native Method)\n\tat sun.reflect.NativeMethodAccessorImpl.invoke(NativeMethodAccessorImpl.java:62)\n\tat sun.reflect.DelegatingMethodAccessorImpl.invoke(DelegatingMethodAccessorImpl.java:43)\n\tat java.lang.reflect.Method.invoke(Method.java:498)\n\tat org.testng.internal.MethodInvocationHelper.invokeMethod(MethodInvocationHelper.java:134)\n\tat org.testng.internal.TestInvoker.invokeMethod(TestInvoker.java:597)\n\tat org.testng.internal.TestInvoker.invokeTestMethod(TestInvoker.java:173)\n\tat org.testng.internal.MethodRunner.runInSequence(MethodRunner.java:46)\n\tat org.testng.internal.TestInvoker$MethodInvocationAgent.invoke(TestInvoker.java:816)\n\tat org.testng.internal.TestInvoker.invokeTestMethods(TestInvoker.java:146)\n\tat org.testng.internal.TestMethodWorker.invokeTestMethods(TestMethodWorker.java:146)\n\tat org.testng.internal.TestMethodWorker.run(TestMethodWorker.java:128)\n\tat java.util.concurrent.ThreadPoolExecutor.runWorker(ThreadPoolExecutor.java:1149)\n\tat java.util.concurrent.ThreadPoolExecutor$Worker.run(ThreadPoolExecutor.java:624)\n\tat java.lang.Thread.run(Thread.java:750)\n","steps":[{"name":"get a token","time":{"start":1685211702897,"stop":1685211704632,"duration":1735},"status":"passed","steps":[],"attachments":[],"parameters":[{"name":"tokenId","value":"@#$%=&"}],"stepsCount":0,"attachmentsCount":0,"shouldDisplayMessage":false,"hasContent":true},{"name":"Verify error response","time":{"start":1685211704632,"stop":1685211704634,"duration":2},"status":"failed","statusMessage":"Incorrect error message expected [Token not found] but found [null]","statusTrace":"java.lang.AssertionError: Incorrect error message expected [Token not found] but found [null]\n\tat org.testng.Assert.fail(Assert.java:97)\n\tat org.testng.Assert.failNotEquals(Assert.java:969)\n\tat org.testng.Assert.assertEqualsImpl(Assert.java:131)\n\tat org.testng.Assert.assertEquals(Assert.java:118)\n\tat org.testng.Assert.assertEquals(Assert.java:575)\n\tat microservices.common.steps.BaseSteps.then_verifyErrorResponse(BaseSteps.java:13)\n\tat tests.tokens.Token.getATokenFail(Token.java:22)\n\tat sun.reflect.NativeMethodAccessorImpl.invoke0(Native Method)\n\tat sun.reflect.NativeMethodAccessorImpl.invoke(NativeMethodAccessorImpl.java:62)\n\tat sun.reflect.DelegatingMethodAccessorImpl.invoke(DelegatingMethodAccessorImpl.java:43)\n\tat java.lang.reflect.Method.invoke(Method.java:498)\n\tat org.testng.internal.MethodInvocationHelper.invokeMethod(MethodInvocationHelper.java:134)\n\tat org.testng.internal.TestInvoker.invokeMethod(TestInvoker.java:597)\n\tat org.testng.internal.TestInvoker.invokeTestMethod(TestInvoker.java:173)\n\tat org.testng.internal.MethodRunner.runInSequence(MethodRunner.java:46)\n\tat org.testng.internal.TestInvoker$MethodInvocationAgent.invoke(TestInvoker.java:816)\n\tat org.testng.internal.TestInvoker.invokeTestMethods(TestInvoker.java:146)\n\tat org.testng.internal.TestMethodWorker.invokeTestMethods(TestMethodWorker.java:146)\n\tat org.testng.internal.TestMethodWorker.run(TestMethodWorker.java:128)\n\tat java.util.concurrent.ThreadPoolExecutor.runWorker(ThreadPoolExecutor.java:1149)\n\tat java.util.concurrent.ThreadPoolExecutor$Worker.run(ThreadPoolExecutor.java:624)\n\tat java.lang.Thread.run(Thread.java:750)\n","steps":[],"attachments":[],"parameters":[{"name":"statusCode","value":"400"},{"name":"message","value":"Token not found"},{"name":"errorCode","value":"BC_404-TOKEN_NOT_FOUND"}],"stepsCount":0,"attachmentsCount":0,"shouldDisplayMessage":true,"hasContent":true}],"attachments":[],"parameters":[],"stepsCount":2,"attachmentsCount":0,"shouldDisplayMessage":false,"hasContent":true},"afterStages":[{"name":"tearDown","time":{"start":1685211704635,"stop":1685211704635,"duration":0},"description":"","status":"passed","steps":[],"attachments":[],"parameters":[],"stepsCount":0,"attachmentsCount":0,"shouldDisplayMessage":false,"hasContent":false},{"name":"postconditions","time":{"start":1685211841729,"stop":1685211841729,"duration":0},"description":"","status":"passed","steps":[],"attachments":[],"parameters":[],"stepsCount":0,"attachmentsCount":0,"shouldDisplayMessage":false,"hasContent":false}],"labels":[{"name":"package","value":"tests.tokens.Token"},{"name":"testClass","value":"tests.tokens.Token"},{"name":"testMethod","value":"getATokenFail"},{"name":"parentSuite","value":"Setel Regression Suite"},{"name":"suite","value":"Setel Admin test on chrome"},{"name":"subSuite","value":"tests.tokens.Token"},{"name":"host","value":"fv-az395-180"},{"name":"thread","value":"2392@fv-az395-180.TestNG-test=Setel Admin test on chrome-3(14)"},{"name":"framework","value":"testng"},{"name":"language","value":"java"},{"name":"resultFormat","value":"allure2"}],"parameters":[{"name":"arg0","value":"@#$%=&"},{"name":"env","value":"preprod"}],"links":[],"hidden":false,"retry":false,"extra":{"severity":"normal","retries":[],"categories":[{"name":"Product defects","matchedStatuses":[],"flaky":false}],"history":{"statistic":{"failed":3,"broken":0,"skipped":0,"passed":0,"unknown":0,"total":3},"items":[{"uid":"4cba0f619b4405a8","reportUrl":"https://Sotatek-DavidNguyen4.github.io/cardano-api-tests/158//#testresult/4cba0f619b4405a8","status":"failed","statusDetails":"Incorrect error message expected [Token not found] but found [null]","time":{"start":1685125347166,"stop":1685125349313,"duration":2147}},{"uid":"bb89d027b2f13a27","reportUrl":"https://Sotatek-DavidNguyen4.github.io/cardano-api-tests/157//#testresult/bb89d027b2f13a27","status":"failed","statusDetails":"Incorrect error message expected [Token not found] but found [null]","time":{"start":1685075851547,"stop":1685075853195,"duration":1648}}]},"tags":[]},"source":"f2b7d48e8433ff8c.json","parameterValues":["@#$%=&","preprod"]}